{
  "stats": {
    "suites": 12,
    "tests": 328,
    "passes": 328,
    "pending": 0,
    "failures": 0,
    "start": "2021-07-07T16:20:13.617Z",
    "end": "2021-07-07T16:30:22.219Z",
    "duration": 371655,
    "testsRegistered": 328,
    "passPercent": 100,
    "pendingPercent": 0,
    "other": 0,
    "hasOther": false,
    "skipped": 0,
    "hasSkipped": false
  },
  "results": [
    {
      "uuid": "b3bda1f5-e67e-4b5e-9f24-28233215a89a",
      "title": "",
      "fullFile": "cypress/integration/Test_Long-Term_Surface_Parking.spec.js",
      "file": "cypress/integration/Test_Long-Term_Surface_Parking.spec.js",
      "beforeHooks": [],
      "afterHooks": [],
      "tests": [],
      "suites": [
        {
          "uuid": "d8f54f15-4753-45f4-9020-97dee88d477d",
          "title": "Testing  the Long-Term Surface Parking (North Lot) Parking cost should be $2.00 per hour",
          "fullFile": "",
          "file": "",
          "beforeHooks": [],
          "afterHooks": [],
          "tests": [
            {
              "title": "Open Application",
              "fullTitle": "Testing  the Long-Term Surface Parking (North Lot) Parking cost should be $2.00 per hour Open Application",
              "timedOut": null,
              "duration": 1370,
              "state": "passed",
              "speed": "slow",
              "pass": true,
              "fail": false,
              "pending": false,
              "context": null,
              "code": "cy.openMainPage();",
              "err": {},
              "uuid": "ed2e18bc-0e96-4a6d-ada7-a77780944694",
              "parentUUID": "d8f54f15-4753-45f4-9020-97dee88d477d",
              "isHook": false,
              "skipped": false
            },
            {
              "title": "Parking Lot Test",
              "fullTitle": "Testing  the Long-Term Surface Parking (North Lot) Parking cost should be $2.00 per hour Parking Lot Test",
              "timedOut": null,
              "duration": 1171,
              "state": "passed",
              "speed": "slow",
              "pass": true,
              "fail": false,
              "pending": false,
              "context": null,
              "code": "_Parking_Lot_Picker.onParkingLotPicker.pickLot(\"Long-Term Surface Parking\", \"Long-Term Surface Parking\");",
              "err": {},
              "uuid": "b52263b3-d887-44e8-bf64-320f6b544d16",
              "parentUUID": "d8f54f15-4753-45f4-9020-97dee88d477d",
              "isHook": false,
              "skipped": false
            },
            {
              "title": "Entry Date Test",
              "fullTitle": "Testing  the Long-Term Surface Parking (North Lot) Parking cost should be $2.00 per hour Entry Date Test",
              "timedOut": null,
              "duration": 1359,
              "state": "passed",
              "speed": "slow",
              "pass": true,
              "fail": false,
              "pending": false,
              "context": null,
              "code": "_Entry_Date.onEntry_Date.pickDate(\"7/29/2021\");",
              "err": {},
              "uuid": "b9bbd8c3-ef2f-4ac2-87bc-da0d24d55320",
              "parentUUID": "d8f54f15-4753-45f4-9020-97dee88d477d",
              "isHook": false,
              "skipped": false
            },
            {
              "title": "Starting Time Test",
              "fullTitle": "Testing  the Long-Term Surface Parking (North Lot) Parking cost should be $2.00 per hour Starting Time Test",
              "timedOut": null,
              "duration": 1300,
              "state": "passed",
              "speed": "slow",
              "pass": true,
              "fail": false,
              "pending": false,
              "context": null,
              "code": "_Entry_Time.OnEntry_Time.pickTime(\"12:00\");",
              "err": {},
              "uuid": "86bc70a6-2add-42e6-bbd3-24ae82f8bba0",
              "parentUUID": "d8f54f15-4753-45f4-9020-97dee88d477d",
              "isHook": false,
              "skipped": false
            },
            {
              "title": "Radio_Button-Test",
              "fullTitle": "Testing  the Long-Term Surface Parking (North Lot) Parking cost should be $2.00 per hour Radio_Button-Test",
              "timedOut": null,
              "duration": 1088,
              "state": "passed",
              "speed": "slow",
              "pass": true,
              "fail": false,
              "pending": false,
              "context": null,
              "code": "_Entry_RB_AMPM.onEntry_RB_AMPM.pickPeriod(\"PM\");",
              "err": {},
              "uuid": "fcfaf462-da9d-4c56-b5fa-adcd57fcace0",
              "parentUUID": "d8f54f15-4753-45f4-9020-97dee88d477d",
              "isHook": false,
              "skipped": false
            },
            {
              "title": "Leaving Date Test",
              "fullTitle": "Testing  the Long-Term Surface Parking (North Lot) Parking cost should be $2.00 per hour Leaving Date Test",
              "timedOut": null,
              "duration": 1352,
              "state": "passed",
              "speed": "slow",
              "pass": true,
              "fail": false,
              "pending": false,
              "context": null,
              "code": "_Leaving_Date.OnLeaving_Date.leaveDate(\"7/29/2021\");",
              "err": {},
              "uuid": "d7e1f4d4-3954-4411-8c22-883020b59fef",
              "parentUUID": "d8f54f15-4753-45f4-9020-97dee88d477d",
              "isHook": false,
              "skipped": false
            },
            {
              "title": "Leaving Time Test",
              "fullTitle": "Testing  the Long-Term Surface Parking (North Lot) Parking cost should be $2.00 per hour Leaving Time Test",
              "timedOut": null,
              "duration": 1283,
              "state": "passed",
              "speed": "slow",
              "pass": true,
              "fail": false,
              "pending": false,
              "context": null,
              "code": "_Leaving_Time.OnLeaving_Time.leaveTime(\"3:00\");",
              "err": {},
              "uuid": "b594e332-da55-4c64-a3c0-f22daaef144c",
              "parentUUID": "d8f54f15-4753-45f4-9020-97dee88d477d",
              "isHook": false,
              "skipped": false
            },
            {
              "title": "Leaving Time AM or PM Test",
              "fullTitle": "Testing  the Long-Term Surface Parking (North Lot) Parking cost should be $2.00 per hour Leaving Time AM or PM Test",
              "timedOut": null,
              "duration": 1073,
              "state": "passed",
              "speed": "slow",
              "pass": true,
              "fail": false,
              "pending": false,
              "context": null,
              "code": "_Leaving_RB_AMPM.onLeaving_RB_AMPM.pickPeriod(\"PM\");",
              "err": {},
              "uuid": "aca6909b-2875-4887-8a53-9530f494fe3e",
              "parentUUID": "d8f54f15-4753-45f4-9020-97dee88d477d",
              "isHook": false,
              "skipped": false
            },
            {
              "title": "Format Submit Test",
              "fullTitle": "Testing  the Long-Term Surface Parking (North Lot) Parking cost should be $2.00 per hour Format Submit Test",
              "timedOut": null,
              "duration": 726,
              "state": "passed",
              "speed": "slow",
              "pass": true,
              "fail": false,
              "pending": false,
              "context": null,
              "code": "_Submit_Form.onSubmit_Form.Submit();",
              "err": {},
              "uuid": "0dad49c7-a602-4044-8d3d-70afa14f7c4a",
              "parentUUID": "d8f54f15-4753-45f4-9020-97dee88d477d",
              "isHook": false,
              "skipped": false
            },
            {
              "title": "Check Correct Price Test",
              "fullTitle": "Testing  the Long-Term Surface Parking (North Lot) Parking cost should be $2.00 per hour Check Correct Price Test",
              "timedOut": null,
              "duration": 1019,
              "state": "passed",
              "speed": "slow",
              "pass": true,
              "fail": false,
              "pending": false,
              "context": null,
              "code": "_Check_Price.onCheck_Price.ShouldBe(\"$ 6.00\");",
              "err": {},
              "uuid": "c6a91166-c8ab-4179-b845-3823459ce1eb",
              "parentUUID": "d8f54f15-4753-45f4-9020-97dee88d477d",
              "isHook": false,
              "skipped": false
            },
            {
              "title": "Check Correct Date Test",
              "fullTitle": "Testing  the Long-Term Surface Parking (North Lot) Parking cost should be $2.00 per hour Check Correct Date Test",
              "timedOut": null,
              "duration": 1023,
              "state": "passed",
              "speed": "slow",
              "pass": true,
              "fail": false,
              "pending": false,
              "context": null,
              "code": "_Check_Date.onCheck_Date.CheckDate(\"(0 Days, 3 Hours, 0 Minutes)\");",
              "err": {},
              "uuid": "12a5440b-adff-4bc3-879f-4ec1179155ce",
              "parentUUID": "d8f54f15-4753-45f4-9020-97dee88d477d",
              "isHook": false,
              "skipped": false
            }
          ],
          "suites": [],
          "passes": [
            "ed2e18bc-0e96-4a6d-ada7-a77780944694",
            "b52263b3-d887-44e8-bf64-320f6b544d16",
            "b9bbd8c3-ef2f-4ac2-87bc-da0d24d55320",
            "86bc70a6-2add-42e6-bbd3-24ae82f8bba0",
            "fcfaf462-da9d-4c56-b5fa-adcd57fcace0",
            "d7e1f4d4-3954-4411-8c22-883020b59fef",
            "b594e332-da55-4c64-a3c0-f22daaef144c",
            "aca6909b-2875-4887-8a53-9530f494fe3e",
            "0dad49c7-a602-4044-8d3d-70afa14f7c4a",
            "c6a91166-c8ab-4179-b845-3823459ce1eb",
            "12a5440b-adff-4bc3-879f-4ec1179155ce"
          ],
          "failures": [],
          "pending": [],
          "skipped": [],
          "duration": 12764,
          "root": false,
          "rootEmpty": false,
          "_timeout": 2000
        },
        {
          "uuid": "dcb7d456-d430-4035-99c9-3ad4006bb5b9",
          "title": "Testing  the Long-Term Surface Parking (North Lot)  cost should be $10.00 daily maximum",
          "fullFile": "",
          "file": "",
          "beforeHooks": [],
          "afterHooks": [],
          "tests": [
            {
              "title": "Open Application",
              "fullTitle": "Testing  the Long-Term Surface Parking (North Lot)  cost should be $10.00 daily maximum Open Application",
              "timedOut": null,
              "duration": 868,
              "state": "passed",
              "speed": "slow",
              "pass": true,
              "fail": false,
              "pending": false,
              "context": null,
              "code": "cy.openMainPage();",
              "err": {},
              "uuid": "9fbcc922-3f4a-4515-aa62-6ca1c3c941ca",
              "parentUUID": "dcb7d456-d430-4035-99c9-3ad4006bb5b9",
              "isHook": false,
              "skipped": false
            },
            {
              "title": "Parking Lot Test",
              "fullTitle": "Testing  the Long-Term Surface Parking (North Lot)  cost should be $10.00 daily maximum Parking Lot Test",
              "timedOut": null,
              "duration": 1153,
              "state": "passed",
              "speed": "slow",
              "pass": true,
              "fail": false,
              "pending": false,
              "context": null,
              "code": "_Parking_Lot_Picker.onParkingLotPicker.pickLot(\"Long-Term Surface Parking\", \"Long-Term Surface Parking\");",
              "err": {},
              "uuid": "e5b8b6ed-fe94-4935-aba7-bf9eb807990b",
              "parentUUID": "dcb7d456-d430-4035-99c9-3ad4006bb5b9",
              "isHook": false,
              "skipped": false
            },
            {
              "title": "Entry Date Test",
              "fullTitle": "Testing  the Long-Term Surface Parking (North Lot)  cost should be $10.00 daily maximum Entry Date Test",
              "timedOut": null,
              "duration": 1345,
              "state": "passed",
              "speed": "slow",
              "pass": true,
              "fail": false,
              "pending": false,
              "context": null,
              "code": "_Entry_Date.onEntry_Date.pickDate(\"7/29/2021\");",
              "err": {},
              "uuid": "473f6499-5dfb-4b78-9c1c-4a28313eb63a",
              "parentUUID": "dcb7d456-d430-4035-99c9-3ad4006bb5b9",
              "isHook": false,
              "skipped": false
            },
            {
              "title": "Starting Time Test",
              "fullTitle": "Testing  the Long-Term Surface Parking (North Lot)  cost should be $10.00 daily maximum Starting Time Test",
              "timedOut": null,
              "duration": 1296,
              "state": "passed",
              "speed": "slow",
              "pass": true,
              "fail": false,
              "pending": false,
              "context": null,
              "code": "_Entry_Time.OnEntry_Time.pickTime(\"12:00\");",
              "err": {},
              "uuid": "0c589f72-52a1-4524-a4ec-9b6d12515c9d",
              "parentUUID": "dcb7d456-d430-4035-99c9-3ad4006bb5b9",
              "isHook": false,
              "skipped": false
            },
            {
              "title": "Radio_Button-Test",
              "fullTitle": "Testing  the Long-Term Surface Parking (North Lot)  cost should be $10.00 daily maximum Radio_Button-Test",
              "timedOut": null,
              "duration": 1023,
              "state": "passed",
              "speed": "slow",
              "pass": true,
              "fail": false,
              "pending": false,
              "context": null,
              "code": "_Entry_RB_AMPM.onEntry_RB_AMPM.pickPeriod(\"AM\");",
              "err": {},
              "uuid": "5dcce1ec-ffa3-4d9c-8ef7-672996fbeef3",
              "parentUUID": "dcb7d456-d430-4035-99c9-3ad4006bb5b9",
              "isHook": false,
              "skipped": false
            },
            {
              "title": "Leaving Date Test",
              "fullTitle": "Testing  the Long-Term Surface Parking (North Lot)  cost should be $10.00 daily maximum Leaving Date Test",
              "timedOut": null,
              "duration": 1344,
              "state": "passed",
              "speed": "slow",
              "pass": true,
              "fail": false,
              "pending": false,
              "context": null,
              "code": "_Leaving_Date.OnLeaving_Date.leaveDate(\"7/29/2021\");",
              "err": {},
              "uuid": "2893306a-dfd3-452d-a1c6-10256447ac97",
              "parentUUID": "dcb7d456-d430-4035-99c9-3ad4006bb5b9",
              "isHook": false,
              "skipped": false
            },
            {
              "title": "Leaving Time Test",
              "fullTitle": "Testing  the Long-Term Surface Parking (North Lot)  cost should be $10.00 daily maximum Leaving Time Test",
              "timedOut": null,
              "duration": 1293,
              "state": "passed",
              "speed": "slow",
              "pass": true,
              "fail": false,
              "pending": false,
              "context": null,
              "code": "_Leaving_Time.OnLeaving_Time.leaveTime(\"12:00\");",
              "err": {},
              "uuid": "f925d1f2-2cae-4dfd-a044-ea03061d511b",
              "parentUUID": "dcb7d456-d430-4035-99c9-3ad4006bb5b9",
              "isHook": false,
              "skipped": false
            },
            {
              "title": "Leaving Time AM or PM Test",
              "fullTitle": "Testing  the Long-Term Surface Parking (North Lot)  cost should be $10.00 daily maximum Leaving Time AM or PM Test",
              "timedOut": null,
              "duration": 1077,
              "state": "passed",
              "speed": "slow",
              "pass": true,
              "fail": false,
              "pending": false,
              "context": null,
              "code": "_Leaving_RB_AMPM.onLeaving_RB_AMPM.pickPeriod(\"PM\");",
              "err": {},
              "uuid": "3b8cec26-b8ab-4755-b6c9-2d78d052bdef",
              "parentUUID": "dcb7d456-d430-4035-99c9-3ad4006bb5b9",
              "isHook": false,
              "skipped": false
            },
            {
              "title": "Format Submit Test",
              "fullTitle": "Testing  the Long-Term Surface Parking (North Lot)  cost should be $10.00 daily maximum Format Submit Test",
              "timedOut": null,
              "duration": 848,
              "state": "passed",
              "speed": "slow",
              "pass": true,
              "fail": false,
              "pending": false,
              "context": null,
              "code": "_Submit_Form.onSubmit_Form.Submit();",
              "err": {},
              "uuid": "b4aac5df-9f18-49d4-826e-d0871e634fcb",
              "parentUUID": "dcb7d456-d430-4035-99c9-3ad4006bb5b9",
              "isHook": false,
              "skipped": false
            },
            {
              "title": "Check Correct Price Test",
              "fullTitle": "Testing  the Long-Term Surface Parking (North Lot)  cost should be $10.00 daily maximum Check Correct Price Test",
              "timedOut": null,
              "duration": 1019,
              "state": "passed",
              "speed": "slow",
              "pass": true,
              "fail": false,
              "pending": false,
              "context": null,
              "code": "_Check_Price.onCheck_Price.ShouldBe(\"$ 10.00\");",
              "err": {},
              "uuid": "71e9637f-8270-4daf-830a-88dad874e892",
              "parentUUID": "dcb7d456-d430-4035-99c9-3ad4006bb5b9",
              "isHook": false,
              "skipped": false
            },
            {
              "title": "Check Correct Date Test",
              "fullTitle": "Testing  the Long-Term Surface Parking (North Lot)  cost should be $10.00 daily maximum Check Correct Date Test",
              "timedOut": null,
              "duration": 1022,
              "state": "passed",
              "speed": "slow",
              "pass": true,
              "fail": false,
              "pending": false,
              "context": null,
              "code": "_Check_Date.onCheck_Date.CheckDate(\"(0 Days, 12 Hours, 0 Minutes)\");",
              "err": {},
              "uuid": "fc60c970-bd1a-41ed-89a9-a750bc31a26d",
              "parentUUID": "dcb7d456-d430-4035-99c9-3ad4006bb5b9",
              "isHook": false,
              "skipped": false
            }
          ],
          "suites": [],
          "passes": [
            "9fbcc922-3f4a-4515-aa62-6ca1c3c941ca",
            "e5b8b6ed-fe94-4935-aba7-bf9eb807990b",
            "473f6499-5dfb-4b78-9c1c-4a28313eb63a",
            "0c589f72-52a1-4524-a4ec-9b6d12515c9d",
            "5dcce1ec-ffa3-4d9c-8ef7-672996fbeef3",
            "2893306a-dfd3-452d-a1c6-10256447ac97",
            "f925d1f2-2cae-4dfd-a044-ea03061d511b",
            "3b8cec26-b8ab-4755-b6c9-2d78d052bdef",
            "b4aac5df-9f18-49d4-826e-d0871e634fcb",
            "71e9637f-8270-4daf-830a-88dad874e892",
            "fc60c970-bd1a-41ed-89a9-a750bc31a26d"
          ],
          "failures": [],
          "pending": [],
          "skipped": [],
          "duration": 12288,
          "root": false,
          "rootEmpty": false,
          "_timeout": 2000
        },
        {
          "uuid": "d3e0ab1e-0029-4bb3-8a4b-1ff0c2b11df0",
          "title": "Testing  the Long-Term Surface Parking (North Lot)  Parking cost should be $60.00 per week (7th day free)",
          "fullFile": "",
          "file": "",
          "beforeHooks": [],
          "afterHooks": [],
          "tests": [
            {
              "title": "Open Application",
              "fullTitle": "Testing  the Long-Term Surface Parking (North Lot)  Parking cost should be $60.00 per week (7th day free) Open Application",
              "timedOut": null,
              "duration": 916,
              "state": "passed",
              "speed": "slow",
              "pass": true,
              "fail": false,
              "pending": false,
              "context": null,
              "code": "cy.openMainPage();",
              "err": {},
              "uuid": "736ff444-018a-40bf-8c7c-1da7857e2ae7",
              "parentUUID": "d3e0ab1e-0029-4bb3-8a4b-1ff0c2b11df0",
              "isHook": false,
              "skipped": false
            },
            {
              "title": "Parking Lot Test",
              "fullTitle": "Testing  the Long-Term Surface Parking (North Lot)  Parking cost should be $60.00 per week (7th day free) Parking Lot Test",
              "timedOut": null,
              "duration": 1153,
              "state": "passed",
              "speed": "slow",
              "pass": true,
              "fail": false,
              "pending": false,
              "context": null,
              "code": "_Parking_Lot_Picker.onParkingLotPicker.pickLot(\"Long-Term Surface Parking\", \"Long-Term Surface Parking\");",
              "err": {},
              "uuid": "a0462390-41aa-4ddf-a029-aa74d9283e6a",
              "parentUUID": "d3e0ab1e-0029-4bb3-8a4b-1ff0c2b11df0",
              "isHook": false,
              "skipped": false
            },
            {
              "title": "Entry Date Test",
              "fullTitle": "Testing  the Long-Term Surface Parking (North Lot)  Parking cost should be $60.00 per week (7th day free) Entry Date Test",
              "timedOut": null,
              "duration": 1326,
              "state": "passed",
              "speed": "slow",
              "pass": true,
              "fail": false,
              "pending": false,
              "context": null,
              "code": "_Entry_Date.onEntry_Date.pickDate(\"7/5/2021\");",
              "err": {},
              "uuid": "195f8b89-e7df-4397-87ed-87c92151bf2c",
              "parentUUID": "d3e0ab1e-0029-4bb3-8a4b-1ff0c2b11df0",
              "isHook": false,
              "skipped": false
            },
            {
              "title": "Starting Time Test",
              "fullTitle": "Testing  the Long-Term Surface Parking (North Lot)  Parking cost should be $60.00 per week (7th day free) Starting Time Test",
              "timedOut": null,
              "duration": 1299,
              "state": "passed",
              "speed": "slow",
              "pass": true,
              "fail": false,
              "pending": false,
              "context": null,
              "code": "_Entry_Time.OnEntry_Time.pickTime(\"12:00\");",
              "err": {},
              "uuid": "e6347ea0-13ea-4991-b146-3604fcfe9af4",
              "parentUUID": "d3e0ab1e-0029-4bb3-8a4b-1ff0c2b11df0",
              "isHook": false,
              "skipped": false
            },
            {
              "title": "Radio_Button-Test",
              "fullTitle": "Testing  the Long-Term Surface Parking (North Lot)  Parking cost should be $60.00 per week (7th day free) Radio_Button-Test",
              "timedOut": null,
              "duration": 1020,
              "state": "passed",
              "speed": "slow",
              "pass": true,
              "fail": false,
              "pending": false,
              "context": null,
              "code": "_Entry_RB_AMPM.onEntry_RB_AMPM.pickPeriod(\"AM\");",
              "err": {},
              "uuid": "760f26b9-6366-4d64-b5b2-6f859e38849d",
              "parentUUID": "d3e0ab1e-0029-4bb3-8a4b-1ff0c2b11df0",
              "isHook": false,
              "skipped": false
            },
            {
              "title": "Leaving Date Test",
              "fullTitle": "Testing  the Long-Term Surface Parking (North Lot)  Parking cost should be $60.00 per week (7th day free) Leaving Date Test",
              "timedOut": null,
              "duration": 1336,
              "state": "passed",
              "speed": "slow",
              "pass": true,
              "fail": false,
              "pending": false,
              "context": null,
              "code": "_Leaving_Date.OnLeaving_Date.leaveDate(\"7/12/2021\");",
              "err": {},
              "uuid": "ee7d5644-1051-40ae-9f90-e02404a5b15e",
              "parentUUID": "d3e0ab1e-0029-4bb3-8a4b-1ff0c2b11df0",
              "isHook": false,
              "skipped": false
            },
            {
              "title": "Leaving Time Test",
              "fullTitle": "Testing  the Long-Term Surface Parking (North Lot)  Parking cost should be $60.00 per week (7th day free) Leaving Time Test",
              "timedOut": null,
              "duration": 1282,
              "state": "passed",
              "speed": "slow",
              "pass": true,
              "fail": false,
              "pending": false,
              "context": null,
              "code": "_Leaving_Time.OnLeaving_Time.leaveTime(\"12:00\");",
              "err": {},
              "uuid": "ab27b09d-1357-4151-a7aa-47d2cb31f42a",
              "parentUUID": "d3e0ab1e-0029-4bb3-8a4b-1ff0c2b11df0",
              "isHook": false,
              "skipped": false
            },
            {
              "title": "Leaving Time AM or PM Test",
              "fullTitle": "Testing  the Long-Term Surface Parking (North Lot)  Parking cost should be $60.00 per week (7th day free) Leaving Time AM or PM Test",
              "timedOut": null,
              "duration": 1020,
              "state": "passed",
              "speed": "slow",
              "pass": true,
              "fail": false,
              "pending": false,
              "context": null,
              "code": "_Leaving_RB_AMPM.onLeaving_RB_AMPM.pickPeriod(\"AM\");",
              "err": {},
              "uuid": "2267194f-7441-41e6-8baa-aecdaca39e2f",
              "parentUUID": "d3e0ab1e-0029-4bb3-8a4b-1ff0c2b11df0",
              "isHook": false,
              "skipped": false
            },
            {
              "title": "Format Submit Test",
              "fullTitle": "Testing  the Long-Term Surface Parking (North Lot)  Parking cost should be $60.00 per week (7th day free) Format Submit Test",
              "timedOut": null,
              "duration": 545,
              "state": "passed",
              "speed": "slow",
              "pass": true,
              "fail": false,
              "pending": false,
              "context": null,
              "code": "_Submit_Form.onSubmit_Form.Submit();",
              "err": {},
              "uuid": "ec33bc3b-13c2-4fbe-8fda-8e803f06a84c",
              "parentUUID": "d3e0ab1e-0029-4bb3-8a4b-1ff0c2b11df0",
              "isHook": false,
              "skipped": false
            },
            {
              "title": "Check Correct Price Test",
              "fullTitle": "Testing  the Long-Term Surface Parking (North Lot)  Parking cost should be $60.00 per week (7th day free) Check Correct Price Test",
              "timedOut": null,
              "duration": 1030,
              "state": "passed",
              "speed": "slow",
              "pass": true,
              "fail": false,
              "pending": false,
              "context": null,
              "code": "_Check_Price.onCheck_Price.ShouldBe(\"$ 60.00\");",
              "err": {},
              "uuid": "4c01301e-fa6a-4ad6-8173-5c9eaba95045",
              "parentUUID": "d3e0ab1e-0029-4bb3-8a4b-1ff0c2b11df0",
              "isHook": false,
              "skipped": false
            },
            {
              "title": "Check Correct Date Test",
              "fullTitle": "Testing  the Long-Term Surface Parking (North Lot)  Parking cost should be $60.00 per week (7th day free) Check Correct Date Test",
              "timedOut": null,
              "duration": 1021,
              "state": "passed",
              "speed": "slow",
              "pass": true,
              "fail": false,
              "pending": false,
              "context": null,
              "code": "_Check_Date.onCheck_Date.CheckDate(\"(7 Days, 0 Hours, 0 Minutes)\");",
              "err": {},
              "uuid": "a7bdcd66-ab71-4786-9741-7980ad2fc42f",
              "parentUUID": "d3e0ab1e-0029-4bb3-8a4b-1ff0c2b11df0",
              "isHook": false,
              "skipped": false
            }
          ],
          "suites": [],
          "passes": [
            "736ff444-018a-40bf-8c7c-1da7857e2ae7",
            "a0462390-41aa-4ddf-a029-aa74d9283e6a",
            "195f8b89-e7df-4397-87ed-87c92151bf2c",
            "e6347ea0-13ea-4991-b146-3604fcfe9af4",
            "760f26b9-6366-4d64-b5b2-6f859e38849d",
            "ee7d5644-1051-40ae-9f90-e02404a5b15e",
            "ab27b09d-1357-4151-a7aa-47d2cb31f42a",
            "2267194f-7441-41e6-8baa-aecdaca39e2f",
            "ec33bc3b-13c2-4fbe-8fda-8e803f06a84c",
            "4c01301e-fa6a-4ad6-8173-5c9eaba95045",
            "a7bdcd66-ab71-4786-9741-7980ad2fc42f"
          ],
          "failures": [],
          "pending": [],
          "skipped": [],
          "duration": 11948,
          "root": false,
          "rootEmpty": false,
          "_timeout": 2000
        }
      ],
      "passes": [],
      "failures": [],
      "pending": [],
      "skipped": [],
      "duration": 0,
      "root": true,
      "rootEmpty": true,
      "_timeout": 2000
    },
    {
      "uuid": "45fc734c-9070-4bcd-8b43-31f6c952cda5",
      "title": "",
      "fullFile": "cypress/integration/Test_Lont-Term_Garage_Parking.spec.js",
      "file": "cypress/integration/Test_Lont-Term_Garage_Parking.spec.js",
      "beforeHooks": [],
      "afterHooks": [],
      "tests": [],
      "suites": [
        {
          "uuid": "30aa5fb9-d9da-45f3-963a-0150cfbff2ab",
          "title": "Testing  the Long-Term Garage Parking cost should be $2.00 per hour",
          "fullFile": "",
          "file": "",
          "beforeHooks": [],
          "afterHooks": [],
          "tests": [
            {
              "title": "Open Application",
              "fullTitle": "Testing  the Long-Term Garage Parking cost should be $2.00 per hour Open Application",
              "timedOut": null,
              "duration": 1374,
              "state": "passed",
              "speed": "slow",
              "pass": true,
              "fail": false,
              "pending": false,
              "context": null,
              "code": "cy.openMainPage();",
              "err": {},
              "uuid": "8fc9b12f-69fa-4653-af1a-41ff2c964dfc",
              "parentUUID": "30aa5fb9-d9da-45f3-963a-0150cfbff2ab",
              "isHook": false,
              "skipped": false
            },
            {
              "title": "Parking Lot Test",
              "fullTitle": "Testing  the Long-Term Garage Parking cost should be $2.00 per hour Parking Lot Test",
              "timedOut": null,
              "duration": 1178,
              "state": "passed",
              "speed": "slow",
              "pass": true,
              "fail": false,
              "pending": false,
              "context": null,
              "code": "_Parking_Lot_Picker.onParkingLotPicker.pickLot(\"Long-Term Garage Parking\", \"Long-Term Garage Parking\");",
              "err": {},
              "uuid": "bd6efb68-18ae-4a26-b4cf-de183dc49f74",
              "parentUUID": "30aa5fb9-d9da-45f3-963a-0150cfbff2ab",
              "isHook": false,
              "skipped": false
            },
            {
              "title": "Entry Date Test",
              "fullTitle": "Testing  the Long-Term Garage Parking cost should be $2.00 per hour Entry Date Test",
              "timedOut": null,
              "duration": 1357,
              "state": "passed",
              "speed": "slow",
              "pass": true,
              "fail": false,
              "pending": false,
              "context": null,
              "code": "_Entry_Date.onEntry_Date.pickDate(\"7/29/2021\");",
              "err": {},
              "uuid": "a9aa99dd-5631-4392-8fc4-1a4262eb54eb",
              "parentUUID": "30aa5fb9-d9da-45f3-963a-0150cfbff2ab",
              "isHook": false,
              "skipped": false
            },
            {
              "title": "Starting Time Test",
              "fullTitle": "Testing  the Long-Term Garage Parking cost should be $2.00 per hour Starting Time Test",
              "timedOut": null,
              "duration": 1303,
              "state": "passed",
              "speed": "slow",
              "pass": true,
              "fail": false,
              "pending": false,
              "context": null,
              "code": "_Entry_Time.OnEntry_Time.pickTime(\"12:00\");",
              "err": {},
              "uuid": "666874e1-4a7b-46e6-994a-3cd865b59f24",
              "parentUUID": "30aa5fb9-d9da-45f3-963a-0150cfbff2ab",
              "isHook": false,
              "skipped": false
            },
            {
              "title": "Radio_Button-Test",
              "fullTitle": "Testing  the Long-Term Garage Parking cost should be $2.00 per hour Radio_Button-Test",
              "timedOut": null,
              "duration": 1080,
              "state": "passed",
              "speed": "slow",
              "pass": true,
              "fail": false,
              "pending": false,
              "context": null,
              "code": "_Entry_RB_AMPM.onEntry_RB_AMPM.pickPeriod(\"PM\");",
              "err": {},
              "uuid": "eefe5bd3-3649-499d-ae3d-0fd11174f41b",
              "parentUUID": "30aa5fb9-d9da-45f3-963a-0150cfbff2ab",
              "isHook": false,
              "skipped": false
            },
            {
              "title": "Leaving Date Test",
              "fullTitle": "Testing  the Long-Term Garage Parking cost should be $2.00 per hour Leaving Date Test",
              "timedOut": null,
              "duration": 1346,
              "state": "passed",
              "speed": "slow",
              "pass": true,
              "fail": false,
              "pending": false,
              "context": null,
              "code": "_Leaving_Date.OnLeaving_Date.leaveDate(\"7/29/2021\");",
              "err": {},
              "uuid": "d05f493c-182c-459d-9492-3d5f7a767e2b",
              "parentUUID": "30aa5fb9-d9da-45f3-963a-0150cfbff2ab",
              "isHook": false,
              "skipped": false
            },
            {
              "title": "Leaving Time Test",
              "fullTitle": "Testing  the Long-Term Garage Parking cost should be $2.00 per hour Leaving Time Test",
              "timedOut": null,
              "duration": 1280,
              "state": "passed",
              "speed": "slow",
              "pass": true,
              "fail": false,
              "pending": false,
              "context": null,
              "code": "_Leaving_Time.OnLeaving_Time.leaveTime(\"3:00\");",
              "err": {},
              "uuid": "ef428285-be82-4bf6-b922-779435611686",
              "parentUUID": "30aa5fb9-d9da-45f3-963a-0150cfbff2ab",
              "isHook": false,
              "skipped": false
            },
            {
              "title": "Leaving Time AM or PM Test",
              "fullTitle": "Testing  the Long-Term Garage Parking cost should be $2.00 per hour Leaving Time AM or PM Test",
              "timedOut": null,
              "duration": 1074,
              "state": "passed",
              "speed": "slow",
              "pass": true,
              "fail": false,
              "pending": false,
              "context": null,
              "code": "_Leaving_RB_AMPM.onLeaving_RB_AMPM.pickPeriod(\"PM\");",
              "err": {},
              "uuid": "9c7e693a-bf9c-4e0c-a824-6ba6cf0f6ff7",
              "parentUUID": "30aa5fb9-d9da-45f3-963a-0150cfbff2ab",
              "isHook": false,
              "skipped": false
            },
            {
              "title": "Format Submit Test",
              "fullTitle": "Testing  the Long-Term Garage Parking cost should be $2.00 per hour Format Submit Test",
              "timedOut": null,
              "duration": 706,
              "state": "passed",
              "speed": "slow",
              "pass": true,
              "fail": false,
              "pending": false,
              "context": null,
              "code": "_Submit_Form.onSubmit_Form.Submit();",
              "err": {},
              "uuid": "362c8dc6-e650-49b0-8a44-74ff5c7050b1",
              "parentUUID": "30aa5fb9-d9da-45f3-963a-0150cfbff2ab",
              "isHook": false,
              "skipped": false
            },
            {
              "title": "Check Correct Price Test",
              "fullTitle": "Testing  the Long-Term Garage Parking cost should be $2.00 per hour Check Correct Price Test",
              "timedOut": null,
              "duration": 1021,
              "state": "passed",
              "speed": "slow",
              "pass": true,
              "fail": false,
              "pending": false,
              "context": null,
              "code": "_Check_Price.onCheck_Price.ShouldBe(\"$ 6.00\");",
              "err": {},
              "uuid": "c5e8b732-2845-4984-a17e-4f98fb8cef93",
              "parentUUID": "30aa5fb9-d9da-45f3-963a-0150cfbff2ab",
              "isHook": false,
              "skipped": false
            },
            {
              "title": "Check Correct Date Test",
              "fullTitle": "Testing  the Long-Term Garage Parking cost should be $2.00 per hour Check Correct Date Test",
              "timedOut": null,
              "duration": 1020,
              "state": "passed",
              "speed": "slow",
              "pass": true,
              "fail": false,
              "pending": false,
              "context": null,
              "code": "_Check_Date.onCheck_Date.CheckDate(\"(0 Days, 3 Hours, 0 Minutes)\");",
              "err": {},
              "uuid": "dc1264d9-e0f8-4fd0-9dda-15bb8dee065d",
              "parentUUID": "30aa5fb9-d9da-45f3-963a-0150cfbff2ab",
              "isHook": false,
              "skipped": false
            }
          ],
          "suites": [],
          "passes": [
            "8fc9b12f-69fa-4653-af1a-41ff2c964dfc",
            "bd6efb68-18ae-4a26-b4cf-de183dc49f74",
            "a9aa99dd-5631-4392-8fc4-1a4262eb54eb",
            "666874e1-4a7b-46e6-994a-3cd865b59f24",
            "eefe5bd3-3649-499d-ae3d-0fd11174f41b",
            "d05f493c-182c-459d-9492-3d5f7a767e2b",
            "ef428285-be82-4bf6-b922-779435611686",
            "9c7e693a-bf9c-4e0c-a824-6ba6cf0f6ff7",
            "362c8dc6-e650-49b0-8a44-74ff5c7050b1",
            "c5e8b732-2845-4984-a17e-4f98fb8cef93",
            "dc1264d9-e0f8-4fd0-9dda-15bb8dee065d"
          ],
          "failures": [],
          "pending": [],
          "skipped": [],
          "duration": 12739,
          "root": false,
          "rootEmpty": false,
          "_timeout": 2000
        },
        {
          "uuid": "9d440b82-ce2e-4c45-8f2c-def587efb4c6",
          "title": "Testing  the Long-Term Garage Parking cost should be $12.00 daily maximum",
          "fullFile": "",
          "file": "",
          "beforeHooks": [],
          "afterHooks": [],
          "tests": [
            {
              "title": "Open Application",
              "fullTitle": "Testing  the Long-Term Garage Parking cost should be $12.00 daily maximum Open Application",
              "timedOut": null,
              "duration": 1532,
              "state": "passed",
              "speed": "slow",
              "pass": true,
              "fail": false,
              "pending": false,
              "context": null,
              "code": "cy.openMainPage();",
              "err": {},
              "uuid": "ef12f6d7-9a5e-4b8b-bc0b-19676a526c45",
              "parentUUID": "9d440b82-ce2e-4c45-8f2c-def587efb4c6",
              "isHook": false,
              "skipped": false
            },
            {
              "title": "Parking Lot Test",
              "fullTitle": "Testing  the Long-Term Garage Parking cost should be $12.00 daily maximum Parking Lot Test",
              "timedOut": null,
              "duration": 1159,
              "state": "passed",
              "speed": "slow",
              "pass": true,
              "fail": false,
              "pending": false,
              "context": null,
              "code": "_Parking_Lot_Picker.onParkingLotPicker.pickLot(\"Long-Term Garage Parking\", \"Long-Term Garage Parking\");",
              "err": {},
              "uuid": "37676583-d0a1-43a5-9453-bc1995561f38",
              "parentUUID": "9d440b82-ce2e-4c45-8f2c-def587efb4c6",
              "isHook": false,
              "skipped": false
            },
            {
              "title": "Entry Date Test",
              "fullTitle": "Testing  the Long-Term Garage Parking cost should be $12.00 daily maximum Entry Date Test",
              "timedOut": null,
              "duration": 1341,
              "state": "passed",
              "speed": "slow",
              "pass": true,
              "fail": false,
              "pending": false,
              "context": null,
              "code": "_Entry_Date.onEntry_Date.pickDate(\"7/29/2021\");",
              "err": {},
              "uuid": "51475e0d-f49a-4167-a26d-34cb816a6f29",
              "parentUUID": "9d440b82-ce2e-4c45-8f2c-def587efb4c6",
              "isHook": false,
              "skipped": false
            },
            {
              "title": "Starting Time Test",
              "fullTitle": "Testing  the Long-Term Garage Parking cost should be $12.00 daily maximum Starting Time Test",
              "timedOut": null,
              "duration": 1294,
              "state": "passed",
              "speed": "slow",
              "pass": true,
              "fail": false,
              "pending": false,
              "context": null,
              "code": "_Entry_Time.OnEntry_Time.pickTime(\"12:00\");",
              "err": {},
              "uuid": "d3b83b91-3d37-42e3-9880-7b4e29bc5822",
              "parentUUID": "9d440b82-ce2e-4c45-8f2c-def587efb4c6",
              "isHook": false,
              "skipped": false
            },
            {
              "title": "Radio_Button-Test",
              "fullTitle": "Testing  the Long-Term Garage Parking cost should be $12.00 daily maximum Radio_Button-Test",
              "timedOut": null,
              "duration": 1020,
              "state": "passed",
              "speed": "slow",
              "pass": true,
              "fail": false,
              "pending": false,
              "context": null,
              "code": "_Entry_RB_AMPM.onEntry_RB_AMPM.pickPeriod(\"AM\");",
              "err": {},
              "uuid": "2b474d7c-47ea-4fdd-8c80-adcf32bf6f9c",
              "parentUUID": "9d440b82-ce2e-4c45-8f2c-def587efb4c6",
              "isHook": false,
              "skipped": false
            },
            {
              "title": "Leaving Date Test",
              "fullTitle": "Testing  the Long-Term Garage Parking cost should be $12.00 daily maximum Leaving Date Test",
              "timedOut": null,
              "duration": 1346,
              "state": "passed",
              "speed": "slow",
              "pass": true,
              "fail": false,
              "pending": false,
              "context": null,
              "code": "_Leaving_Date.OnLeaving_Date.leaveDate(\"7/29/2021\");",
              "err": {},
              "uuid": "ce41a0f8-887e-46f1-b1ea-ee1eb755a106",
              "parentUUID": "9d440b82-ce2e-4c45-8f2c-def587efb4c6",
              "isHook": false,
              "skipped": false
            },
            {
              "title": "Leaving Time Test",
              "fullTitle": "Testing  the Long-Term Garage Parking cost should be $12.00 daily maximum Leaving Time Test",
              "timedOut": null,
              "duration": 1290,
              "state": "passed",
              "speed": "slow",
              "pass": true,
              "fail": false,
              "pending": false,
              "context": null,
              "code": "_Leaving_Time.OnLeaving_Time.leaveTime(\"12:00\");",
              "err": {},
              "uuid": "cc866bda-66e0-4eff-80b6-d4b6ab753c61",
              "parentUUID": "9d440b82-ce2e-4c45-8f2c-def587efb4c6",
              "isHook": false,
              "skipped": false
            },
            {
              "title": "Leaving Time AM or PM Test",
              "fullTitle": "Testing  the Long-Term Garage Parking cost should be $12.00 daily maximum Leaving Time AM or PM Test",
              "timedOut": null,
              "duration": 1076,
              "state": "passed",
              "speed": "slow",
              "pass": true,
              "fail": false,
              "pending": false,
              "context": null,
              "code": "_Leaving_RB_AMPM.onLeaving_RB_AMPM.pickPeriod(\"PM\");",
              "err": {},
              "uuid": "100da089-b2aa-4976-a1f4-a341d1cba972",
              "parentUUID": "9d440b82-ce2e-4c45-8f2c-def587efb4c6",
              "isHook": false,
              "skipped": false
            },
            {
              "title": "Format Submit Test",
              "fullTitle": "Testing  the Long-Term Garage Parking cost should be $12.00 daily maximum Format Submit Test",
              "timedOut": null,
              "duration": 866,
              "state": "passed",
              "speed": "slow",
              "pass": true,
              "fail": false,
              "pending": false,
              "context": null,
              "code": "_Submit_Form.onSubmit_Form.Submit();",
              "err": {},
              "uuid": "1ad116d7-aa60-4949-86b1-8e57639d72c0",
              "parentUUID": "9d440b82-ce2e-4c45-8f2c-def587efb4c6",
              "isHook": false,
              "skipped": false
            },
            {
              "title": "Check Correct Price Test",
              "fullTitle": "Testing  the Long-Term Garage Parking cost should be $12.00 daily maximum Check Correct Price Test",
              "timedOut": null,
              "duration": 1019,
              "state": "passed",
              "speed": "slow",
              "pass": true,
              "fail": false,
              "pending": false,
              "context": null,
              "code": "_Check_Price.onCheck_Price.ShouldBe(\"$ 12.00\");",
              "err": {},
              "uuid": "f413cb50-b780-47ff-ad22-f0912fc968f0",
              "parentUUID": "9d440b82-ce2e-4c45-8f2c-def587efb4c6",
              "isHook": false,
              "skipped": false
            },
            {
              "title": "Check Correct Date Test",
              "fullTitle": "Testing  the Long-Term Garage Parking cost should be $12.00 daily maximum Check Correct Date Test",
              "timedOut": null,
              "duration": 1021,
              "state": "passed",
              "speed": "slow",
              "pass": true,
              "fail": false,
              "pending": false,
              "context": null,
              "code": "_Check_Date.onCheck_Date.CheckDate(\"(0 Days, 12 Hours, 0 Minutes)\");",
              "err": {},
              "uuid": "4cc29d12-d5e0-46b7-a85d-25f4b3c83863",
              "parentUUID": "9d440b82-ce2e-4c45-8f2c-def587efb4c6",
              "isHook": false,
              "skipped": false
            }
          ],
          "suites": [],
          "passes": [
            "ef12f6d7-9a5e-4b8b-bc0b-19676a526c45",
            "37676583-d0a1-43a5-9453-bc1995561f38",
            "51475e0d-f49a-4167-a26d-34cb816a6f29",
            "d3b83b91-3d37-42e3-9880-7b4e29bc5822",
            "2b474d7c-47ea-4fdd-8c80-adcf32bf6f9c",
            "ce41a0f8-887e-46f1-b1ea-ee1eb755a106",
            "cc866bda-66e0-4eff-80b6-d4b6ab753c61",
            "100da089-b2aa-4976-a1f4-a341d1cba972",
            "1ad116d7-aa60-4949-86b1-8e57639d72c0",
            "f413cb50-b780-47ff-ad22-f0912fc968f0",
            "4cc29d12-d5e0-46b7-a85d-25f4b3c83863"
          ],
          "failures": [],
          "pending": [],
          "skipped": [],
          "duration": 12964,
          "root": false,
          "rootEmpty": false,
          "_timeout": 2000
        },
        {
          "uuid": "0d048a91-0dd8-4395-b3ca-c5e2421465f6",
          "title": "Testing  the Long-Term Garage Parking cost should be $72.00 per week (7th day free)",
          "fullFile": "",
          "file": "",
          "beforeHooks": [],
          "afterHooks": [],
          "tests": [
            {
              "title": "Open Application",
              "fullTitle": "Testing  the Long-Term Garage Parking cost should be $72.00 per week (7th day free) Open Application",
              "timedOut": null,
              "duration": 871,
              "state": "passed",
              "speed": "slow",
              "pass": true,
              "fail": false,
              "pending": false,
              "context": null,
              "code": "cy.openMainPage();",
              "err": {},
              "uuid": "634df500-706b-4bbf-b6ef-ca2a8e8c3a0d",
              "parentUUID": "0d048a91-0dd8-4395-b3ca-c5e2421465f6",
              "isHook": false,
              "skipped": false
            },
            {
              "title": "Parking Lot Test",
              "fullTitle": "Testing  the Long-Term Garage Parking cost should be $72.00 per week (7th day free) Parking Lot Test",
              "timedOut": null,
              "duration": 1155,
              "state": "passed",
              "speed": "slow",
              "pass": true,
              "fail": false,
              "pending": false,
              "context": null,
              "code": "_Parking_Lot_Picker.onParkingLotPicker.pickLot(\"Long-Term Garage Parking\", \"Long-Term Garage Parking\");",
              "err": {},
              "uuid": "b69d0791-1bb3-4626-a521-6cde79a3a8b3",
              "parentUUID": "0d048a91-0dd8-4395-b3ca-c5e2421465f6",
              "isHook": false,
              "skipped": false
            },
            {
              "title": "Entry Date Test",
              "fullTitle": "Testing  the Long-Term Garage Parking cost should be $72.00 per week (7th day free) Entry Date Test",
              "timedOut": null,
              "duration": 1319,
              "state": "passed",
              "speed": "slow",
              "pass": true,
              "fail": false,
              "pending": false,
              "context": null,
              "code": "_Entry_Date.onEntry_Date.pickDate(\"7/5/2021\");",
              "err": {},
              "uuid": "a262f78b-ee9b-4638-be74-beddc70e43d5",
              "parentUUID": "0d048a91-0dd8-4395-b3ca-c5e2421465f6",
              "isHook": false,
              "skipped": false
            },
            {
              "title": "Starting Time Test",
              "fullTitle": "Testing  the Long-Term Garage Parking cost should be $72.00 per week (7th day free) Starting Time Test",
              "timedOut": null,
              "duration": 1288,
              "state": "passed",
              "speed": "slow",
              "pass": true,
              "fail": false,
              "pending": false,
              "context": null,
              "code": "_Entry_Time.OnEntry_Time.pickTime(\"12:00\");",
              "err": {},
              "uuid": "72707a79-8ac1-4e32-b590-484e155ed489",
              "parentUUID": "0d048a91-0dd8-4395-b3ca-c5e2421465f6",
              "isHook": false,
              "skipped": false
            },
            {
              "title": "Radio_Button-Test",
              "fullTitle": "Testing  the Long-Term Garage Parking cost should be $72.00 per week (7th day free) Radio_Button-Test",
              "timedOut": null,
              "duration": 1017,
              "state": "passed",
              "speed": "slow",
              "pass": true,
              "fail": false,
              "pending": false,
              "context": null,
              "code": "_Entry_RB_AMPM.onEntry_RB_AMPM.pickPeriod(\"AM\");",
              "err": {},
              "uuid": "77eb508c-bf6a-4379-98e9-16b19cedd2d6",
              "parentUUID": "0d048a91-0dd8-4395-b3ca-c5e2421465f6",
              "isHook": false,
              "skipped": false
            },
            {
              "title": "Leaving Date Test",
              "fullTitle": "Testing  the Long-Term Garage Parking cost should be $72.00 per week (7th day free) Leaving Date Test",
              "timedOut": null,
              "duration": 1334,
              "state": "passed",
              "speed": "slow",
              "pass": true,
              "fail": false,
              "pending": false,
              "context": null,
              "code": "_Leaving_Date.OnLeaving_Date.leaveDate(\"7/12/2021\");",
              "err": {},
              "uuid": "447807b4-f09f-4f25-bf6e-538c6e2ed447",
              "parentUUID": "0d048a91-0dd8-4395-b3ca-c5e2421465f6",
              "isHook": false,
              "skipped": false
            },
            {
              "title": "Leaving Time Test",
              "fullTitle": "Testing  the Long-Term Garage Parking cost should be $72.00 per week (7th day free) Leaving Time Test",
              "timedOut": null,
              "duration": 1296,
              "state": "passed",
              "speed": "slow",
              "pass": true,
              "fail": false,
              "pending": false,
              "context": null,
              "code": "_Leaving_Time.OnLeaving_Time.leaveTime(\"12:00\");",
              "err": {},
              "uuid": "ca005315-8bd1-4d6e-909e-0f2e0c7875a9",
              "parentUUID": "0d048a91-0dd8-4395-b3ca-c5e2421465f6",
              "isHook": false,
              "skipped": false
            },
            {
              "title": "Leaving Time AM or PM Test",
              "fullTitle": "Testing  the Long-Term Garage Parking cost should be $72.00 per week (7th day free) Leaving Time AM or PM Test",
              "timedOut": null,
              "duration": 1025,
              "state": "passed",
              "speed": "slow",
              "pass": true,
              "fail": false,
              "pending": false,
              "context": null,
              "code": "_Leaving_RB_AMPM.onLeaving_RB_AMPM.pickPeriod(\"AM\");",
              "err": {},
              "uuid": "df171b3c-46f2-4a9c-80a2-1029be1dc8c5",
              "parentUUID": "0d048a91-0dd8-4395-b3ca-c5e2421465f6",
              "isHook": false,
              "skipped": false
            },
            {
              "title": "Format Submit Test",
              "fullTitle": "Testing  the Long-Term Garage Parking cost should be $72.00 per week (7th day free) Format Submit Test",
              "timedOut": null,
              "duration": 681,
              "state": "passed",
              "speed": "slow",
              "pass": true,
              "fail": false,
              "pending": false,
              "context": null,
              "code": "_Submit_Form.onSubmit_Form.Submit();",
              "err": {},
              "uuid": "d945a93a-e508-4787-8308-3776d456ca55",
              "parentUUID": "0d048a91-0dd8-4395-b3ca-c5e2421465f6",
              "isHook": false,
              "skipped": false
            },
            {
              "title": "Check Correct Price Test",
              "fullTitle": "Testing  the Long-Term Garage Parking cost should be $72.00 per week (7th day free) Check Correct Price Test",
              "timedOut": null,
              "duration": 1016,
              "state": "passed",
              "speed": "slow",
              "pass": true,
              "fail": false,
              "pending": false,
              "context": null,
              "code": "_Check_Price.onCheck_Price.ShouldBe(\"$ 72.00\");",
              "err": {},
              "uuid": "d48b0c5f-efa2-485f-a40f-bf5fbf235604",
              "parentUUID": "0d048a91-0dd8-4395-b3ca-c5e2421465f6",
              "isHook": false,
              "skipped": false
            },
            {
              "title": "Check Correct Date Test",
              "fullTitle": "Testing  the Long-Term Garage Parking cost should be $72.00 per week (7th day free) Check Correct Date Test",
              "timedOut": null,
              "duration": 1018,
              "state": "passed",
              "speed": "slow",
              "pass": true,
              "fail": false,
              "pending": false,
              "context": null,
              "code": "_Check_Date.onCheck_Date.CheckDate(\"(7 Days, 0 Hours, 0 Minutes)\");",
              "err": {},
              "uuid": "71c0b631-9639-4014-944f-a6c7768cd8b8",
              "parentUUID": "0d048a91-0dd8-4395-b3ca-c5e2421465f6",
              "isHook": false,
              "skipped": false
            }
          ],
          "suites": [],
          "passes": [
            "634df500-706b-4bbf-b6ef-ca2a8e8c3a0d",
            "b69d0791-1bb3-4626-a521-6cde79a3a8b3",
            "a262f78b-ee9b-4638-be74-beddc70e43d5",
            "72707a79-8ac1-4e32-b590-484e155ed489",
            "77eb508c-bf6a-4379-98e9-16b19cedd2d6",
            "447807b4-f09f-4f25-bf6e-538c6e2ed447",
            "ca005315-8bd1-4d6e-909e-0f2e0c7875a9",
            "df171b3c-46f2-4a9c-80a2-1029be1dc8c5",
            "d945a93a-e508-4787-8308-3776d456ca55",
            "d48b0c5f-efa2-485f-a40f-bf5fbf235604",
            "71c0b631-9639-4014-944f-a6c7768cd8b8"
          ],
          "failures": [],
          "pending": [],
          "skipped": [],
          "duration": 12020,
          "root": false,
          "rootEmpty": false,
          "_timeout": 2000
        }
      ],
      "passes": [],
      "failures": [],
      "pending": [],
      "skipped": [],
      "duration": 0,
      "root": true,
      "rootEmpty": true,
      "_timeout": 2000
    },
    {
      "uuid": "d36b1f7d-6357-435f-9836-680b579f6fea",
      "title": "",
      "fullFile": "cypress/integration/Test_Short-Term_Parking_Cost_Hourly.spec.js",
      "file": "cypress/integration/Test_Short-Term_Parking_Cost_Hourly.spec.js",
      "beforeHooks": [],
      "afterHooks": [],
      "tests": [],
      "suites": [
        {
          "uuid": "0f743966-03b3-42ae-8108-c6b5f9deeca6",
          "title": "Testing  the Short-Term (hourly) Parking cost should be $2.00 first hour",
          "fullFile": "",
          "file": "",
          "beforeHooks": [],
          "afterHooks": [],
          "tests": [
            {
              "title": "Open Application",
              "fullTitle": "Testing  the Short-Term (hourly) Parking cost should be $2.00 first hour Open Application",
              "timedOut": null,
              "duration": 1397,
              "state": "passed",
              "speed": "slow",
              "pass": true,
              "fail": false,
              "pending": false,
              "context": null,
              "code": "cy.openMainPage();",
              "err": {},
              "uuid": "55f4be5b-8618-40af-8e0e-a4cb46cb9ed3",
              "parentUUID": "0f743966-03b3-42ae-8108-c6b5f9deeca6",
              "isHook": false,
              "skipped": false
            },
            {
              "title": "Parking Lot Test",
              "fullTitle": "Testing  the Short-Term (hourly) Parking cost should be $2.00 first hour Parking Lot Test",
              "timedOut": null,
              "duration": 1174,
              "state": "passed",
              "speed": "slow",
              "pass": true,
              "fail": false,
              "pending": false,
              "context": null,
              "code": "_Parking_Lot_Picker.onParkingLotPicker.pickLot(\"Short-Term Parking\", \"Short-Term Parking\");",
              "err": {},
              "uuid": "a72694c6-5b6a-4924-9476-b7dbc2f0e7d8",
              "parentUUID": "0f743966-03b3-42ae-8108-c6b5f9deeca6",
              "isHook": false,
              "skipped": false
            },
            {
              "title": "Entry Date Test",
              "fullTitle": "Testing  the Short-Term (hourly) Parking cost should be $2.00 first hour Entry Date Test",
              "timedOut": null,
              "duration": 1352,
              "state": "passed",
              "speed": "slow",
              "pass": true,
              "fail": false,
              "pending": false,
              "context": null,
              "code": "_Entry_Date.onEntry_Date.pickDate(\"7/29/2021\");",
              "err": {},
              "uuid": "0ae6148e-05ef-4d76-9f71-e41790514fb7",
              "parentUUID": "0f743966-03b3-42ae-8108-c6b5f9deeca6",
              "isHook": false,
              "skipped": false
            },
            {
              "title": "Starting Time Test",
              "fullTitle": "Testing  the Short-Term (hourly) Parking cost should be $2.00 first hour Starting Time Test",
              "timedOut": null,
              "duration": 1298,
              "state": "passed",
              "speed": "slow",
              "pass": true,
              "fail": false,
              "pending": false,
              "context": null,
              "code": "_Entry_Time.OnEntry_Time.pickTime(\"12:00\");",
              "err": {},
              "uuid": "2d3def03-7b56-458a-a475-1dcaa30678c9",
              "parentUUID": "0f743966-03b3-42ae-8108-c6b5f9deeca6",
              "isHook": false,
              "skipped": false
            },
            {
              "title": "Radio_Button-Test",
              "fullTitle": "Testing  the Short-Term (hourly) Parking cost should be $2.00 first hour Radio_Button-Test",
              "timedOut": null,
              "duration": 1086,
              "state": "passed",
              "speed": "slow",
              "pass": true,
              "fail": false,
              "pending": false,
              "context": null,
              "code": "_Entry_RB_AMPM.onEntry_RB_AMPM.pickPeriod(\"PM\");",
              "err": {},
              "uuid": "8a39a500-b977-4384-95be-c12c6ecc5fd3",
              "parentUUID": "0f743966-03b3-42ae-8108-c6b5f9deeca6",
              "isHook": false,
              "skipped": false
            },
            {
              "title": "Leaving Date Test",
              "fullTitle": "Testing  the Short-Term (hourly) Parking cost should be $2.00 first hour Leaving Date Test",
              "timedOut": null,
              "duration": 1341,
              "state": "passed",
              "speed": "slow",
              "pass": true,
              "fail": false,
              "pending": false,
              "context": null,
              "code": "_Leaving_Date.OnLeaving_Date.leaveDate(\"7/29/2021\");",
              "err": {},
              "uuid": "452b36f8-90fc-4080-84c6-a4990a384c89",
              "parentUUID": "0f743966-03b3-42ae-8108-c6b5f9deeca6",
              "isHook": false,
              "skipped": false
            },
            {
              "title": "Leaving Time Test",
              "fullTitle": "Testing  the Short-Term (hourly) Parking cost should be $2.00 first hour Leaving Time Test",
              "timedOut": null,
              "duration": 1271,
              "state": "passed",
              "speed": "slow",
              "pass": true,
              "fail": false,
              "pending": false,
              "context": null,
              "code": "_Leaving_Time.OnLeaving_Time.leaveTime(\"1:00\");",
              "err": {},
              "uuid": "d0a5ed8b-cf25-4df8-aa2f-e113419002c1",
              "parentUUID": "0f743966-03b3-42ae-8108-c6b5f9deeca6",
              "isHook": false,
              "skipped": false
            },
            {
              "title": "Leaving Time AM or PM Test",
              "fullTitle": "Testing  the Short-Term (hourly) Parking cost should be $2.00 first hour Leaving Time AM or PM Test",
              "timedOut": null,
              "duration": 1073,
              "state": "passed",
              "speed": "slow",
              "pass": true,
              "fail": false,
              "pending": false,
              "context": null,
              "code": "_Leaving_RB_AMPM.onLeaving_RB_AMPM.pickPeriod(\"PM\");",
              "err": {},
              "uuid": "4c6db0a4-c2cd-47ae-83c2-ccc02fe1697e",
              "parentUUID": "0f743966-03b3-42ae-8108-c6b5f9deeca6",
              "isHook": false,
              "skipped": false
            },
            {
              "title": "Format Submit Test",
              "fullTitle": "Testing  the Short-Term (hourly) Parking cost should be $2.00 first hour Format Submit Test",
              "timedOut": null,
              "duration": 709,
              "state": "passed",
              "speed": "slow",
              "pass": true,
              "fail": false,
              "pending": false,
              "context": null,
              "code": "_Submit_Form.onSubmit_Form.Submit();",
              "err": {},
              "uuid": "ae801ff6-e668-4f0f-9db0-bb8e03ee3652",
              "parentUUID": "0f743966-03b3-42ae-8108-c6b5f9deeca6",
              "isHook": false,
              "skipped": false
            },
            {
              "title": "Check Correct Price Test",
              "fullTitle": "Testing  the Short-Term (hourly) Parking cost should be $2.00 first hour Check Correct Price Test",
              "timedOut": null,
              "duration": 1020,
              "state": "passed",
              "speed": "slow",
              "pass": true,
              "fail": false,
              "pending": false,
              "context": null,
              "code": "_Check_Price.onCheck_Price.ShouldBe(\"$ 2.00\");",
              "err": {},
              "uuid": "1fdca09b-4bfb-474d-80d5-df1d7593ca11",
              "parentUUID": "0f743966-03b3-42ae-8108-c6b5f9deeca6",
              "isHook": false,
              "skipped": false
            },
            {
              "title": "Check Correct Date Test",
              "fullTitle": "Testing  the Short-Term (hourly) Parking cost should be $2.00 first hour Check Correct Date Test",
              "timedOut": null,
              "duration": 1020,
              "state": "passed",
              "speed": "slow",
              "pass": true,
              "fail": false,
              "pending": false,
              "context": null,
              "code": "_Check_Date.onCheck_Date.CheckDate(\"(0 Days, 1 Hours, 0 Minutes)\");",
              "err": {},
              "uuid": "5e7bdbb1-f5de-4026-93a1-f4673e52a8c8",
              "parentUUID": "0f743966-03b3-42ae-8108-c6b5f9deeca6",
              "isHook": false,
              "skipped": false
            }
          ],
          "suites": [],
          "passes": [
            "55f4be5b-8618-40af-8e0e-a4cb46cb9ed3",
            "a72694c6-5b6a-4924-9476-b7dbc2f0e7d8",
            "0ae6148e-05ef-4d76-9f71-e41790514fb7",
            "2d3def03-7b56-458a-a475-1dcaa30678c9",
            "8a39a500-b977-4384-95be-c12c6ecc5fd3",
            "452b36f8-90fc-4080-84c6-a4990a384c89",
            "d0a5ed8b-cf25-4df8-aa2f-e113419002c1",
            "4c6db0a4-c2cd-47ae-83c2-ccc02fe1697e",
            "ae801ff6-e668-4f0f-9db0-bb8e03ee3652",
            "1fdca09b-4bfb-474d-80d5-df1d7593ca11",
            "5e7bdbb1-f5de-4026-93a1-f4673e52a8c8"
          ],
          "failures": [],
          "pending": [],
          "skipped": [],
          "duration": 12741,
          "root": false,
          "rootEmpty": false,
          "_timeout": 2000
        },
        {
          "uuid": "b260b4a2-01e3-487c-8278-a73bb8ba8fcb",
          "title": "Testing  the Short-Term (hourly) Parking cost should be $2.00 first hour and  $1.00 each additional 1/2 hour",
          "fullFile": "",
          "file": "",
          "beforeHooks": [],
          "afterHooks": [],
          "tests": [
            {
              "title": "Open Application",
              "fullTitle": "Testing  the Short-Term (hourly) Parking cost should be $2.00 first hour and  $1.00 each additional 1/2 hour Open Application",
              "timedOut": null,
              "duration": 866,
              "state": "passed",
              "speed": "slow",
              "pass": true,
              "fail": false,
              "pending": false,
              "context": null,
              "code": "cy.openMainPage();",
              "err": {},
              "uuid": "7b3edf48-9aed-4542-bee6-16b552247e12",
              "parentUUID": "b260b4a2-01e3-487c-8278-a73bb8ba8fcb",
              "isHook": false,
              "skipped": false
            },
            {
              "title": "Parking Lot Test",
              "fullTitle": "Testing  the Short-Term (hourly) Parking cost should be $2.00 first hour and  $1.00 each additional 1/2 hour Parking Lot Test",
              "timedOut": null,
              "duration": 1156,
              "state": "passed",
              "speed": "slow",
              "pass": true,
              "fail": false,
              "pending": false,
              "context": null,
              "code": "_Parking_Lot_Picker.onParkingLotPicker.pickLot(\"Short-Term Parking\", \"Short-Term Parking\");",
              "err": {},
              "uuid": "a95bdd41-d426-41d4-bd45-da662aec5dfe",
              "parentUUID": "b260b4a2-01e3-487c-8278-a73bb8ba8fcb",
              "isHook": false,
              "skipped": false
            },
            {
              "title": "Entry Date Test",
              "fullTitle": "Testing  the Short-Term (hourly) Parking cost should be $2.00 first hour and  $1.00 each additional 1/2 hour Entry Date Test",
              "timedOut": null,
              "duration": 1334,
              "state": "passed",
              "speed": "slow",
              "pass": true,
              "fail": false,
              "pending": false,
              "context": null,
              "code": "_Entry_Date.onEntry_Date.pickDate(\"7/29/2021\");",
              "err": {},
              "uuid": "28ae7296-0f5b-4666-bb48-3d35c51529e7",
              "parentUUID": "b260b4a2-01e3-487c-8278-a73bb8ba8fcb",
              "isHook": false,
              "skipped": false
            },
            {
              "title": "Starting Time Test",
              "fullTitle": "Testing  the Short-Term (hourly) Parking cost should be $2.00 first hour and  $1.00 each additional 1/2 hour Starting Time Test",
              "timedOut": null,
              "duration": 1296,
              "state": "passed",
              "speed": "slow",
              "pass": true,
              "fail": false,
              "pending": false,
              "context": null,
              "code": "_Entry_Time.OnEntry_Time.pickTime(\"12:00\");",
              "err": {},
              "uuid": "6b8e1fc6-2930-4736-869c-ce88c3c6ca80",
              "parentUUID": "b260b4a2-01e3-487c-8278-a73bb8ba8fcb",
              "isHook": false,
              "skipped": false
            },
            {
              "title": "Radio_Button-Test",
              "fullTitle": "Testing  the Short-Term (hourly) Parking cost should be $2.00 first hour and  $1.00 each additional 1/2 hour Radio_Button-Test",
              "timedOut": null,
              "duration": 1073,
              "state": "passed",
              "speed": "slow",
              "pass": true,
              "fail": false,
              "pending": false,
              "context": null,
              "code": "_Entry_RB_AMPM.onEntry_RB_AMPM.pickPeriod(\"PM\");",
              "err": {},
              "uuid": "65a30b17-cb43-4e3a-b620-ef154e36d841",
              "parentUUID": "b260b4a2-01e3-487c-8278-a73bb8ba8fcb",
              "isHook": false,
              "skipped": false
            },
            {
              "title": "Leaving Date Test",
              "fullTitle": "Testing  the Short-Term (hourly) Parking cost should be $2.00 first hour and  $1.00 each additional 1/2 hour Leaving Date Test",
              "timedOut": null,
              "duration": 1339,
              "state": "passed",
              "speed": "slow",
              "pass": true,
              "fail": false,
              "pending": false,
              "context": null,
              "code": "_Leaving_Date.OnLeaving_Date.leaveDate(\"7/29/2021\");",
              "err": {},
              "uuid": "98eeb9e9-3153-439c-b7b6-cbc440864300",
              "parentUUID": "b260b4a2-01e3-487c-8278-a73bb8ba8fcb",
              "isHook": false,
              "skipped": false
            },
            {
              "title": "Leaving Time Test",
              "fullTitle": "Testing  the Short-Term (hourly) Parking cost should be $2.00 first hour and  $1.00 each additional 1/2 hour Leaving Time Test",
              "timedOut": null,
              "duration": 1283,
              "state": "passed",
              "speed": "slow",
              "pass": true,
              "fail": false,
              "pending": false,
              "context": null,
              "code": "_Leaving_Time.OnLeaving_Time.leaveTime(\"1:30\");",
              "err": {},
              "uuid": "267cb70d-fc6b-410c-b7ca-1d75795873aa",
              "parentUUID": "b260b4a2-01e3-487c-8278-a73bb8ba8fcb",
              "isHook": false,
              "skipped": false
            },
            {
              "title": "Leaving Time AM or PM Test",
              "fullTitle": "Testing  the Short-Term (hourly) Parking cost should be $2.00 first hour and  $1.00 each additional 1/2 hour Leaving Time AM or PM Test",
              "timedOut": null,
              "duration": 1073,
              "state": "passed",
              "speed": "slow",
              "pass": true,
              "fail": false,
              "pending": false,
              "context": null,
              "code": "_Leaving_RB_AMPM.onLeaving_RB_AMPM.pickPeriod(\"PM\");",
              "err": {},
              "uuid": "65cd283d-75ed-4320-b2d7-6bcbc5d91927",
              "parentUUID": "b260b4a2-01e3-487c-8278-a73bb8ba8fcb",
              "isHook": false,
              "skipped": false
            },
            {
              "title": "Format Submit Test",
              "fullTitle": "Testing  the Short-Term (hourly) Parking cost should be $2.00 first hour and  $1.00 each additional 1/2 hour Format Submit Test",
              "timedOut": null,
              "duration": 850,
              "state": "passed",
              "speed": "slow",
              "pass": true,
              "fail": false,
              "pending": false,
              "context": null,
              "code": "_Submit_Form.onSubmit_Form.Submit();",
              "err": {},
              "uuid": "78f2d329-7729-4a36-84f5-a3b6d1665b64",
              "parentUUID": "b260b4a2-01e3-487c-8278-a73bb8ba8fcb",
              "isHook": false,
              "skipped": false
            },
            {
              "title": "Check Correct Price Test",
              "fullTitle": "Testing  the Short-Term (hourly) Parking cost should be $2.00 first hour and  $1.00 each additional 1/2 hour Check Correct Price Test",
              "timedOut": null,
              "duration": 1018,
              "state": "passed",
              "speed": "slow",
              "pass": true,
              "fail": false,
              "pending": false,
              "context": null,
              "code": "_Check_Price.onCheck_Price.ShouldBe(\"$ 3.00\");",
              "err": {},
              "uuid": "76cad2a5-6e63-4781-b945-525e33579594",
              "parentUUID": "b260b4a2-01e3-487c-8278-a73bb8ba8fcb",
              "isHook": false,
              "skipped": false
            },
            {
              "title": "Check Correct Date Test",
              "fullTitle": "Testing  the Short-Term (hourly) Parking cost should be $2.00 first hour and  $1.00 each additional 1/2 hour Check Correct Date Test",
              "timedOut": null,
              "duration": 1020,
              "state": "passed",
              "speed": "slow",
              "pass": true,
              "fail": false,
              "pending": false,
              "context": null,
              "code": "_Check_Date.onCheck_Date.CheckDate(\"(0 Days, 1 Hours, 30 Minutes)\");",
              "err": {},
              "uuid": "fc848a2c-1c5d-4fdd-aa01-4582c2eed49b",
              "parentUUID": "b260b4a2-01e3-487c-8278-a73bb8ba8fcb",
              "isHook": false,
              "skipped": false
            }
          ],
          "suites": [],
          "passes": [
            "7b3edf48-9aed-4542-bee6-16b552247e12",
            "a95bdd41-d426-41d4-bd45-da662aec5dfe",
            "28ae7296-0f5b-4666-bb48-3d35c51529e7",
            "6b8e1fc6-2930-4736-869c-ce88c3c6ca80",
            "65a30b17-cb43-4e3a-b620-ef154e36d841",
            "98eeb9e9-3153-439c-b7b6-cbc440864300",
            "267cb70d-fc6b-410c-b7ca-1d75795873aa",
            "65cd283d-75ed-4320-b2d7-6bcbc5d91927",
            "78f2d329-7729-4a36-84f5-a3b6d1665b64",
            "76cad2a5-6e63-4781-b945-525e33579594",
            "fc848a2c-1c5d-4fdd-aa01-4582c2eed49b"
          ],
          "failures": [],
          "pending": [],
          "skipped": [],
          "duration": 12308,
          "root": false,
          "rootEmpty": false,
          "_timeout": 2000
        },
        {
          "uuid": "07c18d64-5ecc-4936-9da9-c85c54f11681",
          "title": "Testing  the Short-Term (hourly) Parking cost should be $24.00 daily maximum",
          "fullFile": "",
          "file": "",
          "beforeHooks": [],
          "afterHooks": [],
          "tests": [
            {
              "title": "Open Application",
              "fullTitle": "Testing  the Short-Term (hourly) Parking cost should be $24.00 daily maximum Open Application",
              "timedOut": null,
              "duration": 861,
              "state": "passed",
              "speed": "slow",
              "pass": true,
              "fail": false,
              "pending": false,
              "context": null,
              "code": "cy.openMainPage();",
              "err": {},
              "uuid": "8cc715b7-067d-4520-90a7-d4808dfc1b7b",
              "parentUUID": "07c18d64-5ecc-4936-9da9-c85c54f11681",
              "isHook": false,
              "skipped": false
            },
            {
              "title": "Parking Lot Test",
              "fullTitle": "Testing  the Short-Term (hourly) Parking cost should be $24.00 daily maximum Parking Lot Test",
              "timedOut": null,
              "duration": 1159,
              "state": "passed",
              "speed": "slow",
              "pass": true,
              "fail": false,
              "pending": false,
              "context": null,
              "code": "_Parking_Lot_Picker.onParkingLotPicker.pickLot(\"Short-Term Parking\", \"Short-Term Parking\");",
              "err": {},
              "uuid": "cd6830cb-5c11-4df0-840c-d0f24fe666ba",
              "parentUUID": "07c18d64-5ecc-4936-9da9-c85c54f11681",
              "isHook": false,
              "skipped": false
            },
            {
              "title": "Entry Date Test",
              "fullTitle": "Testing  the Short-Term (hourly) Parking cost should be $24.00 daily maximum Entry Date Test",
              "timedOut": null,
              "duration": 1341,
              "state": "passed",
              "speed": "slow",
              "pass": true,
              "fail": false,
              "pending": false,
              "context": null,
              "code": "_Entry_Date.onEntry_Date.pickDate(\"7/29/2021\");",
              "err": {},
              "uuid": "3cf6c026-6827-4f84-b70e-52d4a31c8343",
              "parentUUID": "07c18d64-5ecc-4936-9da9-c85c54f11681",
              "isHook": false,
              "skipped": false
            },
            {
              "title": "Starting Time Test",
              "fullTitle": "Testing  the Short-Term (hourly) Parking cost should be $24.00 daily maximum Starting Time Test",
              "timedOut": null,
[...]
            "f71423d0-91ba-4d9b-adb8-3311f95a8b63",
            "dd2c562e-4e18-421a-9dfe-a26e936341a2",
            "2b17fbb5-79c5-4fda-aeee-c08d8b4a37aa",
            "ed15b19b-e1b4-4967-a476-b1f0d6bd52ff",
            "11a3d404-4a57-4e4b-a793-83cb9b84715f",
            "0e4d57bd-e7fa-47c4-a226-2569590de5e7",
            "19fb8448-9061-4d15-a135-10ef4abe78d8",
            "f01bdbe1-5738-4d3c-a232-f1176cebb410"
          ],
          "failures": [],
          "pending": [],
          "skipped": [],
          "duration": 12806,
          "root": false,
          "rootEmpty": false,
          "_timeout": 2000
        },
        {
          "uuid": "35a41400-ee2a-4675-96ce-f28e86532fba",
          "title": "Testing  the Economy Parking  cost should be $9.00 daily maximum",
          "fullFile": "",
          "file": "",
          "beforeHooks": [],
          "afterHooks": [],
          "tests": [
            {
              "title": "Open Application",
              "fullTitle": "Testing  the Economy Parking  cost should be $9.00 daily maximum Open Application",
              "timedOut": null,
              "duration": 1360,
              "state": "passed",
              "speed": "slow",
              "pass": true,
              "fail": false,
              "pending": false,
              "context": null,
              "code": "cy.openMainPage();",
              "err": {},
              "uuid": "fa69e434-5860-48ae-a80f-65a042bfa197",
              "parentUUID": "35a41400-ee2a-4675-96ce-f28e86532fba",
              "isHook": false,
              "skipped": false
            },
            {
              "title": "Parking Lot Test",
              "fullTitle": "Testing  the Economy Parking  cost should be $9.00 daily maximum Parking Lot Test",
              "timedOut": null,
              "duration": 1166,
              "state": "passed",
              "speed": "slow",
              "pass": true,
              "fail": false,
              "pending": false,
              "context": null,
              "code": "_Parking_Lot_Picker.onParkingLotPicker.pickLot(\"Economy Parking\", \"Economy Parking\");",
              "err": {},
              "uuid": "3ef05e4a-8f93-454b-b99c-d16973c58dbe",
              "parentUUID": "35a41400-ee2a-4675-96ce-f28e86532fba",
              "isHook": false,
              "skipped": false
            },
            {
              "title": "Entry Date Test",
              "fullTitle": "Testing  the Economy Parking  cost should be $9.00 daily maximum Entry Date Test",
              "timedOut": null,
              "duration": 1345,
              "state": "passed",
              "speed": "slow",
              "pass": true,
              "fail": false,
              "pending": false,
              "context": null,
              "code": "_Entry_Date.onEntry_Date.pickDate(\"7/29/2021\");",
              "err": {},
              "uuid": "2ac57bfd-78e6-4cb9-bb6b-a721b33c9b72",
              "parentUUID": "35a41400-ee2a-4675-96ce-f28e86532fba",
              "isHook": false,
              "skipped": false
            },
            {
              "title": "Starting Time Test",
              "fullTitle": "Testing  the Economy Parking  cost should be $9.00 daily maximum Starting Time Test",
              "timedOut": null,
              "duration": 1302,
              "state": "passed",
              "speed": "slow",
              "pass": true,
              "fail": false,
              "pending": false,
              "context": null,
              "code": "_Entry_Time.OnEntry_Time.pickTime(\"12:00\");",
              "err": {},
              "uuid": "85a0a703-bceb-40a0-8385-d8772b049609",
              "parentUUID": "35a41400-ee2a-4675-96ce-f28e86532fba",
              "isHook": false,
              "skipped": false
            },
            {
              "title": "Radio_Button-Test",
              "fullTitle": "Testing  the Economy Parking  cost should be $9.00 daily maximum Radio_Button-Test",
              "timedOut": null,
              "duration": 1021,
              "state": "passed",
              "speed": "slow",
              "pass": true,
              "fail": false,
              "pending": false,
              "context": null,
              "code": "_Entry_RB_AMPM.onEntry_RB_AMPM.pickPeriod(\"AM\");",
              "err": {},
              "uuid": "9302216d-c03a-48bc-8878-bb53d065382a",
              "parentUUID": "35a41400-ee2a-4675-96ce-f28e86532fba",
              "isHook": false,
              "skipped": false
            },
            {
              "title": "Leaving Date Test",
              "fullTitle": "Testing  the Economy Parking  cost should be $9.00 daily maximum Leaving Date Test",
              "timedOut": null,
              "duration": 1338,
              "state": "passed",
              "speed": "slow",
              "pass": true,
              "fail": false,
              "pending": false,
              "context": null,
              "code": "_Leaving_Date.OnLeaving_Date.leaveDate(\"7/29/2021\");",
              "err": {},
              "uuid": "8390badd-c9ae-431b-9919-9694468f8695",
              "parentUUID": "35a41400-ee2a-4675-96ce-f28e86532fba",
              "isHook": false,
              "skipped": false
            },
            {
              "title": "Leaving Time Test",
              "fullTitle": "Testing  the Economy Parking  cost should be $9.00 daily maximum Leaving Time Test",
              "timedOut": null,
              "duration": 1295,
              "state": "passed",
              "speed": "slow",
              "pass": true,
              "fail": false,
              "pending": false,
              "context": null,
              "code": "_Leaving_Time.OnLeaving_Time.leaveTime(\"12:00\");",
              "err": {},
              "uuid": "d74c41cc-41b5-4d56-97dd-f10c4d070f52",
              "parentUUID": "35a41400-ee2a-4675-96ce-f28e86532fba",
              "isHook": false,
              "skipped": false
            },
            {
              "title": "Leaving Time AM or PM Test",
              "fullTitle": "Testing  the Economy Parking  cost should be $9.00 daily maximum Leaving Time AM or PM Test",
              "timedOut": null,
              "duration": 1072,
              "state": "passed",
              "speed": "slow",
              "pass": true,
              "fail": false,
              "pending": false,
              "context": null,
              "code": "_Leaving_RB_AMPM.onLeaving_RB_AMPM.pickPeriod(\"PM\");",
              "err": {},
              "uuid": "46084869-323b-4cdc-8f88-3953354b91ae",
              "parentUUID": "35a41400-ee2a-4675-96ce-f28e86532fba",
              "isHook": false,
              "skipped": false
            },
            {
              "title": "Format Submit Test",
              "fullTitle": "Testing  the Economy Parking  cost should be $9.00 daily maximum Format Submit Test",
              "timedOut": null,
              "duration": 859,
              "state": "passed",
              "speed": "slow",
              "pass": true,
              "fail": false,
              "pending": false,
              "context": null,
              "code": "_Submit_Form.onSubmit_Form.Submit();",
              "err": {},
              "uuid": "2d493a91-762f-4e25-a3c4-877597f61881",
              "parentUUID": "35a41400-ee2a-4675-96ce-f28e86532fba",
              "isHook": false,
              "skipped": false
            },
            {
              "title": "Check Correct Price Test",
              "fullTitle": "Testing  the Economy Parking  cost should be $9.00 daily maximum Check Correct Price Test",
              "timedOut": null,
              "duration": 1021,
              "state": "passed",
              "speed": "slow",
              "pass": true,
              "fail": false,
              "pending": false,
              "context": null,
              "code": "_Check_Price.onCheck_Price.ShouldBe(\"$ 9.00\");",
              "err": {},
              "uuid": "d7fbdb89-82fa-4472-a1b2-b710d4c4c584",
              "parentUUID": "35a41400-ee2a-4675-96ce-f28e86532fba",
              "isHook": false,
              "skipped": false
            },
            {
              "title": "Check Correct Date Test",
              "fullTitle": "Testing  the Economy Parking  cost should be $9.00 daily maximum Check Correct Date Test",
              "timedOut": null,
              "duration": 1020,
              "state": "passed",
              "speed": "slow",
              "pass": true,
              "fail": false,
              "pending": false,
              "context": null,
              "code": "_Check_Date.onCheck_Date.CheckDate(\"(0 Days, 12 Hours, 0 Minutes)\");",
              "err": {},
              "uuid": "329ec602-15c6-4889-b7fe-f9a93c2daa0c",
              "parentUUID": "35a41400-ee2a-4675-96ce-f28e86532fba",
              "isHook": false,
              "skipped": false
            }
          ],
          "suites": [],
          "passes": [
            "fa69e434-5860-48ae-a80f-65a042bfa197",
            "3ef05e4a-8f93-454b-b99c-d16973c58dbe",
            "2ac57bfd-78e6-4cb9-bb6b-a721b33c9b72",
            "85a0a703-bceb-40a0-8385-d8772b049609",
            "9302216d-c03a-48bc-8878-bb53d065382a",
            "8390badd-c9ae-431b-9919-9694468f8695",
            "d74c41cc-41b5-4d56-97dd-f10c4d070f52",
            "46084869-323b-4cdc-8f88-3953354b91ae",
            "2d493a91-762f-4e25-a3c4-877597f61881",
            "d7fbdb89-82fa-4472-a1b2-b710d4c4c584",
            "329ec602-15c6-4889-b7fe-f9a93c2daa0c"
          ],
          "failures": [],
          "pending": [],
          "skipped": [],
          "duration": 12799,
          "root": false,
          "rootEmpty": false,
          "_timeout": 2000
        },
        {
          "uuid": "e7612ae4-1cd3-4c8d-84e8-f401267a7e61",
          "title": "Testing  the Economy Parking  Parking cost should be $54.00 per week (7th day free)",
          "fullFile": "",
          "file": "",
          "beforeHooks": [],
          "afterHooks": [],
          "tests": [
            {
              "title": "Open Application",
              "fullTitle": "Testing  the Economy Parking  Parking cost should be $54.00 per week (7th day free) Open Application",
              "timedOut": null,
              "duration": 872,
              "state": "passed",
              "speed": "slow",
              "pass": true,
              "fail": false,
              "pending": false,
              "context": null,
              "code": "cy.openMainPage();",
              "err": {},
              "uuid": "584e748c-a120-41b9-9ac7-739baf3dad2f",
              "parentUUID": "e7612ae4-1cd3-4c8d-84e8-f401267a7e61",
              "isHook": false,
              "skipped": false
            },
            {
              "title": "Parking Lot Test",
              "fullTitle": "Testing  the Economy Parking  Parking cost should be $54.00 per week (7th day free) Parking Lot Test",
              "timedOut": null,
              "duration": 1157,
              "state": "passed",
              "speed": "slow",
              "pass": true,
              "fail": false,
              "pending": false,
              "context": null,
              "code": "_Parking_Lot_Picker.onParkingLotPicker.pickLot(\"Economy Parking\", \"Economy Parking\");",
              "err": {},
              "uuid": "6d6d5dc6-39f4-4230-8242-c65b45db3dfa",
              "parentUUID": "e7612ae4-1cd3-4c8d-84e8-f401267a7e61",
              "isHook": false,
              "skipped": false
            },
            {
              "title": "Entry Date Test",
              "fullTitle": "Testing  the Economy Parking  Parking cost should be $54.00 per week (7th day free) Entry Date Test",
              "timedOut": null,
              "duration": 1325,
              "state": "passed",
              "speed": "slow",
              "pass": true,
              "fail": false,
              "pending": false,
              "context": null,
              "code": "_Entry_Date.onEntry_Date.pickDate(\"7/5/2021\");",
              "err": {},
              "uuid": "69f21682-4c46-4917-adf8-33cfd163c230",
              "parentUUID": "e7612ae4-1cd3-4c8d-84e8-f401267a7e61",
              "isHook": false,
              "skipped": false
            },
            {
              "title": "Starting Time Test",
              "fullTitle": "Testing  the Economy Parking  Parking cost should be $54.00 per week (7th day free) Starting Time Test",
              "timedOut": null,
              "duration": 1290,
              "state": "passed",
              "speed": "slow",
              "pass": true,
              "fail": false,
              "pending": false,
              "context": null,
              "code": "_Entry_Time.OnEntry_Time.pickTime(\"12:00\");",
              "err": {},
              "uuid": "e2587c71-8a68-449e-8e3c-64eedbceec5b",
              "parentUUID": "e7612ae4-1cd3-4c8d-84e8-f401267a7e61",
              "isHook": false,
              "skipped": false
            },
            {
              "title": "Radio_Button-Test",
              "fullTitle": "Testing  the Economy Parking  Parking cost should be $54.00 per week (7th day free) Radio_Button-Test",
              "timedOut": null,
              "duration": 1019,
              "state": "passed",
              "speed": "slow",
              "pass": true,
              "fail": false,
              "pending": false,
              "context": null,
              "code": "_Entry_RB_AMPM.onEntry_RB_AMPM.pickPeriod(\"AM\");",
              "err": {},
              "uuid": "ae4820bb-e0b4-4927-abbf-f7192774b416",
              "parentUUID": "e7612ae4-1cd3-4c8d-84e8-f401267a7e61",
              "isHook": false,
              "skipped": false
            },
            {
              "title": "Leaving Date Test",
              "fullTitle": "Testing  the Economy Parking  Parking cost should be $54.00 per week (7th day free) Leaving Date Test",
              "timedOut": null,
              "duration": 1343,
              "state": "passed",
              "speed": "slow",
              "pass": true,
              "fail": false,
              "pending": false,
              "context": null,
              "code": "_Leaving_Date.OnLeaving_Date.leaveDate(\"7/12/2021\");",
              "err": {},
              "uuid": "28f3ff55-7ced-427a-a519-5b50b8f99b28",
              "parentUUID": "e7612ae4-1cd3-4c8d-84e8-f401267a7e61",
              "isHook": false,
              "skipped": false
            },
            {
              "title": "Leaving Time Test",
              "fullTitle": "Testing  the Economy Parking  Parking cost should be $54.00 per week (7th day free) Leaving Time Test",
              "timedOut": null,
              "duration": 1285,
              "state": "passed",
              "speed": "slow",
              "pass": true,
              "fail": false,
              "pending": false,
              "context": null,
              "code": "_Leaving_Time.OnLeaving_Time.leaveTime(\"12:00\");",
              "err": {},
              "uuid": "b87dfdf4-178e-411b-bd39-02cd742296e4",
              "parentUUID": "e7612ae4-1cd3-4c8d-84e8-f401267a7e61",
              "isHook": false,
              "skipped": false
            },
            {
              "title": "Leaving Time AM or PM Test",
              "fullTitle": "Testing  the Economy Parking  Parking cost should be $54.00 per week (7th day free) Leaving Time AM or PM Test",
              "timedOut": null,
              "duration": 1018,
              "state": "passed",
              "speed": "slow",
              "pass": true,
              "fail": false,
              "pending": false,
              "context": null,
              "code": "_Leaving_RB_AMPM.onLeaving_RB_AMPM.pickPeriod(\"AM\");",
              "err": {},
              "uuid": "c3a17c8f-79eb-476d-99ac-9fc6fd77bf76",
              "parentUUID": "e7612ae4-1cd3-4c8d-84e8-f401267a7e61",
              "isHook": false,
              "skipped": false
            },
            {
              "title": "Format Submit Test",
              "fullTitle": "Testing  the Economy Parking  Parking cost should be $54.00 per week (7th day free) Format Submit Test",
              "timedOut": null,
              "duration": 546,
              "state": "passed",
              "speed": "slow",
              "pass": true,
              "fail": false,
              "pending": false,
              "context": null,
              "code": "_Submit_Form.onSubmit_Form.Submit();",
              "err": {},
              "uuid": "377c7a45-0248-49f2-943c-ec732333de79",
              "parentUUID": "e7612ae4-1cd3-4c8d-84e8-f401267a7e61",
              "isHook": false,
              "skipped": false
            },
            {
              "title": "Check Correct Price Test",
              "fullTitle": "Testing  the Economy Parking  Parking cost should be $54.00 per week (7th day free) Check Correct Price Test",
              "timedOut": null,
              "duration": 1017,
              "state": "passed",
              "speed": "slow",
              "pass": true,
              "fail": false,
              "pending": false,
              "context": null,
              "code": "_Check_Price.onCheck_Price.ShouldBe(\"$ 54.00\");",
              "err": {},
              "uuid": "d0c693df-e58b-454e-bdcc-54fbb11a6271",
              "parentUUID": "e7612ae4-1cd3-4c8d-84e8-f401267a7e61",
              "isHook": false,
              "skipped": false
            },
            {
              "title": "Check Correct Date Test",
              "fullTitle": "Testing  the Economy Parking  Parking cost should be $54.00 per week (7th day free) Check Correct Date Test",
              "timedOut": null,
              "duration": 1025,
              "state": "passed",
              "speed": "slow",
              "pass": true,
              "fail": false,
              "pending": false,
              "context": null,
              "code": "_Check_Date.onCheck_Date.CheckDate(\"(7 Days, 0 Hours, 0 Minutes)\");",
              "err": {},
              "uuid": "c7e4ee26-e9bd-4c02-a874-6bf0c3556636",
              "parentUUID": "e7612ae4-1cd3-4c8d-84e8-f401267a7e61",
              "isHook": false,
              "skipped": false
            }
          ],
          "suites": [],
          "passes": [
            "584e748c-a120-41b9-9ac7-739baf3dad2f",
            "6d6d5dc6-39f4-4230-8242-c65b45db3dfa",
            "69f21682-4c46-4917-adf8-33cfd163c230",
            "e2587c71-8a68-449e-8e3c-64eedbceec5b",
            "ae4820bb-e0b4-4927-abbf-f7192774b416",
            "28f3ff55-7ced-427a-a519-5b50b8f99b28",
            "b87dfdf4-178e-411b-bd39-02cd742296e4",
            "c3a17c8f-79eb-476d-99ac-9fc6fd77bf76",
            "377c7a45-0248-49f2-943c-ec732333de79",
            "d0c693df-e58b-454e-bdcc-54fbb11a6271",
            "c7e4ee26-e9bd-4c02-a874-6bf0c3556636"
          ],
          "failures": [],
          "pending": [],
          "skipped": [],
          "duration": 11897,
          "root": false,
          "rootEmpty": false,
          "_timeout": 2000
        }
      ],
      "passes": [],
      "failures": [],
      "pending": [],
      "skipped": [],
      "duration": 0,
      "root": true,
      "rootEmpty": true,
      "_timeout": 2000
    }
  ],
  "meta": {
    "mocha": {
      "version": "7.0.1"
    },
    "mochawesome": {
      "options": {
        "quiet": false,
        "reportFilename": "mochawesome",
        "saveHtml": false,
        "saveJson": true,
        "consoleReporter": "spec",
        "useInlineDiffs": false,
        "code": true
      },
      "version": "6.2.2"
    },
    "marge": {
      "options": {
        "id": "default",
        "reportDir": "cypress/results/mochawesome",
        "overwrite": false,
        "html": false,
        "json": true
      },
      "version": "5.2.0"
    }
  }
}