{
  "stats": {
    "suites": 6,
    "tests": 164,
    "passes": 164,
    "pending": 0,
    "failures": 0,
    "start": "2021-07-08T16:26:50.837Z",
    "end": "2021-07-08T16:30:48.942Z",
    "duration": 193790,
    "testsRegistered": 164,
    "passPercent": 100,
    "pendingPercent": 0,
    "other": 0,
    "hasOther": false,
    "skipped": 0,
    "hasSkipped": false
  },
  "results": [
    {
      "uuid": "554862a0-2747-4bf5-95ef-549288469553",
      "title": "",
      "fullFile": "cypress/integration/Test_Long-Term_Surface_Parking.spec.js",
      "file": "cypress/integration/Test_Long-Term_Surface_Parking.spec.js",
      "beforeHooks": [],
      "afterHooks": [],
      "tests": [],
      "suites": [
        {
          "uuid": "f76f4dd0-6716-4841-9e9d-bebf101fc9a9",
          "title": "Testing  the Long-Term Surface Parking (North Lot) Parking cost should be $2.00 per hour",
          "fullFile": "",
          "file": "",
          "beforeHooks": [],
          "afterHooks": [],
          "tests": [
            {
              "title": "Open Application",
              "fullTitle": "Testing  the Long-Term Surface Parking (North Lot) Parking cost should be $2.00 per hour Open Application",
              "timedOut": null,
              "duration": 1675,
              "state": "passed",
              "speed": "slow",
              "pass": true,
              "fail": false,
              "pending": false,
              "context": null,
              "code": "cy.openMainPage();",
              "err": {},
              "uuid": "1dc6115c-69c3-4c6d-8987-8c71c4958a98",
              "parentUUID": "f76f4dd0-6716-4841-9e9d-bebf101fc9a9",
              "isHook": false,
              "skipped": false
            },
            {
              "title": "Parking Lot Test",
              "fullTitle": "Testing  the Long-Term Surface Parking (North Lot) Parking cost should be $2.00 per hour Parking Lot Test",
              "timedOut": null,
              "duration": 1185,
              "state": "passed",
              "speed": "slow",
              "pass": true,
              "fail": false,
              "pending": false,
              "context": null,
              "code": "_Parking_Lot_Picker.onParkingLotPicker.pickLot(\"Long-Term Surface Parking\", \"Long-Term Surface Parking\");",
              "err": {},
              "uuid": "4d92badd-2b06-4302-b24a-e74ec4fcd0f6",
              "parentUUID": "f76f4dd0-6716-4841-9e9d-bebf101fc9a9",
              "isHook": false,
              "skipped": false
            },
            {
              "title": "Entry Date Test",
              "fullTitle": "Testing  the Long-Term Surface Parking (North Lot) Parking cost should be $2.00 per hour Entry Date Test",
              "timedOut": null,
              "duration": 1355,
              "state": "passed",
              "speed": "slow",
              "pass": true,
              "fail": false,
              "pending": false,
              "context": null,
              "code": "_Entry_Date.onEntry_Date.pickDate(\"7/29/2021\");",
              "err": {},
              "uuid": "b3341100-5e08-495c-996d-a4c081e6a8e6",
              "parentUUID": "f76f4dd0-6716-4841-9e9d-bebf101fc9a9",
              "isHook": false,
              "skipped": false
            },
            {
              "title": "Starting Time Test",
              "fullTitle": "Testing  the Long-Term Surface Parking (North Lot) Parking cost should be $2.00 per hour Starting Time Test",
              "timedOut": null,
              "duration": 1304,
              "state": "passed",
              "speed": "slow",
              "pass": true,
              "fail": false,
              "pending": false,
              "context": null,
              "code": "_Entry_Time.OnEntry_Time.pickTime(\"12:00\");",
              "err": {},
              "uuid": "126814a6-322a-49a7-9ebe-eb65773380ed",
              "parentUUID": "f76f4dd0-6716-4841-9e9d-bebf101fc9a9",
              "isHook": false,
              "skipped": false
            },
            {
              "title": "Radio_Button-Test",
              "fullTitle": "Testing  the Long-Term Surface Parking (North Lot) Parking cost should be $2.00 per hour Radio_Button-Test",
              "timedOut": null,
              "duration": 1079,
              "state": "passed",
              "speed": "slow",
              "pass": true,
              "fail": false,
              "pending": false,
              "context": null,
              "code": "_Entry_RB_AMPM.onEntry_RB_AMPM.pickPeriod(\"PM\");",
              "err": {},
              "uuid": "5ecb60c8-a5c9-4e21-a916-0a3be520c14c",
              "parentUUID": "f76f4dd0-6716-4841-9e9d-bebf101fc9a9",
              "isHook": false,
              "skipped": false
            },
            {
              "title": "Leaving Date Test",
              "fullTitle": "Testing  the Long-Term Surface Parking (North Lot) Parking cost should be $2.00 per hour Leaving Date Test",
              "timedOut": null,
              "duration": 1341,
              "state": "passed",
              "speed": "slow",
              "pass": true,
              "fail": false,
              "pending": false,
              "context": null,
              "code": "_Leaving_Date.OnLeaving_Date.leaveDate(\"7/29/2021\");",
              "err": {},
              "uuid": "324c7c79-6b6e-4cf1-9ea8-59c2093318f3",
              "parentUUID": "f76f4dd0-6716-4841-9e9d-bebf101fc9a9",
              "isHook": false,
              "skipped": false
            },
            {
              "title": "Leaving Time Test",
              "fullTitle": "Testing  the Long-Term Surface Parking (North Lot) Parking cost should be $2.00 per hour Leaving Time Test",
              "timedOut": null,
              "duration": 1274,
              "state": "passed",
              "speed": "slow",
              "pass": true,
              "fail": false,
              "pending": false,
              "context": null,
              "code": "_Leaving_Time.OnLeaving_Time.leaveTime(\"3:00\");",
              "err": {},
              "uuid": "ebd12dec-0cb3-4d3e-b05c-1e9b21177182",
              "parentUUID": "f76f4dd0-6716-4841-9e9d-bebf101fc9a9",
              "isHook": false,
              "skipped": false
            },
            {
              "title": "Leaving Time AM or PM Test",
              "fullTitle": "Testing  the Long-Term Surface Parking (North Lot) Parking cost should be $2.00 per hour Leaving Time AM or PM Test",
              "timedOut": null,
              "duration": 1073,
              "state": "passed",
              "speed": "slow",
              "pass": true,
              "fail": false,
              "pending": false,
              "context": null,
              "code": "_Leaving_RB_AMPM.onLeaving_RB_AMPM.pickPeriod(\"PM\");",
              "err": {},
              "uuid": "2d54e6f2-bf91-4df1-9a89-1315d772857b",
              "parentUUID": "f76f4dd0-6716-4841-9e9d-bebf101fc9a9",
              "isHook": false,
              "skipped": false
            },
            {
              "title": "Format Submit Test",
              "fullTitle": "Testing  the Long-Term Surface Parking (North Lot) Parking cost should be $2.00 per hour Format Submit Test",
              "timedOut": null,
              "duration": 1061,
              "state": "passed",
              "speed": "slow",
              "pass": true,
              "fail": false,
              "pending": false,
              "context": null,
              "code": "_Submit_Form.onSubmit_Form.Submit();",
              "err": {},
              "uuid": "169fc15e-c342-498e-bce0-79ccd67e5b6e",
              "parentUUID": "f76f4dd0-6716-4841-9e9d-bebf101fc9a9",
              "isHook": false,
              "skipped": false
            },
            {
              "title": "Check Correct Price Test",
              "fullTitle": "Testing  the Long-Term Surface Parking (North Lot) Parking cost should be $2.00 per hour Check Correct Price Test",
              "timedOut": null,
              "duration": 1019,
              "state": "passed",
              "speed": "slow",
              "pass": true,
              "fail": false,
              "pending": false,
              "context": null,
              "code": "_Check_Price.onCheck_Price.ShouldBe(\"$ 6.00\");",
              "err": {},
              "uuid": "d6bb9993-5f81-40b7-8f59-2798de2c5a8b",
              "parentUUID": "f76f4dd0-6716-4841-9e9d-bebf101fc9a9",
              "isHook": false,
              "skipped": false
            },
            {
              "title": "Check Correct Date Test",
              "fullTitle": "Testing  the Long-Term Surface Parking (North Lot) Parking cost should be $2.00 per hour Check Correct Date Test",
              "timedOut": null,
              "duration": 1025,
              "state": "passed",
              "speed": "slow",
              "pass": true,
              "fail": false,
              "pending": false,
              "context": null,
              "code": "_Check_Date.onCheck_Date.CheckDate(\"(0 Days, 3 Hours, 0 Minutes)\");",
              "err": {},
              "uuid": "a5c06f6d-0f5e-4d3e-aad9-ed64140d8d81",
              "parentUUID": "f76f4dd0-6716-4841-9e9d-bebf101fc9a9",
              "isHook": false,
              "skipped": false
            }
          ],
          "suites": [],
          "passes": [
            "1dc6115c-69c3-4c6d-8987-8c71c4958a98",
            "4d92badd-2b06-4302-b24a-e74ec4fcd0f6",
            "b3341100-5e08-495c-996d-a4c081e6a8e6",
            "126814a6-322a-49a7-9ebe-eb65773380ed",
            "5ecb60c8-a5c9-4e21-a916-0a3be520c14c",
            "324c7c79-6b6e-4cf1-9ea8-59c2093318f3",
            "ebd12dec-0cb3-4d3e-b05c-1e9b21177182",
            "2d54e6f2-bf91-4df1-9a89-1315d772857b",
            "169fc15e-c342-498e-bce0-79ccd67e5b6e",
            "d6bb9993-5f81-40b7-8f59-2798de2c5a8b",
            "a5c06f6d-0f5e-4d3e-aad9-ed64140d8d81"
          ],
          "failures": [],
          "pending": [],
          "skipped": [],
          "duration": 13391,
          "root": false,
          "rootEmpty": false,
          "_timeout": 2000
        },
        {
          "uuid": "8fb53b49-f877-41a7-83fc-c7d5de75e9e8",
          "title": "Testing  the Long-Term Surface Parking (North Lot)  cost should be $10.00 daily maximum",
          "fullFile": "",
          "file": "",
          "beforeHooks": [],
          "afterHooks": [],
          "tests": [
            {
              "title": "Open Application",
              "fullTitle": "Testing  the Long-Term Surface Parking (North Lot)  cost should be $10.00 daily maximum Open Application",
              "timedOut": null,
              "duration": 1825,
              "state": "passed",
              "speed": "slow",
              "pass": true,
              "fail": false,
              "pending": false,
              "context": null,
              "code": "cy.openMainPage();",
              "err": {},
              "uuid": "bd5d4ea9-0a3a-4d62-ac28-951c8afc4ecb",
              "parentUUID": "8fb53b49-f877-41a7-83fc-c7d5de75e9e8",
              "isHook": false,
              "skipped": false
            },
            {
              "title": "Parking Lot Test",
              "fullTitle": "Testing  the Long-Term Surface Parking (North Lot)  cost should be $10.00 daily maximum Parking Lot Test",
              "timedOut": null,
              "duration": 1157,
              "state": "passed",
              "speed": "slow",
              "pass": true,
              "fail": false,
              "pending": false,
              "context": null,
              "code": "_Parking_Lot_Picker.onParkingLotPicker.pickLot(\"Long-Term Surface Parking\", \"Long-Term Surface Parking\");",
              "err": {},
              "uuid": "fd7700e1-001b-4736-b49d-8b92b1a4b3ec",
              "parentUUID": "8fb53b49-f877-41a7-83fc-c7d5de75e9e8",
              "isHook": false,
              "skipped": false
            },
            {
              "title": "Entry Date Test",
              "fullTitle": "Testing  the Long-Term Surface Parking (North Lot)  cost should be $10.00 daily maximum Entry Date Test",
              "timedOut": null,
              "duration": 1343,
              "state": "passed",
              "speed": "slow",
              "pass": true,
              "fail": false,
              "pending": false,
              "context": null,
              "code": "_Entry_Date.onEntry_Date.pickDate(\"7/29/2021\");",
              "err": {},
              "uuid": "4f9fe4f9-a4a2-480b-bb4b-91d1e1ee1920",
              "parentUUID": "8fb53b49-f877-41a7-83fc-c7d5de75e9e8",
              "isHook": false,
              "skipped": false
            },
            {
              "title": "Starting Time Test",
              "fullTitle": "Testing  the Long-Term Surface Parking (North Lot)  cost should be $10.00 daily maximum Starting Time Test",
              "timedOut": null,
              "duration": 1293,
              "state": "passed",
              "speed": "slow",
              "pass": true,
              "fail": false,
              "pending": false,
              "context": null,
              "code": "_Entry_Time.OnEntry_Time.pickTime(\"12:00\");",
              "err": {},
              "uuid": "02dd9319-cdd9-4980-8d31-d58417ce850d",
              "parentUUID": "8fb53b49-f877-41a7-83fc-c7d5de75e9e8",
              "isHook": false,
              "skipped": false
            },
            {
              "title": "Radio_Button-Test",
              "fullTitle": "Testing  the Long-Term Surface Parking (North Lot)  cost should be $10.00 daily maximum Radio_Button-Test",
              "timedOut": null,
              "duration": 1021,
              "state": "passed",
              "speed": "slow",
              "pass": true,
              "fail": false,
              "pending": false,
              "context": null,
              "code": "_Entry_RB_AMPM.onEntry_RB_AMPM.pickPeriod(\"AM\");",
              "err": {},
              "uuid": "0e5ac7d6-3918-431e-9cf9-2e994be0463e",
              "parentUUID": "8fb53b49-f877-41a7-83fc-c7d5de75e9e8",
              "isHook": false,
              "skipped": false
            },
            {
              "title": "Leaving Date Test",
              "fullTitle": "Testing  the Long-Term Surface Parking (North Lot)  cost should be $10.00 daily maximum Leaving Date Test",
              "timedOut": null,
              "duration": 1341,
              "state": "passed",
              "speed": "slow",
              "pass": true,
              "fail": false,
              "pending": false,
              "context": null,
              "code": "_Leaving_Date.OnLeaving_Date.leaveDate(\"7/29/2021\");",
              "err": {},
              "uuid": "081b8dd7-f5a1-4607-8031-cc7717b0c04e",
              "parentUUID": "8fb53b49-f877-41a7-83fc-c7d5de75e9e8",
              "isHook": false,
              "skipped": false
            },
            {
              "title": "Leaving Time Test",
              "fullTitle": "Testing  the Long-Term Surface Parking (North Lot)  cost should be $10.00 daily maximum Leaving Time Test",
              "timedOut": null,
              "duration": 1288,
              "state": "passed",
              "speed": "slow",
              "pass": true,
              "fail": false,
              "pending": false,
              "context": null,
              "code": "_Leaving_Time.OnLeaving_Time.leaveTime(\"12:00\");",
              "err": {},
              "uuid": "a528595e-0dd9-40db-acd0-c6bfb4964681",
              "parentUUID": "8fb53b49-f877-41a7-83fc-c7d5de75e9e8",
              "isHook": false,
              "skipped": false
            },
            {
              "title": "Leaving Time AM or PM Test",
              "fullTitle": "Testing  the Long-Term Surface Parking (North Lot)  cost should be $10.00 daily maximum Leaving Time AM or PM Test",
              "timedOut": null,
              "duration": 1076,
              "state": "passed",
              "speed": "slow",
              "pass": true,
              "fail": false,
              "pending": false,
              "context": null,
              "code": "_Leaving_RB_AMPM.onLeaving_RB_AMPM.pickPeriod(\"PM\");",
              "err": {},
              "uuid": "08cc3abb-ffec-4b8c-b431-07c99a47266c",
              "parentUUID": "8fb53b49-f877-41a7-83fc-c7d5de75e9e8",
              "isHook": false,
              "skipped": false
            },
            {
              "title": "Format Submit Test",
              "fullTitle": "Testing  the Long-Term Surface Parking (North Lot)  cost should be $10.00 daily maximum Format Submit Test",
              "timedOut": null,
              "duration": 1334,
              "state": "passed",
              "speed": "slow",
              "pass": true,
              "fail": false,
              "pending": false,
              "context": null,
              "code": "_Submit_Form.onSubmit_Form.Submit();",
              "err": {},
              "uuid": "580d67bc-7e7f-4589-b132-5a4b7212cb1b",
              "parentUUID": "8fb53b49-f877-41a7-83fc-c7d5de75e9e8",
              "isHook": false,
              "skipped": false
            },
            {
              "title": "Check Correct Price Test",
              "fullTitle": "Testing  the Long-Term Surface Parking (North Lot)  cost should be $10.00 daily maximum Check Correct Price Test",
              "timedOut": null,
              "duration": 1023,
              "state": "passed",
              "speed": "slow",
              "pass": true,
              "fail": false,
              "pending": false,
              "context": null,
              "code": "_Check_Price.onCheck_Price.ShouldBe(\"$ 10.00\");",
              "err": {},
              "uuid": "66064598-cd5c-4ac1-82a5-56ba6162db92",
              "parentUUID": "8fb53b49-f877-41a7-83fc-c7d5de75e9e8",
              "isHook": false,
              "skipped": false
            },
            {
              "title": "Check Correct Date Test",
              "fullTitle": "Testing  the Long-Term Surface Parking (North Lot)  cost should be $10.00 daily maximum Check Correct Date Test",
              "timedOut": null,
              "duration": 1021,
              "state": "passed",
              "speed": "slow",
              "pass": true,
              "fail": false,
              "pending": false,
              "context": null,
              "code": "_Check_Date.onCheck_Date.CheckDate(\"(0 Days, 12 Hours, 0 Minutes)\");",
              "err": {},
              "uuid": "982de12d-27fb-4a9e-a932-d3a36d7dd3c3",
              "parentUUID": "8fb53b49-f877-41a7-83fc-c7d5de75e9e8",
              "isHook": false,
              "skipped": false
            }
          ],
          "suites": [],
          "passes": [
            "bd5d4ea9-0a3a-4d62-ac28-951c8afc4ecb",
            "fd7700e1-001b-4736-b49d-8b92b1a4b3ec",
            "4f9fe4f9-a4a2-480b-bb4b-91d1e1ee1920",
            "02dd9319-cdd9-4980-8d31-d58417ce850d",
            "0e5ac7d6-3918-431e-9cf9-2e994be0463e",
            "081b8dd7-f5a1-4607-8031-cc7717b0c04e",
            "a528595e-0dd9-40db-acd0-c6bfb4964681",
            "08cc3abb-ffec-4b8c-b431-07c99a47266c",
            "580d67bc-7e7f-4589-b132-5a4b7212cb1b",
            "66064598-cd5c-4ac1-82a5-56ba6162db92",
            "982de12d-27fb-4a9e-a932-d3a36d7dd3c3"
          ],
          "failures": [],
          "pending": [],
          "skipped": [],
          "duration": 13722,
          "root": false,
          "rootEmpty": false,
          "_timeout": 2000
        },
        {
          "uuid": "688e1822-4a6f-4605-81f3-c07cfaa61781",
          "title": "Testing  the Long-Term Surface Parking (North Lot)  Parking cost should be $60.00 per week (7th day free)",
          "fullFile": "",
          "file": "",
          "beforeHooks": [],
          "afterHooks": [],
          "tests": [
            {
              "title": "Open Application",
              "fullTitle": "Testing  the Long-Term Surface Parking (North Lot)  Parking cost should be $60.00 per week (7th day free) Open Application",
              "timedOut": null,
              "duration": 911,
              "state": "passed",
              "speed": "slow",
              "pass": true,
              "fail": false,
              "pending": false,
              "context": null,
              "code": "cy.openMainPage();",
              "err": {},
              "uuid": "9cb41ea5-3459-4398-8a62-46a26bda7102",
              "parentUUID": "688e1822-4a6f-4605-81f3-c07cfaa61781",
              "isHook": false,
              "skipped": false
            },
            {
              "title": "Parking Lot Test",
              "fullTitle": "Testing  the Long-Term Surface Parking (North Lot)  Parking cost should be $60.00 per week (7th day free) Parking Lot Test",
              "timedOut": null,
              "duration": 1152,
              "state": "passed",
              "speed": "slow",
              "pass": true,
              "fail": false,
              "pending": false,
              "context": null,
              "code": "_Parking_Lot_Picker.onParkingLotPicker.pickLot(\"Long-Term Surface Parking\", \"Long-Term Surface Parking\");",
              "err": {},
              "uuid": "e30e26ab-c3c1-4d7a-ad8a-df87fe15ae75",
              "parentUUID": "688e1822-4a6f-4605-81f3-c07cfaa61781",
              "isHook": false,
              "skipped": false
            },
            {
              "title": "Entry Date Test",
              "fullTitle": "Testing  the Long-Term Surface Parking (North Lot)  Parking cost should be $60.00 per week (7th day free) Entry Date Test",
              "timedOut": null,
              "duration": 1321,
              "state": "passed",
              "speed": "slow",
              "pass": true,
              "fail": false,
              "pending": false,
              "context": null,
              "code": "_Entry_Date.onEntry_Date.pickDate(\"7/5/2021\");",
              "err": {},
              "uuid": "1a31c52f-d92c-4703-85f8-bb3527af7cbc",
              "parentUUID": "688e1822-4a6f-4605-81f3-c07cfaa61781",
              "isHook": false,
              "skipped": false
            },
            {
              "title": "Starting Time Test",
              "fullTitle": "Testing  the Long-Term Surface Parking (North Lot)  Parking cost should be $60.00 per week (7th day free) Starting Time Test",
              "timedOut": null,
              "duration": 1286,
              "state": "passed",
              "speed": "slow",
              "pass": true,
              "fail": false,
              "pending": false,
              "context": null,
              "code": "_Entry_Time.OnEntry_Time.pickTime(\"12:00\");",
              "err": {},
              "uuid": "46746dd8-d48f-42ff-9608-62aa1ad2b1f0",
              "parentUUID": "688e1822-4a6f-4605-81f3-c07cfaa61781",
              "isHook": false,
              "skipped": false
            },
            {
              "title": "Radio_Button-Test",
              "fullTitle": "Testing  the Long-Term Surface Parking (North Lot)  Parking cost should be $60.00 per week (7th day free) Radio_Button-Test",
              "timedOut": null,
              "duration": 1018,
              "state": "passed",
              "speed": "slow",
              "pass": true,
              "fail": false,
              "pending": false,
              "context": null,
              "code": "_Entry_RB_AMPM.onEntry_RB_AMPM.pickPeriod(\"AM\");",
              "err": {},
              "uuid": "2187a5fc-bb07-4c55-a5c2-fac0a387b690",
              "parentUUID": "688e1822-4a6f-4605-81f3-c07cfaa61781",
              "isHook": false,
              "skipped": false
            },
            {
              "title": "Leaving Date Test",
              "fullTitle": "Testing  the Long-Term Surface Parking (North Lot)  Parking cost should be $60.00 per week (7th day free) Leaving Date Test",
              "timedOut": null,
              "duration": 1339,
              "state": "passed",
              "speed": "slow",
              "pass": true,
              "fail": false,
              "pending": false,
              "context": null,
              "code": "_Leaving_Date.OnLeaving_Date.leaveDate(\"7/12/2021\");",
              "err": {},
              "uuid": "e941cfd5-b120-49d7-8f63-5dd446939fdd",
              "parentUUID": "688e1822-4a6f-4605-81f3-c07cfaa61781",
              "isHook": false,
              "skipped": false
            },
            {
              "title": "Leaving Time Test",
              "fullTitle": "Testing  the Long-Term Surface Parking (North Lot)  Parking cost should be $60.00 per week (7th day free) Leaving Time Test",
              "timedOut": null,
              "duration": 1289,
              "state": "passed",
              "speed": "slow",
              "pass": true,
              "fail": false,
              "pending": false,
              "context": null,
              "code": "_Leaving_Time.OnLeaving_Time.leaveTime(\"12:00\");",
              "err": {},
              "uuid": "de90bcfd-2950-4e25-b412-95ae8683ae10",
              "parentUUID": "688e1822-4a6f-4605-81f3-c07cfaa61781",
              "isHook": false,
              "skipped": false
            },
            {
              "title": "Leaving Time AM or PM Test",
              "fullTitle": "Testing  the Long-Term Surface Parking (North Lot)  Parking cost should be $60.00 per week (7th day free) Leaving Time AM or PM Test",
              "timedOut": null,
              "duration": 1018,
              "state": "passed",
              "speed": "slow",
              "pass": true,
              "fail": false,
              "pending": false,
              "context": null,
              "code": "_Leaving_RB_AMPM.onLeaving_RB_AMPM.pickPeriod(\"AM\");",
              "err": {},
              "uuid": "387f6ba8-193d-4296-85f0-055f8dd97e21",
              "parentUUID": "688e1822-4a6f-4605-81f3-c07cfaa61781",
              "isHook": false,
              "skipped": false
            },
            {
              "title": "Format Submit Test",
              "fullTitle": "Testing  the Long-Term Surface Parking (North Lot)  Parking cost should be $60.00 per week (7th day free) Format Submit Test",
              "timedOut": null,
              "duration": 545,
              "state": "passed",
              "speed": "slow",
              "pass": true,
              "fail": false,
              "pending": false,
              "context": null,
              "code": "_Submit_Form.onSubmit_Form.Submit();",
              "err": {},
              "uuid": "41626d6b-8a9b-4e7c-bbd1-637483285c3a",
              "parentUUID": "688e1822-4a6f-4605-81f3-c07cfaa61781",
              "isHook": false,
              "skipped": false
            },
            {
              "title": "Check Correct Price Test",
              "fullTitle": "Testing  the Long-Term Surface Parking (North Lot)  Parking cost should be $60.00 per week (7th day free) Check Correct Price Test",
              "timedOut": null,
              "duration": 1024,
              "state": "passed",
              "speed": "slow",
              "pass": true,
              "fail": false,
              "pending": false,
              "context": null,
              "code": "_Check_Price.onCheck_Price.ShouldBe(\"$ 60.00\");",
              "err": {},
              "uuid": "96e5f7e7-4513-4a3f-8092-be058bf4e19f",
              "parentUUID": "688e1822-4a6f-4605-81f3-c07cfaa61781",
              "isHook": false,
              "skipped": false
            },
            {
              "title": "Check Correct Date Test",
              "fullTitle": "Testing  the Long-Term Surface Parking (North Lot)  Parking cost should be $60.00 per week (7th day free) Check Correct Date Test",
              "timedOut": null,
              "duration": 1024,
              "state": "passed",
              "speed": "slow",
              "pass": true,
              "fail": false,
              "pending": false,
              "context": null,
              "code": "_Check_Date.onCheck_Date.CheckDate(\"(7 Days, 0 Hours, 0 Minutes)\");",
              "err": {},
              "uuid": "7a35793e-6fea-4853-83f3-6eec224bbed6",
              "parentUUID": "688e1822-4a6f-4605-81f3-c07cfaa61781",
              "isHook": false,
              "skipped": false
            }
          ],
          "suites": [],
          "passes": [
            "9cb41ea5-3459-4398-8a62-46a26bda7102",
            "e30e26ab-c3c1-4d7a-ad8a-df87fe15ae75",
            "1a31c52f-d92c-4703-85f8-bb3527af7cbc",
            "46746dd8-d48f-42ff-9608-62aa1ad2b1f0",
            "2187a5fc-bb07-4c55-a5c2-fac0a387b690",
            "e941cfd5-b120-49d7-8f63-5dd446939fdd",
            "de90bcfd-2950-4e25-b412-95ae8683ae10",
            "387f6ba8-193d-4296-85f0-055f8dd97e21",
            "41626d6b-8a9b-4e7c-bbd1-637483285c3a",
            "96e5f7e7-4513-4a3f-8092-be058bf4e19f",
            "7a35793e-6fea-4853-83f3-6eec224bbed6"
          ],
          "failures": [],
          "pending": [],
          "skipped": [],
          "duration": 11927,
          "root": false,
          "rootEmpty": false,
          "_timeout": 2000
        }
      ],
      "passes": [],
      "failures": [],
      "pending": [],
      "skipped": [],
      "duration": 0,
      "root": true,
      "rootEmpty": true,
      "_timeout": 2000
    },
    {
      "uuid": "6b3c8a59-efbd-41f7-9390-4b9280354636",
      "title": "",
      "fullFile": "cypress/integration/Test_Lont-Term_Garage_Parking.spec.js",
      "file": "cypress/integration/Test_Lont-Term_Garage_Parking.spec.js",
      "beforeHooks": [],
      "afterHooks": [],
      "tests": [],
      "suites": [
        {
          "uuid": "fcc8f330-02c4-46d4-ade8-1aff82cd67ba",
          "title": "Testing  the Long-Term Garage Parking cost should be $2.00 per hour",
          "fullFile": "",
          "file": "",
          "beforeHooks": [],
          "afterHooks": [],
          "tests": [
            {
              "title": "Open Application",
              "fullTitle": "Testing  the Long-Term Garage Parking cost should be $2.00 per hour Open Application",
              "timedOut": null,
              "duration": 1682,
              "state": "passed",
              "speed": "slow",
              "pass": true,
              "fail": false,
              "pending": false,
              "context": null,
              "code": "cy.openMainPage();",
              "err": {},
              "uuid": "78323104-ad87-4c1c-af93-6352e8ed816c",
              "parentUUID": "fcc8f330-02c4-46d4-ade8-1aff82cd67ba",
              "isHook": false,
              "skipped": false
            },
            {
              "title": "Parking Lot Test",
              "fullTitle": "Testing  the Long-Term Garage Parking cost should be $2.00 per hour Parking Lot Test",
              "timedOut": null,
              "duration": 1198,
              "state": "passed",
              "speed": "slow",
              "pass": true,
              "fail": false,
              "pending": false,
              "context": null,
              "code": "_Parking_Lot_Picker.onParkingLotPicker.pickLot(\"Long-Term Garage Parking\", \"Long-Term Garage Parking\");",
              "err": {},
              "uuid": "f1287d4b-ea14-4fa0-a6d1-f203de396611",
              "parentUUID": "fcc8f330-02c4-46d4-ade8-1aff82cd67ba",
              "isHook": false,
              "skipped": false
            },
            {
              "title": "Entry Date Test",
              "fullTitle": "Testing  the Long-Term Garage Parking cost should be $2.00 per hour Entry Date Test",
              "timedOut": null,
              "duration": 1352,
              "state": "passed",
              "speed": "slow",
              "pass": true,
              "fail": false,
              "pending": false,
              "context": null,
              "code": "_Entry_Date.onEntry_Date.pickDate(\"7/29/2021\");",
              "err": {},
              "uuid": "d95fae6d-6668-4a31-88b0-c2e96ab3bb33",
              "parentUUID": "fcc8f330-02c4-46d4-ade8-1aff82cd67ba",
              "isHook": false,
              "skipped": false
            },
            {
              "title": "Starting Time Test",
              "fullTitle": "Testing  the Long-Term Garage Parking cost should be $2.00 per hour Starting Time Test",
              "timedOut": null,
              "duration": 1305,
              "state": "passed",
              "speed": "slow",
              "pass": true,
              "fail": false,
              "pending": false,
              "context": null,
              "code": "_Entry_Time.OnEntry_Time.pickTime(\"12:00\");",
              "err": {},
              "uuid": "688ce8fe-e0b4-44e6-a77f-5e5eb25a16a7",
              "parentUUID": "fcc8f330-02c4-46d4-ade8-1aff82cd67ba",
              "isHook": false,
              "skipped": false
            },
            {
              "title": "Radio_Button-Test",
              "fullTitle": "Testing  the Long-Term Garage Parking cost should be $2.00 per hour Radio_Button-Test",
              "timedOut": null,
              "duration": 1081,
              "state": "passed",
              "speed": "slow",
              "pass": true,
              "fail": false,
              "pending": false,
              "context": null,
              "code": "_Entry_RB_AMPM.onEntry_RB_AMPM.pickPeriod(\"PM\");",
              "err": {},
              "uuid": "9999bfb5-4a64-4d21-953b-9ff5e496788e",
              "parentUUID": "fcc8f330-02c4-46d4-ade8-1aff82cd67ba",
              "isHook": false,
              "skipped": false
            },
            {
              "title": "Leaving Date Test",
              "fullTitle": "Testing  the Long-Term Garage Parking cost should be $2.00 per hour Leaving Date Test",
              "timedOut": null,
              "duration": 1337,
              "state": "passed",
              "speed": "slow",
              "pass": true,
              "fail": false,
              "pending": false,
              "context": null,
              "code": "_Leaving_Date.OnLeaving_Date.leaveDate(\"7/29/2021\");",
              "err": {},
              "uuid": "d2f3f2d6-3d8a-4e7f-a78f-c97dd2816ed8",
              "parentUUID": "fcc8f330-02c4-46d4-ade8-1aff82cd67ba",
              "isHook": false,
              "skipped": false
            },
            {
              "title": "Leaving Time Test",
              "fullTitle": "Testing  the Long-Term Garage Parking cost should be $2.00 per hour Leaving Time Test",
              "timedOut": null,
              "duration": 1280,
              "state": "passed",
              "speed": "slow",
              "pass": true,
              "fail": false,
              "pending": false,
              "context": null,
              "code": "_Leaving_Time.OnLeaving_Time.leaveTime(\"3:00\");",
              "err": {},
              "uuid": "bb48f175-4ed1-4c38-b97e-6ac3d8a8f6a1",
              "parentUUID": "fcc8f330-02c4-46d4-ade8-1aff82cd67ba",
              "isHook": false,
              "skipped": false
            },
            {
              "title": "Leaving Time AM or PM Test",
              "fullTitle": "Testing  the Long-Term Garage Parking cost should be $2.00 per hour Leaving Time AM or PM Test",
              "timedOut": null,
              "duration": 1075,
              "state": "passed",
              "speed": "slow",
              "pass": true,
              "fail": false,
              "pending": false,
              "context": null,
              "code": "_Leaving_RB_AMPM.onLeaving_RB_AMPM.pickPeriod(\"PM\");",
              "err": {},
              "uuid": "1ab0db42-055f-4dfd-be4d-6b1833743c50",
              "parentUUID": "fcc8f330-02c4-46d4-ade8-1aff82cd67ba",
              "isHook": false,
              "skipped": false
            },
            {
              "title": "Format Submit Test",
              "fullTitle": "Testing  the Long-Term Garage Parking cost should be $2.00 per hour Format Submit Test",
              "timedOut": null,
              "duration": 1039,
              "state": "passed",
              "speed": "slow",
              "pass": true,
              "fail": false,
              "pending": false,
              "context": null,
              "code": "_Submit_Form.onSubmit_Form.Submit();",
              "err": {},
              "uuid": "ab13d960-df73-474f-b227-1a4028a858c1",
              "parentUUID": "fcc8f330-02c4-46d4-ade8-1aff82cd67ba",
              "isHook": false,
              "skipped": false
            },
            {
              "title": "Check Correct Price Test",
              "fullTitle": "Testing  the Long-Term Garage Parking cost should be $2.00 per hour Check Correct Price Test",
              "timedOut": null,
              "duration": 1019,
              "state": "passed",
              "speed": "slow",
              "pass": true,
              "fail": false,
              "pending": false,
              "context": null,
              "code": "_Check_Price.onCheck_Price.ShouldBe(\"$ 6.00\");",
              "err": {},
              "uuid": "18791d86-a455-4c2e-99b8-cf83b7046d4a",
              "parentUUID": "fcc8f330-02c4-46d4-ade8-1aff82cd67ba",
              "isHook": false,
              "skipped": false
            },
            {
              "title": "Check Correct Date Test",
              "fullTitle": "Testing  the Long-Term Garage Parking cost should be $2.00 per hour Check Correct Date Test",
              "timedOut": null,
              "duration": 1020,
              "state": "passed",
              "speed": "slow",
              "pass": true,
              "fail": false,
              "pending": false,
              "context": null,
              "code": "_Check_Date.onCheck_Date.CheckDate(\"(0 Days, 3 Hours, 0 Minutes)\");",
              "err": {},
              "uuid": "a82850b7-d244-46f0-917c-f185234e4701",
              "parentUUID": "fcc8f330-02c4-46d4-ade8-1aff82cd67ba",
              "isHook": false,
              "skipped": false
            }
          ],
          "suites": [],
          "passes": [
            "78323104-ad87-4c1c-af93-6352e8ed816c",
            "f1287d4b-ea14-4fa0-a6d1-f203de396611",
            "d95fae6d-6668-4a31-88b0-c2e96ab3bb33",
            "688ce8fe-e0b4-44e6-a77f-5e5eb25a16a7",
            "9999bfb5-4a64-4d21-953b-9ff5e496788e",
            "d2f3f2d6-3d8a-4e7f-a78f-c97dd2816ed8",
            "bb48f175-4ed1-4c38-b97e-6ac3d8a8f6a1",
            "1ab0db42-055f-4dfd-be4d-6b1833743c50",
            "ab13d960-df73-474f-b227-1a4028a858c1",
            "18791d86-a455-4c2e-99b8-cf83b7046d4a",
            "a82850b7-d244-46f0-917c-f185234e4701"
          ],
          "failures": [],
          "pending": [],
          "skipped": [],
          "duration": 13388,
          "root": false,
          "rootEmpty": false,
          "_timeout": 2000
        },
        {
          "uuid": "3345fa96-71ac-4daa-b439-6632f5e1835f",
          "title": "Testing  the Long-Term Garage Parking cost should be $12.00 daily maximum",
          "fullFile": "",
          "file": "",
          "beforeHooks": [],
          "afterHooks": [],
          "tests": [
            {
              "title": "Open Application",
              "fullTitle": "Testing  the Long-Term Garage Parking cost should be $12.00 daily maximum Open Application",
              "timedOut": null,
              "duration": 1358,
              "state": "passed",
              "speed": "slow",
              "pass": true,
              "fail": false,
              "pending": false,
              "context": null,
              "code": "cy.openMainPage();",
              "err": {},
              "uuid": "c8cd6854-a32f-4456-bf34-04af62238086",
              "parentUUID": "3345fa96-71ac-4daa-b439-6632f5e1835f",
              "isHook": false,
              "skipped": false
            },
            {
              "title": "Parking Lot Test",
              "fullTitle": "Testing  the Long-Term Garage Parking cost should be $12.00 daily maximum Parking Lot Test",
              "timedOut": null,
              "duration": 1157,
              "state": "passed",
              "speed": "slow",
              "pass": true,
              "fail": false,
              "pending": false,
              "context": null,
              "code": "_Parking_Lot_Picker.onParkingLotPicker.pickLot(\"Long-Term Garage Parking\", \"Long-Term Garage Parking\");",
              "err": {},
              "uuid": "52617b84-dc39-42b7-89da-3bc8a574005e",
              "parentUUID": "3345fa96-71ac-4daa-b439-6632f5e1835f",
              "isHook": false,
              "skipped": false
            },
            {
              "title": "Entry Date Test",
              "fullTitle": "Testing  the Long-Term Garage Parking cost should be $12.00 daily maximum Entry Date Test",
              "timedOut": null,
              "duration": 1336,
              "state": "passed",
              "speed": "slow",
              "pass": true,
              "fail": false,
              "pending": false,
              "context": null,
              "code": "_Entry_Date.onEntry_Date.pickDate(\"7/29/2021\");",
              "err": {},
              "uuid": "ef10296c-a9d5-4ac7-8084-246f805e020e",
              "parentUUID": "3345fa96-71ac-4daa-b439-6632f5e1835f",
              "isHook": false,
              "skipped": false
            },
            {
              "title": "Starting Time Test",
              "fullTitle": "Testing  the Long-Term Garage Parking cost should be $12.00 daily maximum Starting Time Test",
              "timedOut": null,
              "duration": 1294,
              "state": "passed",
              "speed": "slow",
              "pass": true,
              "fail": false,
              "pending": false,
              "context": null,
              "code": "_Entry_Time.OnEntry_Time.pickTime(\"12:00\");",
              "err": {},
              "uuid": "e16cd471-d81a-4440-8f94-40fc1cf6a34e",
              "parentUUID": "3345fa96-71ac-4daa-b439-6632f5e1835f",
              "isHook": false,
              "skipped": false
            },
            {
              "title": "Radio_Button-Test",
              "fullTitle": "Testing  the Long-Term Garage Parking cost should be $12.00 daily maximum Radio_Button-Test",
              "timedOut": null,
              "duration": 1022,
              "state": "passed",
              "speed": "slow",
              "pass": true,
              "fail": false,
              "pending": false,
              "context": null,
              "code": "_Entry_RB_AMPM.onEntry_RB_AMPM.pickPeriod(\"AM\");",
              "err": {},
              "uuid": "ac4c79f0-7494-4a4e-a1ca-f27d5a1e9a7c",
              "parentUUID": "3345fa96-71ac-4daa-b439-6632f5e1835f",
              "isHook": false,
              "skipped": false
            },
            {
              "title": "Leaving Date Test",
              "fullTitle": "Testing  the Long-Term Garage Parking cost should be $12.00 daily maximum Leaving Date Test",
              "timedOut": null,
              "duration": 1341,
              "state": "passed",
              "speed": "slow",
              "pass": true,
              "fail": false,
              "pending": false,
              "context": null,
              "code": "_Leaving_Date.OnLeaving_Date.leaveDate(\"7/29/2021\");",
              "err": {},
              "uuid": "65efb217-f2c8-4d9d-a11b-94411e5c22ea",
              "parentUUID": "3345fa96-71ac-4daa-b439-6632f5e1835f",
              "isHook": false,
              "skipped": false
            },
            {
              "title": "Leaving Time Test",
              "fullTitle": "Testing  the Long-Term Garage Parking cost should be $12.00 daily maximum Leaving Time Test",
              "timedOut": null,
              "duration": 1288,
              "state": "passed",
              "speed": "slow",
              "pass": true,
              "fail": false,
              "pending": false,
              "context": null,
              "code": "_Leaving_Time.OnLeaving_Time.leaveTime(\"12:00\");",
              "err": {},
              "uuid": "9b2aaa41-bcad-4d6a-8490-3f2e1a47b2bc",
              "parentUUID": "3345fa96-71ac-4daa-b439-6632f5e1835f",
              "isHook": false,
              "skipped": false
            },
            {
              "title": "Leaving Time AM or PM Test",
              "fullTitle": "Testing  the Long-Term Garage Parking cost should be $12.00 daily maximum Leaving Time AM or PM Test",
              "timedOut": null,
              "duration": 1073,
              "state": "passed",
              "speed": "slow",
              "pass": true,
              "fail": false,
              "pending": false,
              "context": null,
              "code": "_Leaving_RB_AMPM.onLeaving_RB_AMPM.pickPeriod(\"PM\");",
              "err": {},
              "uuid": "751e06cc-4b6f-4d65-83a2-f7137094b0dc",
              "parentUUID": "3345fa96-71ac-4daa-b439-6632f5e1835f",
              "isHook": false,
              "skipped": false
            },
            {
              "title": "Format Submit Test",
              "fullTitle": "Testing  the Long-Term Garage Parking cost should be $12.00 daily maximum Format Submit Test",
              "timedOut": null,
              "duration": 882,
              "state": "passed",
              "speed": "slow",
              "pass": true,
              "fail": false,
              "pending": false,
              "context": null,
              "code": "_Submit_Form.onSubmit_Form.Submit();",
              "err": {},
              "uuid": "b515f813-ed21-4314-a81b-2d358d2f542f",
              "parentUUID": "3345fa96-71ac-4daa-b439-6632f5e1835f",
              "isHook": false,
              "skipped": false
            },
            {
              "title": "Check Correct Price Test",
              "fullTitle": "Testing  the Long-Term Garage Parking cost should be $12.00 daily maximum Check Correct Price Test",
              "timedOut": null,
              "duration": 1019,
              "state": "passed",
              "speed": "slow",
              "pass": true,
              "fail": false,
              "pending": false,
              "context": null,
              "code": "_Check_Price.onCheck_Price.ShouldBe(\"$ 12.00\");",
              "err": {},
              "uuid": "9f9daca1-3c4b-4ded-ba59-3255b6fec7b1",
              "parentUUID": "3345fa96-71ac-4daa-b439-6632f5e1835f",
              "isHook": false,
              "skipped": false
            },
            {
              "title": "Check Correct Date Test",
              "fullTitle": "Testing  the Long-Term Garage Parking cost should be $12.00 daily maximum Check Correct Date Test",
              "timedOut": null,
              "duration": 1021,
              "state": "passed",
              "speed": "slow",
              "pass": true,
              "fail": false,
              "pending": false,
              "context": null,
              "code": "_Check_Date.onCheck_Date.CheckDate(\"(0 Days, 12 Hours, 0 Minutes)\");",
              "err": {},
              "uuid": "641f6b4a-023c-4d2b-9a4e-c4075e355ff6",
              "parentUUID": "3345fa96-71ac-4daa-b439-6632f5e1835f",
              "isHook": false,
              "skipped": false
            }
          ],
          "suites": [],
          "passes": [
            "c8cd6854-a32f-4456-bf34-04af62238086",
            "52617b84-dc39-42b7-89da-3bc8a574005e",
            "ef10296c-a9d5-4ac7-8084-246f805e020e",
            "e16cd471-d81a-4440-8f94-40fc1cf6a34e",
            "ac4c79f0-7494-4a4e-a1ca-f27d5a1e9a7c",
            "65efb217-f2c8-4d9d-a11b-94411e5c22ea",
            "9b2aaa41-bcad-4d6a-8490-3f2e1a47b2bc",
            "751e06cc-4b6f-4d65-83a2-f7137094b0dc",
            "b515f813-ed21-4314-a81b-2d358d2f542f",
            "9f9daca1-3c4b-4ded-ba59-3255b6fec7b1",
            "641f6b4a-023c-4d2b-9a4e-c4075e355ff6"
          ],
          "failures": [],
          "pending": [],
          "skipped": [],
          "duration": 12791,
          "root": false,
          "rootEmpty": false,
          "_timeout": 2000
        },
        {
          "uuid": "cac091bc-c799-4027-8443-dbcf228bfbbd",
          "title": "Testing  the Long-Term Garage Parking cost should be $72.00 per week (7th day free)",
          "fullFile": "",
          "file": "",
          "beforeHooks": [],
          "afterHooks": [],
          "tests": [
            {
              "title": "Open Application",
              "fullTitle": "Testing  the Long-Term Garage Parking cost should be $72.00 per week (7th day free) Open Application",
              "timedOut": null,
              "duration": 869,
              "state": "passed",
              "speed": "slow",
              "pass": true,
              "fail": false,
              "pending": false,
              "context": null,
              "code": "cy.openMainPage();",
              "err": {},
              "uuid": "a5922a20-97ab-4dfb-abaf-cd67763e5d4d",
              "parentUUID": "cac091bc-c799-4027-8443-dbcf228bfbbd",
              "isHook": false,
              "skipped": false
            },
            {
              "title": "Parking Lot Test",
              "fullTitle": "Testing  the Long-Term Garage Parking cost should be $72.00 per week (7th day free) Parking Lot Test",
              "timedOut": null,
              "duration": 1153,
              "state": "passed",
              "speed": "slow",
              "pass": true,
              "fail": false,
              "pending": false,
              "context": null,
              "code": "_Parking_Lot_Picker.onParkingLotPicker.pickLot(\"Long-Term Garage Parking\", \"Long-Term Garage Parking\");",
              "err": {},
              "uuid": "9ee93c46-535d-44d5-9b8b-349c81be9204",
              "parentUUID": "cac091bc-c799-4027-8443-dbcf228bfbbd",
              "isHook": false,
              "skipped": false
            },
            {
              "title": "Entry Date Test",
              "fullTitle": "Testing  the Long-Term Garage Parking cost should be $72.00 per week (7th day free) Entry Date Test",
              "timedOut": null,
              "duration": 1321,
              "state": "passed",
              "speed": "slow",
              "pass": true,
              "fail": false,
              "pending": false,
              "context": null,
              "code": "_Entry_Date.onEntry_Date.pickDate(\"7/5/2021\");",
              "err": {},
              "uuid": "223edcde-939a-40d7-8c8a-7b5bdc30052e",
              "parentUUID": "cac091bc-c799-4027-8443-dbcf228bfbbd",
              "isHook": false,
              "skipped": false
            },
            {
              "title": "Starting Time Test",
              "fullTitle": "Testing  the Long-Term Garage Parking cost should be $72.00 per week (7th day free) Starting Time Test",
              "timedOut": null,
              "duration": 1293,
              "state": "passed",
              "speed": "slow",
              "pass": true,
              "fail": false,
              "pending": false,
              "context": null,
              "code": "_Entry_Time.OnEntry_Time.pickTime(\"12:00\");",
              "err": {},
              "uuid": "50325c94-dc7d-414c-80de-4a3f86652547",
              "parentUUID": "cac091bc-c799-4027-8443-dbcf228bfbbd",
              "isHook": false,
              "skipped": false
            },
            {
              "title": "Radio_Button-Test",
              "fullTitle": "Testing  the Long-Term Garage Parking cost should be $72.00 per week (7th day free) Radio_Button-Test",
              "timedOut": null,
              "duration": 1021,
              "state": "passed",
              "speed": "slow",
              "pass": true,
              "fail": false,
              "pending": false,
              "context": null,
              "code": "_Entry_RB_AMPM.onEntry_RB_AMPM.pickPeriod(\"AM\");",
              "err": {},
              "uuid": "79eacab0-a9fb-4cd8-b82a-30a428f2384c",
              "parentUUID": "cac091bc-c799-4027-8443-dbcf228bfbbd",
              "isHook": false,
              "skipped": false
            },
            {
              "title": "Leaving Date Test",
              "fullTitle": "Testing  the Long-Term Garage Parking cost should be $72.00 per week (7th day free) Leaving Date Test",
              "timedOut": null,
              "duration": 1330,
              "state": "passed",
              "speed": "slow",
              "pass": true,
              "fail": false,
              "pending": false,
              "context": null,
              "code": "_Leaving_Date.OnLeaving_Date.leaveDate(\"7/12/2021\");",
              "err": {},
              "uuid": "06b6b4a1-7c30-4120-ad62-a4f6f6473697",
              "parentUUID": "cac091bc-c799-4027-8443-dbcf228bfbbd",
              "isHook": false,
              "skipped": false
            },
            {
              "title": "Leaving Time Test",
              "fullTitle": "Testing  the Long-Term Garage Parking cost should be $72.00 per week (7th day free) Leaving Time Test",
              "timedOut": null,
              "duration": 1287,
              "state": "passed",
              "speed": "slow",
              "pass": true,
              "fail": false,
              "pending": false,
              "context": null,
              "code": "_Leaving_Time.OnLeaving_Time.leaveTime(\"12:00\");",
              "err": {},
              "uuid": "2845ce2e-2a08-44e1-ab16-c42d2bb1a3ec",
              "parentUUID": "cac091bc-c799-4027-8443-dbcf228bfbbd",
              "isHook": false,
              "skipped": false
            },
            {
              "title": "Leaving Time AM or PM Test",
              "fullTitle": "Testing  the Long-Term Garage Parking cost should be $72.00 per week (7th day free) Leaving Time AM or PM Test",
              "timedOut": null,
              "duration": 1020,
              "state": "passed",
              "speed": "slow",
              "pass": true,
              "fail": false,
              "pending": false,
              "context": null,
              "code": "_Leaving_RB_AMPM.onLeaving_RB_AMPM.pickPeriod(\"AM\");",
              "err": {},
              "uuid": "56f0bd46-5de9-46fd-b323-1e53aeb75152",
              "parentUUID": "cac091bc-c799-4027-8443-dbcf228bfbbd",
              "isHook": false,
              "skipped": false
            },
            {
              "title": "Format Submit Test",
              "fullTitle": "Testing  the Long-Term Garage Parking cost should be $72.00 per week (7th day free) Format Submit Test",
              "timedOut": null,
              "duration": 543,
              "state": "passed",
              "speed": "slow",
              "pass": true,
              "fail": false,
              "pending": false,
              "context": null,
              "code": "_Submit_Form.onSubmit_Form.Submit();",
              "err": {},
              "uuid": "4bf41119-4bf4-4dd0-b76e-f37ff693913a",
              "parentUUID": "cac091bc-c799-4027-8443-dbcf228bfbbd",
              "isHook": false,
              "skipped": false
            },
            {
              "title": "Check Correct Price Test",
              "fullTitle": "Testing  the Long-Term Garage Parking cost should be $72.00 per week (7th day free) Check Correct Price Test",
              "timedOut": null,
              "duration": 1019,
              "state": "passed",
              "speed": "slow",
              "pass": true,
              "fail": false,
              "pending": false,
              "context": null,
              "code": "_Check_Price.onCheck_Price.ShouldBe(\"$ 72.00\");",
              "err": {},
              "uuid": "5571f103-a520-4d26-8f77-c96b2f3e9b80",
              "parentUUID": "cac091bc-c799-4027-8443-dbcf228bfbbd",
              "isHook": false,
              "skipped": false
            },
            {
              "title": "Check Correct Date Test",
              "fullTitle": "Testing  the Long-Term Garage Parking cost should be $72.00 per week (7th day free) Check Correct Date Test",
              "timedOut": null,
              "duration": 1021,
              "state": "passed",
              "speed": "slow",
              "pass": true,
              "fail": false,
              "pending": false,
              "context": null,
              "code": "_Check_Date.onCheck_Date.CheckDate(\"(7 Days, 0 Hours, 0 Minutes)\");",
              "err": {},
              "uuid": "17714561-c6f0-4ef4-94ab-9f73fa600d07",
              "parentUUID": "cac091bc-c799-4027-8443-dbcf228bfbbd",
              "isHook": false,
              "skipped": false
            }
          ],
          "suites": [],
          "passes": [
            "a5922a20-97ab-4dfb-abaf-cd67763e5d4d",
            "9ee93c46-535d-44d5-9b8b-349c81be9204",
            "223edcde-939a-40d7-8c8a-7b5bdc30052e",
            "50325c94-dc7d-414c-80de-4a3f86652547",
            "79eacab0-a9fb-4cd8-b82a-30a428f2384c",
            "06b6b4a1-7c30-4120-ad62-a4f6f6473697",
            "2845ce2e-2a08-44e1-ab16-c42d2bb1a3ec",
            "56f0bd46-5de9-46fd-b323-1e53aeb75152",
            "4bf41119-4bf4-4dd0-b76e-f37ff693913a",
            "5571f103-a520-4d26-8f77-c96b2f3e9b80",
            "17714561-c6f0-4ef4-94ab-9f73fa600d07"
          ],
          "failures": [],
          "pending": [],
          "skipped": [],
          "duration": 11877,
          "root": false,
          "rootEmpty": false,
          "_timeout": 2000
        }
      ],
      "passes": [],
      "failures": [],
      "pending": [],
      "skipped": [],
      "duration": 0,
      "root": true,
      "rootEmpty": true,
      "_timeout": 2000
    },
    {
      "uuid": "9b0b78ac-c495-47d7-9017-2554cf504eba",
      "title": "",
      "fullFile": "cypress/integration/Test_Short-Term_Parking_Cost_Hourly.spec.js",
      "file": "cypress/integration/Test_Short-Term_Parking_Cost_Hourly.spec.js",
      "beforeHooks": [],
      "afterHooks": [],
      "tests": [],
      "suites": [
        {
          "uuid": "89f138a3-43a8-4d8b-886c-d31ccc362fa3",
          "title": "Testing  the Short-Term (hourly) Parking cost should be $2.00 first hour",
          "fullFile": "",
          "file": "",
          "beforeHooks": [],
          "afterHooks": [],
          "tests": [
            {
              "title": "Open Application",
              "fullTitle": "Testing  the Short-Term (hourly) Parking cost should be $2.00 first hour Open Application",
              "timedOut": null,
              "duration": 1697,
              "state": "passed",
              "speed": "slow",
              "pass": true,
              "fail": false,
              "pending": false,
              "context": null,
              "code": "cy.openMainPage();",
              "err": {},
              "uuid": "ddcb24c2-5354-4595-8763-c1a79eb962d0",
              "parentUUID": "89f138a3-43a8-4d8b-886c-d31ccc362fa3",
              "isHook": false,
              "skipped": false
            },
            {
              "title": "Parking Lot Test",
              "fullTitle": "Testing  the Short-Term (hourly) Parking cost should be $2.00 first hour Parking Lot Test",
              "timedOut": null,
              "duration": 1189,
              "state": "passed",
              "speed": "slow",
              "pass": true,
              "fail": false,
              "pending": false,
              "context": null,
              "code": "_Parking_Lot_Picker.onParkingLotPicker.pickLot(\"Short-Term Parking\", \"Short-Term Parking\");",
              "err": {},
              "uuid": "81f48165-cb7a-4761-812e-c36abc148a0f",
              "parentUUID": "89f138a3-43a8-4d8b-886c-d31ccc362fa3",
              "isHook": false,
              "skipped": false
            },
            {
              "title": "Entry Date Test",
              "fullTitle": "Testing  the Short-Term (hourly) Parking cost should be $2.00 first hour Entry Date Test",
              "timedOut": null,
              "duration": 1344,
              "state": "passed",
              "speed": "slow",
              "pass": true,
              "fail": false,
              "pending": false,
              "context": null,
              "code": "_Entry_Date.onEntry_Date.pickDate(\"7/29/2021\");",
              "err": {},
              "uuid": "c02466b6-3b42-418a-819f-4bf0cab6a6ae",
              "parentUUID": "89f138a3-43a8-4d8b-886c-d31ccc362fa3",
              "isHook": false,
              "skipped": false
            },
            {
              "title": "Starting Time Test",
              "fullTitle": "Testing  the Short-Term (hourly) Parking cost should be $2.00 first hour Starting Time Test",
              "timedOut": null,
              "duration": 1306,
              "state": "passed",
              "speed": "slow",
              "pass": true,
              "fail": false,
              "pending": false,
              "context": null,
              "code": "_Entry_Time.OnEntry_Time.pickTime(\"12:00\");",
              "err": {},
              "uuid": "a616b9b9-7c96-4bcd-bb79-16d0b5547819",
              "parentUUID": "89f138a3-43a8-4d8b-886c-d31ccc362fa3",
              "isHook": false,
              "skipped": false
            },
            {
              "title": "Radio_Button-Test",
              "fullTitle": "Testing  the Short-Term (hourly) Parking cost should be $2.00 first hour Radio_Button-Test",
              "timedOut": null,
              "duration": 1088,
              "state": "passed",
              "speed": "slow",
              "pass": true,
              "fail": false,
              "pending": false,
              "context": null,
              "code": "_Entry_RB_AMPM.onEntry_RB_AMPM.pickPeriod(\"PM\");",
              "err": {},
              "uuid": "2afd3195-632b-41a3-a342-b48e051d0697",
              "parentUUID": "89f138a3-43a8-4d8b-886c-d31ccc362fa3",
              "isHook": false,
              "skipped": false
            },
            {
              "title": "Leaving Date Test",
              "fullTitle": "Testing  the Short-Term (hourly) Parking cost should be $2.00 first hour Leaving Date Test",
              "timedOut": null,
              "duration": 1340,
              "state": "passed",
              "speed": "slow",
              "pass": true,
              "fail": false,
              "pending": false,
              "context": null,
              "code": "_Leaving_Date.OnLeaving_Date.leaveDate(\"7/29/2021\");",
              "err": {},
              "uuid": "203eb71c-fccd-46e4-9021-dbbe624ec884",
              "parentUUID": "89f138a3-43a8-4d8b-886c-d31ccc362fa3",
              "isHook": false,
              "skipped": false
            },
            {
              "title": "Leaving Time Test",
              "fullTitle": "Testing  the Short-Term (hourly) Parking cost should be $2.00 first hour Leaving Time Test",
              "timedOut": null,
              "duration": 1274,
              "state": "passed",
              "speed": "slow",
              "pass": true,
              "fail": false,
              "pending": false,
              "context": null,
              "code": "_Leaving_Time.OnLeaving_Time.leaveTime(\"1:00\");",
              "err": {},
              "uuid": "2ffb264c-b53c-4503-8d64-45e268d26bab",
              "parentUUID": "89f138a3-43a8-4d8b-886c-d31ccc362fa3",
              "isHook": false,
              "skipped": false
            },
            {
              "title": "Leaving Time AM or PM Test",
              "fullTitle": "Testing  the Short-Term (hourly) Parking cost should be $2.00 first hour Leaving Time AM or PM Test",
              "timedOut": null,
              "duration": 1075,
              "state": "passed",
              "speed": "slow",
              "pass": true,
              "fail": false,
              "pending": false,
              "context": null,
              "code": "_Leaving_RB_AMPM.onLeaving_RB_AMPM.pickPeriod(\"PM\");",
              "err": {},
              "uuid": "e887ba73-cf81-40b4-a00a-798a4f20c059",
              "parentUUID": "89f138a3-43a8-4d8b-886c-d31ccc362fa3",
              "isHook": false,
              "skipped": false
            },
            {
              "title": "Format Submit Test",
              "fullTitle": "Testing  the Short-Term (hourly) Parking cost should be $2.00 first hour Format Submit Test",
              "timedOut": null,
              "duration": 1015,
              "state": "passed",
              "speed": "slow",
              "pass": true,
              "fail": false,
              "pending": false,
              "context": null,
              "code": "_Submit_Form.onSubmit_Form.Submit();",
              "err": {},
              "uuid": "d2f52729-4b36-4876-94b3-8d99457c5802",
              "parentUUID": "89f138a3-43a8-4d8b-886c-d31ccc362fa3",
              "isHook": false,
              "skipped": false
            },
            {
              "title": "Check Correct Price Test",
              "fullTitle": "Testing  the Short-Term (hourly) Parking cost should be $2.00 first hour Check Correct Price Test",
              "timedOut": null,
              "duration": 1023,
              "state": "passed",
              "speed": "slow",
              "pass": true,
              "fail": false,
              "pending": false,
              "context": null,
              "code": "_Check_Price.onCheck_Price.ShouldBe(\"$ 2.00\");",
              "err": {},
              "uuid": "d39a19f0-9595-4426-93c1-6e195287c1f5",
              "parentUUID": "89f138a3-43a8-4d8b-886c-d31ccc362fa3",
              "isHook": false,
              "skipped": false
            },
            {
              "title": "Check Correct Date Test",
              "fullTitle": "Testing  the Short-Term (hourly) Parking cost should be $2.00 first hour Check Correct Date Test",
              "timedOut": null,
              "duration": 1024,
              "state": "passed",
              "speed": "slow",
              "pass": true,
              "fail": false,
              "pending": false,
              "context": null,
              "code": "_Check_Date.onCheck_Date.CheckDate(\"(0 Days, 1 Hours, 0 Minutes)\");",
              "err": {},
              "uuid": "ff1a4b0d-4a20-4bc2-8232-224058e03480",
              "parentUUID": "89f138a3-43a8-4d8b-886c-d31ccc362fa3",
              "isHook": false,
              "skipped": false
            }
          ],
          "suites": [],
          "passes": [
            "ddcb24c2-5354-4595-8763-c1a79eb962d0",
            "81f48165-cb7a-4761-812e-c36abc148a0f",
            "c02466b6-3b42-418a-819f-4bf0cab6a6ae",
            "a616b9b9-7c96-4bcd-bb79-16d0b5547819",
            "2afd3195-632b-41a3-a342-b48e051d0697",
            "203eb71c-fccd-46e4-9021-dbbe624ec884",
            "2ffb264c-b53c-4503-8d64-45e268d26bab",
            "e887ba73-cf81-40b4-a00a-798a4f20c059",
            "d2f52729-4b36-4876-94b3-8d99457c5802",
            "d39a19f0-9595-4426-93c1-6e195287c1f5",
            "ff1a4b0d-4a20-4bc2-8232-224058e03480"
          ],
          "failures": [],
          "pending": [],
          "skipped": [],
          "duration": 13375,
          "root": false,
          "rootEmpty": false,
          "_timeout": 2000
        },
        {
          "uuid": "0146a238-7ec7-496d-b0ce-d65a37c74102",
          "title": "Testing  the Short-Term (hourly) Parking cost should be $2.00 first hour and  $1.00 each additional 1/2 hour",
          "fullFile": "",
          "file": "",
          "beforeHooks": [],
          "afterHooks": [],
          "tests": [
            {
              "title": "Open Application",
              "fullTitle": "Testing  the Short-Term (hourly) Parking cost should be $2.00 first hour and  $1.00 each additional 1/2 hour Open Application",
              "timedOut": null,
              "duration": 1351,
              "state": "passed",
              "speed": "slow",
              "pass": true,
              "fail": false,
              "pending": false,
              "context": null,
              "code": "cy.openMainPage();",
              "err": {},
              "uuid": "3c1edb1b-0869-42f5-9d59-238b5be423a2",
              "parentUUID": "0146a238-7ec7-496d-b0ce-d65a37c74102",
              "isHook": false,
              "skipped": false
            },
            {
              "title": "Parking Lot Test",
              "fullTitle": "Testing  the Short-Term (hourly) Parking cost should be $2.00 first hour and  $1.00 each additional 1/2 hour Parking Lot Test",
              "timedOut": null,
              "duration": 1159,
              "state": "passed",
              "speed": "slow",
              "pass": true,
              "fail": false,
              "pending": false,
              "context": null,
              "code": "_Parking_Lot_Picker.onParkingLotPicker.pickLot(\"Short-Term Parking\", \"Short-Term Parking\");",
              "err": {},
              "uuid": "a9045022-7c45-45b3-b691-b1a8a219120c",
              "parentUUID": "0146a238-7ec7-496d-b0ce-d65a37c74102",
              "isHook": false,
              "skipped": false
            },
            {
              "title": "Entry Date Test",
              "fullTitle": "Testing  the Short-Term (hourly) Parking cost should be $2.00 first hour and  $1.00 each additional 1/2 hour Entry Date Test",
              "timedOut": null,
              "duration": 1334,
              "state": "passed",
              "speed": "slow",
              "pass": true,
              "fail": false,
              "pending": false,
              "context": null,
              "code": "_Entry_Date.onEntry_Date.pickDate(\"7/29/2021\");",
              "err": {},
              "uuid": "6a392d96-b315-43ea-8c9d-058cd2a9c4d6",
              "parentUUID": "0146a238-7ec7-496d-b0ce-d65a37c74102",
              "isHook": false,
              "skipped": false
            },
            {
              "title": "Starting Time Test",
              "fullTitle": "Testing  the Short-Term (hourly) Parking cost should be $2.00 first hour and  $1.00 each additional 1/2 hour Starting Time Test",
              "timedOut": null,
              "duration": 1291,
              "state": "passed",
              "speed": "slow",
              "pass": true,
              "fail": false,
              "pending": false,
              "context": null,
              "code": "_Entry_Time.OnEntry_Time.pickTime(\"12:00\");",
              "err": {},
              "uuid": "a466f509-b264-4c68-87aa-c61fd7bf715e",
              "parentUUID": "0146a238-7ec7-496d-b0ce-d65a37c74102",
              "isHook": false,
              "skipped": false
            },
            {
              "title": "Radio_Button-Test",
              "fullTitle": "Testing  the Short-Term (hourly) Parking cost should be $2.00 first hour and  $1.00 each additional 1/2 hour Radio_Button-Test",
              "timedOut": null,
              "duration": 1075,
              "state": "passed",
              "speed": "slow",
              "pass": true,
              "fail": false,
              "pending": false,
              "context": null,
              "code": "_Entry_RB_AMPM.onEntry_RB_AMPM.pickPeriod(\"PM\");",
              "err": {},
              "uuid": "7a567822-f5c0-4bca-b1d7-db28633869e0",
              "parentUUID": "0146a238-7ec7-496d-b0ce-d65a37c74102",
              "isHook": false,
              "skipped": false
            },
            {
              "title": "Leaving Date Test",
              "fullTitle": "Testing  the Short-Term (hourly) Parking cost should be $2.00 first hour and  $1.00 each additional 1/2 hour Leaving Date Test",
              "timedOut": null,
              "duration": 1338,
              "state": "passed",
              "speed": "slow",
              "pass": true,
              "fail": false,
              "pending": false,
              "context": null,
              "code": "_Leaving_Date.OnLeaving_Date.leaveDate(\"7/29/2021\");",
              "err": {},
              "uuid": "2e98a4e7-5cb3-4df8-91ce-e79d3cd24828",
              "parentUUID": "0146a238-7ec7-496d-b0ce-d65a37c74102",
              "isHook": false,
              "skipped": false
            },
            {
              "title": "Leaving Time Test",
              "fullTitle": "Testing  the Short-Term (hourly) Parking cost should be $2.00 first hour and  $1.00 each additional 1/2 hour Leaving Time Test",
              "timedOut": null,
              "duration": 1270,
              "state": "passed",
              "speed": "slow",
              "pass": true,
              "fail": false,
              "pending": false,
              "context": null,
              "code": "_Leaving_Time.OnLeaving_Time.leaveTime(\"1:30\");",
              "err": {},
              "uuid": "a414af19-4d49-4e2a-8cd4-c6354a9cd1c0",
              "parentUUID": "0146a238-7ec7-496d-b0ce-d65a37c74102",
              "isHook": false,
              "skipped": false
            },
            {
              "title": "Leaving Time AM or PM Test",
              "fullTitle": "Testing  the Short-Term (hourly) Parking cost should be $2.00 first hour and  $1.00 each additional 1/2 hour Leaving Time AM or PM Test",
              "timedOut": null,
              "duration": 1076,
              "state": "passed",
              "speed": "slow",
              "pass": true,
              "fail": false,
              "pending": false,
              "context": null,
              "code": "_Leaving_RB_AMPM.onLeaving_RB_AMPM.pickPeriod(\"PM\");",
              "err": {},
              "uuid": "d5c8d56d-e0e5-42ee-99a0-279292fb6c9e",
              "parentUUID": "0146a238-7ec7-496d-b0ce-d65a37c74102",
              "isHook": false,
              "skipped": false
            },
            {
              "title": "Format Submit Test",
              "fullTitle": "Testing  the Short-Term (hourly) Parking cost should be $2.00 first hour and  $1.00 each additional 1/2 hour Format Submit Test",
              "timedOut": null,
              "duration": 1329,
              "state": "passed",
              "speed": "slow",
              "pass": true,
              "fail": false,
              "pending": false,
              "context": null,
              "code": "_Submit_Form.onSubmit_Form.Submit();",
              "err": {},
              "uuid": "6ce909dd-e120-43fd-88ec-f33485543fb1",
              "parentUUID": "0146a238-7ec7-496d-b0ce-d65a37c74102",
              "isHook": false,
              "skipped": false
            },
            {
              "title": "Check Correct Price Test",
              "fullTitle": "Testing  the Short-Term (hourly) Parking cost should be $2.00 first hour and  $1.00 each additional 1/2 hour Check Correct Price Test",
              "timedOut": null,
              "duration": 1018,
              "state": "passed",
              "speed": "slow",
              "pass": true,
              "fail": false,
              "pending": false,
              "context": null,
              "code": "_Check_Price.onCheck_Price.ShouldBe(\"$ 3.00\");",
              "err": {},
              "uuid": "b50633ff-dd9e-46bc-9dc3-186f25ce4c70",
              "parentUUID": "0146a238-7ec7-496d-b0ce-d65a37c74102",
              "isHook": false,
              "skipped": false
            },
            {
              "title": "Check Correct Date Test",
              "fullTitle": "Testing  the Short-Term (hourly) Parking cost should be $2.00 first hour and  $1.00 each additional 1/2 hour Check Correct Date Test",
              "timedOut": null,
              "duration": 1020,
              "state": "passed",
              "speed": "slow",
              "pass": true,
              "fail": false,
              "pending": false,
              "context": null,
              "code": "_Check_Date.onCheck_Date.CheckDate(\"(0 Days, 1 Hours, 30 Minutes)\");",
              "err": {},
              "uuid": "95358563-0bd7-4cf1-8432-ceeffde2ae50",
              "parentUUID": "0146a238-7ec7-496d-b0ce-d65a37c74102",
              "isHook": false,
              "skipped": false
            }
          ],
          "suites": [],
          "passes": [
            "3c1edb1b-0869-42f5-9d59-238b5be423a2",
            "a9045022-7c45-45b3-b691-b1a8a219120c",
            "6a392d96-b315-43ea-8c9d-058cd2a9c4d6",
            "a466f509-b264-4c68-87aa-c61fd7bf715e",
            "7a567822-f5c0-4bca-b1d7-db28633869e0",
            "2e98a4e7-5cb3-4df8-91ce-e79d3cd24828",
            "a414af19-4d49-4e2a-8cd4-c6354a9cd1c0",
            "d5c8d56d-e0e5-42ee-99a0-279292fb6c9e",
            "6ce909dd-e120-43fd-88ec-f33485543fb1",
            "b50633ff-dd9e-46bc-9dc3-186f25ce4c70",
            "95358563-0bd7-4cf1-8432-ceeffde2ae50"
          ],
          "failures": [],
          "pending": [],
          "skipped": [],
          "duration": 13261,
          "root": false,
          "rootEmpty": false,
          "_timeout": 2000
        },
        {
          "uuid": "1f9a16f9-4133-4d2a-b346-22cf849bc67f",
          "title": "Testing  the Short-Term (hourly) Parking cost should be $24.00 daily maximum",
          "fullFile": "",
          "file": "",
          "beforeHooks": [],
          "afterHooks": [],
          "tests": [
            {
              "title": "Open Application",
              "fullTitle": "Testing  the Short-Term (hourly) Parking cost should be $24.00 daily maximum Open Application",
              "timedOut": null,
              "duration": 1349,
              "state": "passed",
              "speed": "slow",
              "pass": true,
              "fail": false,
              "pending": false,
              "context": null,
              "code": "cy.openMainPage();",
              "err": {},
              "uuid": "f3365590-3ef3-4ba1-91a4-060abfe68773",
              "parentUUID": "1f9a16f9-4133-4d2a-b346-22cf849bc67f",
              "isHook": false,
              "skipped": false
            },
            {
              "title": "Parking Lot Test",
              "fullTitle": "Testing  the Short-Term (hourly) Parking cost should be $24.00 daily maximum Parking Lot Test",
              "timedOut": null,
              "duration": 1154,
              "state": "passed",
              "speed": "slow",
              "pass": true,
              "fail": false,
              "pending": false,
              "context": null,
              "code": "_Parking_Lot_Picker.onParkingLotPicker.pickLot(\"Short-Term Parking\", \"Short-Term Parking\");",
              "err": {},
              "uuid": "ccee58f8-8eda-4140-8559-c4a1e9382347",
              "parentUUID": "1f9a16f9-4133-4d2a-b346-22cf849bc67f",
              "isHook": false,
              "skipped": false
            },
            {
              "title": "Entry Date Test",
              "fullTitle": "Testing  the Short-Term (hourly) Parking cost should be $24.00 daily maximum Entry Date Test",
              "timedOut": null,
              "duration": 1335,
              "state": "passed",
              "speed": "slow",
              "pass": true,
              "fail": false,
              "pending": false,
              "context": null,
              "code": "_Entry_Date.onEntry_Date.pickDate(\"7/29/2021\");",
              "err": {},
              "uuid": "a24b4cfb-dd34-4020-978b-9cb5e2f28a5b",
              "parentUUID": "1f9a16f9-4133-4d2a-b346-22cf849bc67f",
              "isHook": false,
              "skipped": false
            },
            {
              "title": "Starting Time Test",
              "fullTitle": "Testing  the Short-Term (hourly) Parking cost should be $24.00 daily maximum Starting Time Test",
              "timedOut": null,
[...]
            "861eda3d-3b7f-48ae-9d3a-aabebab937aa",
            "b386d1ef-a8df-4d51-ae42-2a60eb842e23",
            "e132d080-8cfb-464b-869f-b03bd639c992",
            "d4957d27-acb0-40d5-8c29-0c7fee5be5c3",
            "616046d3-56ee-408e-b2ad-0775cd7a3465",
            "e5181bb5-3f99-4a30-a496-0d2b9f46c2b0",
            "bc513138-120e-4ebf-903b-8256015ecf33",
            "861d8c3c-fe8c-45c8-b638-4f3f95687b51"
          ],
          "failures": [],
          "pending": [],
          "skipped": [],
          "duration": 13447,
          "root": false,
          "rootEmpty": false,
          "_timeout": 2000
        },
        {
          "uuid": "83c54b3d-c672-48fb-82f6-d8e86c73c9ea",
          "title": "Testing  the Economy Parking  cost should be $9.00 daily maximum",
          "fullFile": "",
          "file": "",
          "beforeHooks": [],
          "afterHooks": [],
          "tests": [
            {
              "title": "Open Application",
              "fullTitle": "Testing  the Economy Parking  cost should be $9.00 daily maximum Open Application",
              "timedOut": null,
              "duration": 1406,
              "state": "passed",
              "speed": "slow",
              "pass": true,
              "fail": false,
              "pending": false,
              "context": null,
              "code": "cy.openMainPage();",
              "err": {},
              "uuid": "0debf2b4-2122-4899-adfa-306d8024b87a",
              "parentUUID": "83c54b3d-c672-48fb-82f6-d8e86c73c9ea",
              "isHook": false,
              "skipped": false
            },
            {
              "title": "Parking Lot Test",
              "fullTitle": "Testing  the Economy Parking  cost should be $9.00 daily maximum Parking Lot Test",
              "timedOut": null,
              "duration": 1158,
              "state": "passed",
              "speed": "slow",
              "pass": true,
              "fail": false,
              "pending": false,
              "context": null,
              "code": "_Parking_Lot_Picker.onParkingLotPicker.pickLot(\"Economy Parking\", \"Economy Parking\");",
              "err": {},
              "uuid": "49a0793a-6ec6-4932-be26-8f737b824a26",
              "parentUUID": "83c54b3d-c672-48fb-82f6-d8e86c73c9ea",
              "isHook": false,
              "skipped": false
            },
            {
              "title": "Entry Date Test",
              "fullTitle": "Testing  the Economy Parking  cost should be $9.00 daily maximum Entry Date Test",
              "timedOut": null,
              "duration": 1341,
              "state": "passed",
              "speed": "slow",
              "pass": true,
              "fail": false,
              "pending": false,
              "context": null,
              "code": "_Entry_Date.onEntry_Date.pickDate(\"7/29/2021\");",
              "err": {},
              "uuid": "224b5055-3538-43ca-95cb-8789e8a34a2f",
              "parentUUID": "83c54b3d-c672-48fb-82f6-d8e86c73c9ea",
              "isHook": false,
              "skipped": false
            },
            {
              "title": "Starting Time Test",
              "fullTitle": "Testing  the Economy Parking  cost should be $9.00 daily maximum Starting Time Test",
              "timedOut": null,
              "duration": 1287,
              "state": "passed",
              "speed": "slow",
              "pass": true,
              "fail": false,
              "pending": false,
              "context": null,
              "code": "_Entry_Time.OnEntry_Time.pickTime(\"12:00\");",
              "err": {},
              "uuid": "199d5fec-ec1d-4e7e-9687-05c305bde1cd",
              "parentUUID": "83c54b3d-c672-48fb-82f6-d8e86c73c9ea",
              "isHook": false,
              "skipped": false
            },
            {
              "title": "Radio_Button-Test",
              "fullTitle": "Testing  the Economy Parking  cost should be $9.00 daily maximum Radio_Button-Test",
              "timedOut": null,
              "duration": 1020,
              "state": "passed",
              "speed": "slow",
              "pass": true,
              "fail": false,
              "pending": false,
              "context": null,
              "code": "_Entry_RB_AMPM.onEntry_RB_AMPM.pickPeriod(\"AM\");",
              "err": {},
              "uuid": "9fcc5aec-d9bd-4b1f-aea6-517fa8be1252",
              "parentUUID": "83c54b3d-c672-48fb-82f6-d8e86c73c9ea",
              "isHook": false,
              "skipped": false
            },
            {
              "title": "Leaving Date Test",
              "fullTitle": "Testing  the Economy Parking  cost should be $9.00 daily maximum Leaving Date Test",
              "timedOut": null,
              "duration": 1334,
              "state": "passed",
              "speed": "slow",
              "pass": true,
              "fail": false,
              "pending": false,
              "context": null,
              "code": "_Leaving_Date.OnLeaving_Date.leaveDate(\"7/29/2021\");",
              "err": {},
              "uuid": "8f789a98-ac5f-422f-9235-8d000dca63a8",
              "parentUUID": "83c54b3d-c672-48fb-82f6-d8e86c73c9ea",
              "isHook": false,
              "skipped": false
            },
            {
              "title": "Leaving Time Test",
              "fullTitle": "Testing  the Economy Parking  cost should be $9.00 daily maximum Leaving Time Test",
              "timedOut": null,
              "duration": 1294,
              "state": "passed",
              "speed": "slow",
              "pass": true,
              "fail": false,
              "pending": false,
              "context": null,
              "code": "_Leaving_Time.OnLeaving_Time.leaveTime(\"12:00\");",
              "err": {},
              "uuid": "69143100-7fc2-43a8-8c1d-366a187f0d7e",
              "parentUUID": "83c54b3d-c672-48fb-82f6-d8e86c73c9ea",
              "isHook": false,
              "skipped": false
            },
            {
              "title": "Leaving Time AM or PM Test",
              "fullTitle": "Testing  the Economy Parking  cost should be $9.00 daily maximum Leaving Time AM or PM Test",
              "timedOut": null,
              "duration": 1074,
              "state": "passed",
              "speed": "slow",
              "pass": true,
              "fail": false,
              "pending": false,
              "context": null,
              "code": "_Leaving_RB_AMPM.onLeaving_RB_AMPM.pickPeriod(\"PM\");",
              "err": {},
              "uuid": "045ef6c2-e5da-4a5a-bda1-1d2d8098d332",
              "parentUUID": "83c54b3d-c672-48fb-82f6-d8e86c73c9ea",
              "isHook": false,
              "skipped": false
            },
            {
              "title": "Format Submit Test",
              "fullTitle": "Testing  the Economy Parking  cost should be $9.00 daily maximum Format Submit Test",
              "timedOut": null,
              "duration": 1337,
              "state": "passed",
              "speed": "slow",
              "pass": true,
              "fail": false,
              "pending": false,
              "context": null,
              "code": "_Submit_Form.onSubmit_Form.Submit();",
              "err": {},
              "uuid": "38e9ccd2-6fcd-45bf-8932-2e61c318096c",
              "parentUUID": "83c54b3d-c672-48fb-82f6-d8e86c73c9ea",
              "isHook": false,
              "skipped": false
            },
            {
              "title": "Check Correct Price Test",
              "fullTitle": "Testing  the Economy Parking  cost should be $9.00 daily maximum Check Correct Price Test",
              "timedOut": null,
              "duration": 1020,
              "state": "passed",
              "speed": "slow",
              "pass": true,
              "fail": false,
              "pending": false,
              "context": null,
              "code": "_Check_Price.onCheck_Price.ShouldBe(\"$ 9.00\");",
              "err": {},
              "uuid": "fda17542-6f70-4fe9-9a1a-7a5013419159",
              "parentUUID": "83c54b3d-c672-48fb-82f6-d8e86c73c9ea",
              "isHook": false,
              "skipped": false
            },
            {
              "title": "Check Correct Date Test",
              "fullTitle": "Testing  the Economy Parking  cost should be $9.00 daily maximum Check Correct Date Test",
              "timedOut": null,
              "duration": 1021,
              "state": "passed",
              "speed": "slow",
              "pass": true,
              "fail": false,
              "pending": false,
              "context": null,
              "code": "_Check_Date.onCheck_Date.CheckDate(\"(0 Days, 12 Hours, 0 Minutes)\");",
              "err": {},
              "uuid": "1947c1d7-8aed-4f68-bcfb-3bc0ec8ea769",
              "parentUUID": "83c54b3d-c672-48fb-82f6-d8e86c73c9ea",
              "isHook": false,
              "skipped": false
            }
          ],
          "suites": [],
          "passes": [
            "0debf2b4-2122-4899-adfa-306d8024b87a",
            "49a0793a-6ec6-4932-be26-8f737b824a26",
            "224b5055-3538-43ca-95cb-8789e8a34a2f",
            "199d5fec-ec1d-4e7e-9687-05c305bde1cd",
            "9fcc5aec-d9bd-4b1f-aea6-517fa8be1252",
            "8f789a98-ac5f-422f-9235-8d000dca63a8",
            "69143100-7fc2-43a8-8c1d-366a187f0d7e",
            "045ef6c2-e5da-4a5a-bda1-1d2d8098d332",
            "38e9ccd2-6fcd-45bf-8932-2e61c318096c",
            "fda17542-6f70-4fe9-9a1a-7a5013419159",
            "1947c1d7-8aed-4f68-bcfb-3bc0ec8ea769"
          ],
          "failures": [],
          "pending": [],
          "skipped": [],
          "duration": 13292,
          "root": false,
          "rootEmpty": false,
          "_timeout": 2000
        },
        {
          "uuid": "66e5e12b-7c45-46be-b319-de0a248c636e",
          "title": "Testing  the Economy Parking  Parking cost should be $54.00 per week (7th day free)",
          "fullFile": "",
          "file": "",
          "beforeHooks": [],
          "afterHooks": [],
          "tests": [
            {
              "title": "Open Application",
              "fullTitle": "Testing  the Economy Parking  Parking cost should be $54.00 per week (7th day free) Open Application",
              "timedOut": null,
              "duration": 875,
              "state": "passed",
              "speed": "slow",
              "pass": true,
              "fail": false,
              "pending": false,
              "context": null,
              "code": "cy.openMainPage();",
              "err": {},
              "uuid": "16f0cee7-2d0b-4b77-af89-3dcbdfd074b7",
              "parentUUID": "66e5e12b-7c45-46be-b319-de0a248c636e",
              "isHook": false,
              "skipped": false
            },
            {
              "title": "Parking Lot Test",
              "fullTitle": "Testing  the Economy Parking  Parking cost should be $54.00 per week (7th day free) Parking Lot Test",
              "timedOut": null,
              "duration": 1153,
              "state": "passed",
              "speed": "slow",
              "pass": true,
              "fail": false,
              "pending": false,
              "context": null,
              "code": "_Parking_Lot_Picker.onParkingLotPicker.pickLot(\"Economy Parking\", \"Economy Parking\");",
              "err": {},
              "uuid": "0baf95d2-472b-48e0-8bce-3a3e8e8dbe71",
              "parentUUID": "66e5e12b-7c45-46be-b319-de0a248c636e",
              "isHook": false,
              "skipped": false
            },
            {
              "title": "Entry Date Test",
              "fullTitle": "Testing  the Economy Parking  Parking cost should be $54.00 per week (7th day free) Entry Date Test",
              "timedOut": null,
              "duration": 1323,
              "state": "passed",
              "speed": "slow",
              "pass": true,
              "fail": false,
              "pending": false,
              "context": null,
              "code": "_Entry_Date.onEntry_Date.pickDate(\"7/5/2021\");",
              "err": {},
              "uuid": "38e7a563-6a7c-4c07-b6b4-71f9c38c213b",
              "parentUUID": "66e5e12b-7c45-46be-b319-de0a248c636e",
              "isHook": false,
              "skipped": false
            },
            {
              "title": "Starting Time Test",
              "fullTitle": "Testing  the Economy Parking  Parking cost should be $54.00 per week (7th day free) Starting Time Test",
              "timedOut": null,
              "duration": 1289,
              "state": "passed",
              "speed": "slow",
              "pass": true,
              "fail": false,
              "pending": false,
              "context": null,
              "code": "_Entry_Time.OnEntry_Time.pickTime(\"12:00\");",
              "err": {},
              "uuid": "77336cc2-0f7a-46aa-bc1d-8c13e6075d1a",
              "parentUUID": "66e5e12b-7c45-46be-b319-de0a248c636e",
              "isHook": false,
              "skipped": false
            },
            {
              "title": "Radio_Button-Test",
              "fullTitle": "Testing  the Economy Parking  Parking cost should be $54.00 per week (7th day free) Radio_Button-Test",
              "timedOut": null,
              "duration": 1017,
              "state": "passed",
              "speed": "slow",
              "pass": true,
              "fail": false,
              "pending": false,
              "context": null,
              "code": "_Entry_RB_AMPM.onEntry_RB_AMPM.pickPeriod(\"AM\");",
              "err": {},
              "uuid": "a43a80b2-e79a-4568-89f5-fc0776dc9b6b",
              "parentUUID": "66e5e12b-7c45-46be-b319-de0a248c636e",
              "isHook": false,
              "skipped": false
            },
            {
              "title": "Leaving Date Test",
              "fullTitle": "Testing  the Economy Parking  Parking cost should be $54.00 per week (7th day free) Leaving Date Test",
              "timedOut": null,
              "duration": 1335,
              "state": "passed",
              "speed": "slow",
              "pass": true,
              "fail": false,
              "pending": false,
              "context": null,
              "code": "_Leaving_Date.OnLeaving_Date.leaveDate(\"7/12/2021\");",
              "err": {},
              "uuid": "6cbf75c5-6ab5-479f-8b1a-75b9b5392134",
              "parentUUID": "66e5e12b-7c45-46be-b319-de0a248c636e",
              "isHook": false,
              "skipped": false
            },
            {
              "title": "Leaving Time Test",
              "fullTitle": "Testing  the Economy Parking  Parking cost should be $54.00 per week (7th day free) Leaving Time Test",
              "timedOut": null,
              "duration": 1292,
              "state": "passed",
              "speed": "slow",
              "pass": true,
              "fail": false,
              "pending": false,
              "context": null,
              "code": "_Leaving_Time.OnLeaving_Time.leaveTime(\"12:00\");",
              "err": {},
              "uuid": "3cdbc2cd-df72-41f9-a690-b9be409e8ff4",
              "parentUUID": "66e5e12b-7c45-46be-b319-de0a248c636e",
              "isHook": false,
              "skipped": false
            },
            {
              "title": "Leaving Time AM or PM Test",
              "fullTitle": "Testing  the Economy Parking  Parking cost should be $54.00 per week (7th day free) Leaving Time AM or PM Test",
              "timedOut": null,
              "duration": 1021,
              "state": "passed",
              "speed": "slow",
              "pass": true,
              "fail": false,
              "pending": false,
              "context": null,
              "code": "_Leaving_RB_AMPM.onLeaving_RB_AMPM.pickPeriod(\"AM\");",
              "err": {},
              "uuid": "43e5e5db-a600-4af5-a0e5-dcd75fea4c03",
              "parentUUID": "66e5e12b-7c45-46be-b319-de0a248c636e",
              "isHook": false,
              "skipped": false
            },
            {
              "title": "Format Submit Test",
              "fullTitle": "Testing  the Economy Parking  Parking cost should be $54.00 per week (7th day free) Format Submit Test",
              "timedOut": null,
              "duration": 553,
              "state": "passed",
              "speed": "slow",
              "pass": true,
              "fail": false,
              "pending": false,
              "context": null,
              "code": "_Submit_Form.onSubmit_Form.Submit();",
              "err": {},
              "uuid": "259f480c-3645-463c-9ed9-e650a7a3c53c",
              "parentUUID": "66e5e12b-7c45-46be-b319-de0a248c636e",
              "isHook": false,
              "skipped": false
            },
            {
              "title": "Check Correct Price Test",
              "fullTitle": "Testing  the Economy Parking  Parking cost should be $54.00 per week (7th day free) Check Correct Price Test",
              "timedOut": null,
              "duration": 1020,
              "state": "passed",
              "speed": "slow",
              "pass": true,
              "fail": false,
              "pending": false,
              "context": null,
              "code": "_Check_Price.onCheck_Price.ShouldBe(\"$ 54.00\");",
              "err": {},
              "uuid": "8be636db-a571-4a65-bf02-1a59ac8b3f97",
              "parentUUID": "66e5e12b-7c45-46be-b319-de0a248c636e",
              "isHook": false,
              "skipped": false
            },
            {
              "title": "Check Correct Date Test",
              "fullTitle": "Testing  the Economy Parking  Parking cost should be $54.00 per week (7th day free) Check Correct Date Test",
              "timedOut": null,
              "duration": 1020,
              "state": "passed",
              "speed": "slow",
              "pass": true,
              "fail": false,
              "pending": false,
              "context": null,
              "code": "_Check_Date.onCheck_Date.CheckDate(\"(7 Days, 0 Hours, 0 Minutes)\");",
              "err": {},
              "uuid": "36b3cf7c-95ab-4f00-bd04-58857f06afb9",
              "parentUUID": "66e5e12b-7c45-46be-b319-de0a248c636e",
              "isHook": false,
              "skipped": false
            }
          ],
          "suites": [],
          "passes": [
            "16f0cee7-2d0b-4b77-af89-3dcbdfd074b7",
            "0baf95d2-472b-48e0-8bce-3a3e8e8dbe71",
            "38e7a563-6a7c-4c07-b6b4-71f9c38c213b",
            "77336cc2-0f7a-46aa-bc1d-8c13e6075d1a",
            "a43a80b2-e79a-4568-89f5-fc0776dc9b6b",
            "6cbf75c5-6ab5-479f-8b1a-75b9b5392134",
            "3cdbc2cd-df72-41f9-a690-b9be409e8ff4",
            "43e5e5db-a600-4af5-a0e5-dcd75fea4c03",
            "259f480c-3645-463c-9ed9-e650a7a3c53c",
            "8be636db-a571-4a65-bf02-1a59ac8b3f97",
            "36b3cf7c-95ab-4f00-bd04-58857f06afb9"
          ],
          "failures": [],
          "pending": [],
          "skipped": [],
          "duration": 11898,
          "root": false,
          "rootEmpty": false,
          "_timeout": 2000
        }
      ],
      "passes": [],
      "failures": [],
      "pending": [],
      "skipped": [],
      "duration": 0,
      "root": true,
      "rootEmpty": true,
      "_timeout": 2000
    }
  ],
  "meta": {
    "mocha": {
      "version": "7.0.1"
    },
    "mochawesome": {
      "options": {
        "quiet": false,
        "reportFilename": "mochawesome",
        "saveHtml": false,
        "saveJson": true,
        "consoleReporter": "spec",
        "useInlineDiffs": false,
        "code": true
      },
      "version": "6.2.2"
    },
    "marge": {
      "options": {
        "id": "default",
        "reportDir": "cypress/results/mochawesome",
        "overwrite": false,
        "html": false,
        "json": true
      },
      "version": "5.2.0"
    }
  }
}