{
  "stats": {
    "suites": 3,
    "tests": 33,
    "passes": 33,
    "pending": 0,
    "failures": 0,
    "start": "2021-07-08T16:27:38.994Z",
    "end": "2021-07-08T16:28:20.074Z",
    "duration": 41080,
    "testsRegistered": 33,
    "passPercent": 100,
    "pendingPercent": 0,
    "other": 0,
    "hasOther": false,
    "skipped": 0,
    "hasSkipped": false
  },
  "results": [
    {
      "uuid": "554862a0-2747-4bf5-95ef-549288469553",
      "title": "",
      "fullFile": "cypress/integration/Test_Long-Term_Surface_Parking.spec.js",
      "file": "cypress/integration/Test_Long-Term_Surface_Parking.spec.js",
      "beforeHooks": [],
      "afterHooks": [],
      "tests": [],
      "suites": [
        {
          "uuid": "f76f4dd0-6716-4841-9e9d-bebf101fc9a9",
          "title": "Testing  the Long-Term Surface Parking (North Lot) Parking cost should be $2.00 per hour",
          "fullFile": "",
          "file": "",
          "beforeHooks": [],
          "afterHooks": [],
          "tests": [
            {
              "title": "Open Application",
              "fullTitle": "Testing  the Long-Term Surface Parking (North Lot) Parking cost should be $2.00 per hour Open Application",
              "timedOut": null,
              "duration": 1675,
              "state": "passed",
              "speed": "slow",
              "pass": true,
              "fail": false,
              "pending": false,
              "context": null,
              "code": "cy.openMainPage();",
              "err": {},
              "uuid": "1dc6115c-69c3-4c6d-8987-8c71c4958a98",
              "parentUUID": "f76f4dd0-6716-4841-9e9d-bebf101fc9a9",
              "isHook": false,
              "skipped": false
            },
            {
              "title": "Parking Lot Test",
              "fullTitle": "Testing  the Long-Term Surface Parking (North Lot) Parking cost should be $2.00 per hour Parking Lot Test",
              "timedOut": null,
              "duration": 1185,
              "state": "passed",
              "speed": "slow",
              "pass": true,
              "fail": false,
              "pending": false,
              "context": null,
              "code": "_Parking_Lot_Picker.onParkingLotPicker.pickLot(\"Long-Term Surface Parking\", \"Long-Term Surface Parking\");",
              "err": {},
              "uuid": "4d92badd-2b06-4302-b24a-e74ec4fcd0f6",
              "parentUUID": "f76f4dd0-6716-4841-9e9d-bebf101fc9a9",
              "isHook": false,
              "skipped": false
            },
            {
              "title": "Entry Date Test",
              "fullTitle": "Testing  the Long-Term Surface Parking (North Lot) Parking cost should be $2.00 per hour Entry Date Test",
              "timedOut": null,
              "duration": 1355,
              "state": "passed",
              "speed": "slow",
              "pass": true,
              "fail": false,
              "pending": false,
              "context": null,
              "code": "_Entry_Date.onEntry_Date.pickDate(\"7/29/2021\");",
              "err": {},
              "uuid": "b3341100-5e08-495c-996d-a4c081e6a8e6",
              "parentUUID": "f76f4dd0-6716-4841-9e9d-bebf101fc9a9",
              "isHook": false,
              "skipped": false
            },
            {
              "title": "Starting Time Test",
              "fullTitle": "Testing  the Long-Term Surface Parking (North Lot) Parking cost should be $2.00 per hour Starting Time Test",
              "timedOut": null,
              "duration": 1304,
              "state": "passed",
              "speed": "slow",
              "pass": true,
              "fail": false,
              "pending": false,
              "context": null,
              "code": "_Entry_Time.OnEntry_Time.pickTime(\"12:00\");",
              "err": {},
              "uuid": "126814a6-322a-49a7-9ebe-eb65773380ed",
              "parentUUID": "f76f4dd0-6716-4841-9e9d-bebf101fc9a9",
              "isHook": false,
              "skipped": false
            },
            {
              "title": "Radio_Button-Test",
              "fullTitle": "Testing  the Long-Term Surface Parking (North Lot) Parking cost should be $2.00 per hour Radio_Button-Test",
              "timedOut": null,
              "duration": 1079,
              "state": "passed",
              "speed": "slow",
              "pass": true,
              "fail": false,
              "pending": false,
              "context": null,
              "code": "_Entry_RB_AMPM.onEntry_RB_AMPM.pickPeriod(\"PM\");",
              "err": {},
              "uuid": "5ecb60c8-a5c9-4e21-a916-0a3be520c14c",
              "parentUUID": "f76f4dd0-6716-4841-9e9d-bebf101fc9a9",
              "isHook": false,
              "skipped": false
            },
            {
              "title": "Leaving Date Test",
              "fullTitle": "Testing  the Long-Term Surface Parking (North Lot) Parking cost should be $2.00 per hour Leaving Date Test",
              "timedOut": null,
              "duration": 1341,
              "state": "passed",
              "speed": "slow",
              "pass": true,
              "fail": false,
              "pending": false,
              "context": null,
              "code": "_Leaving_Date.OnLeaving_Date.leaveDate(\"7/29/2021\");",
              "err": {},
              "uuid": "324c7c79-6b6e-4cf1-9ea8-59c2093318f3",
              "parentUUID": "f76f4dd0-6716-4841-9e9d-bebf101fc9a9",
              "isHook": false,
              "skipped": false
            },
            {
              "title": "Leaving Time Test",
              "fullTitle": "Testing  the Long-Term Surface Parking (North Lot) Parking cost should be $2.00 per hour Leaving Time Test",
              "timedOut": null,
              "duration": 1274,
              "state": "passed",
              "speed": "slow",
              "pass": true,
              "fail": false,
              "pending": false,
              "context": null,
              "code": "_Leaving_Time.OnLeaving_Time.leaveTime(\"3:00\");",
              "err": {},
              "uuid": "ebd12dec-0cb3-4d3e-b05c-1e9b21177182",
              "parentUUID": "f76f4dd0-6716-4841-9e9d-bebf101fc9a9",
              "isHook": false,
              "skipped": false
            },
            {
              "title": "Leaving Time AM or PM Test",
              "fullTitle": "Testing  the Long-Term Surface Parking (North Lot) Parking cost should be $2.00 per hour Leaving Time AM or PM Test",
              "timedOut": null,
              "duration": 1073,
              "state": "passed",
              "speed": "slow",
              "pass": true,
              "fail": false,
              "pending": false,
              "context": null,
              "code": "_Leaving_RB_AMPM.onLeaving_RB_AMPM.pickPeriod(\"PM\");",
              "err": {},
              "uuid": "2d54e6f2-bf91-4df1-9a89-1315d772857b",
              "parentUUID": "f76f4dd0-6716-4841-9e9d-bebf101fc9a9",
              "isHook": false,
              "skipped": false
            },
            {
              "title": "Format Submit Test",
              "fullTitle": "Testing  the Long-Term Surface Parking (North Lot) Parking cost should be $2.00 per hour Format Submit Test",
              "timedOut": null,
              "duration": 1061,
              "state": "passed",
              "speed": "slow",
              "pass": true,
              "fail": false,
              "pending": false,
              "context": null,
              "code": "_Submit_Form.onSubmit_Form.Submit();",
              "err": {},
              "uuid": "169fc15e-c342-498e-bce0-79ccd67e5b6e",
              "parentUUID": "f76f4dd0-6716-4841-9e9d-bebf101fc9a9",
              "isHook": false,
              "skipped": false
            },
            {
              "title": "Check Correct Price Test",
              "fullTitle": "Testing  the Long-Term Surface Parking (North Lot) Parking cost should be $2.00 per hour Check Correct Price Test",
              "timedOut": null,
              "duration": 1019,
              "state": "passed",
              "speed": "slow",
              "pass": true,
              "fail": false,
              "pending": false,
              "context": null,
              "code": "_Check_Price.onCheck_Price.ShouldBe(\"$ 6.00\");",
              "err": {},
              "uuid": "d6bb9993-5f81-40b7-8f59-2798de2c5a8b",
              "parentUUID": "f76f4dd0-6716-4841-9e9d-bebf101fc9a9",
              "isHook": false,
              "skipped": false
            },
            {
              "title": "Check Correct Date Test",
              "fullTitle": "Testing  the Long-Term Surface Parking (North Lot) Parking cost should be $2.00 per hour Check Correct Date Test",
              "timedOut": null,
              "duration": 1025,
              "state": "passed",
              "speed": "slow",
              "pass": true,
              "fail": false,
              "pending": false,
              "context": null,
              "code": "_Check_Date.onCheck_Date.CheckDate(\"(0 Days, 3 Hours, 0 Minutes)\");",
              "err": {},
              "uuid": "a5c06f6d-0f5e-4d3e-aad9-ed64140d8d81",
              "parentUUID": "f76f4dd0-6716-4841-9e9d-bebf101fc9a9",
              "isHook": false,
              "skipped": false
            }
          ],
          "suites": [],
          "passes": [
            "1dc6115c-69c3-4c6d-8987-8c71c4958a98",
            "4d92badd-2b06-4302-b24a-e74ec4fcd0f6",
            "b3341100-5e08-495c-996d-a4c081e6a8e6",
            "126814a6-322a-49a7-9ebe-eb65773380ed",
            "5ecb60c8-a5c9-4e21-a916-0a3be520c14c",
            "324c7c79-6b6e-4cf1-9ea8-59c2093318f3",
            "ebd12dec-0cb3-4d3e-b05c-1e9b21177182",
            "2d54e6f2-bf91-4df1-9a89-1315d772857b",
            "169fc15e-c342-498e-bce0-79ccd67e5b6e",
            "d6bb9993-5f81-40b7-8f59-2798de2c5a8b",
            "a5c06f6d-0f5e-4d3e-aad9-ed64140d8d81"
          ],
          "failures": [],
          "pending": [],
          "skipped": [],
          "duration": 13391,
          "root": false,
          "rootEmpty": false,
          "_timeout": 2000
        },
        {
          "uuid": "8fb53b49-f877-41a7-83fc-c7d5de75e9e8",
          "title": "Testing  the Long-Term Surface Parking (North Lot)  cost should be $10.00 daily maximum",
          "fullFile": "",
          "file": "",
          "beforeHooks": [],
          "afterHooks": [],
          "tests": [
            {
              "title": "Open Application",
              "fullTitle": "Testing  the Long-Term Surface Parking (North Lot)  cost should be $10.00 daily maximum Open Application",
              "timedOut": null,
              "duration": 1825,
              "state": "passed",
              "speed": "slow",
              "pass": true,
              "fail": false,
              "pending": false,
              "context": null,
              "code": "cy.openMainPage();",
              "err": {},
              "uuid": "bd5d4ea9-0a3a-4d62-ac28-951c8afc4ecb",
              "parentUUID": "8fb53b49-f877-41a7-83fc-c7d5de75e9e8",
              "isHook": false,
              "skipped": false
            },
            {
              "title": "Parking Lot Test",
              "fullTitle": "Testing  the Long-Term Surface Parking (North Lot)  cost should be $10.00 daily maximum Parking Lot Test",
              "timedOut": null,
              "duration": 1157,
              "state": "passed",
              "speed": "slow",
              "pass": true,
              "fail": false,
              "pending": false,
              "context": null,
              "code": "_Parking_Lot_Picker.onParkingLotPicker.pickLot(\"Long-Term Surface Parking\", \"Long-Term Surface Parking\");",
              "err": {},
              "uuid": "fd7700e1-001b-4736-b49d-8b92b1a4b3ec",
              "parentUUID": "8fb53b49-f877-41a7-83fc-c7d5de75e9e8",
              "isHook": false,
              "skipped": false
            },
            {
              "title": "Entry Date Test",
              "fullTitle": "Testing  the Long-Term Surface Parking (North Lot)  cost should be $10.00 daily maximum Entry Date Test",
              "timedOut": null,
              "duration": 1343,
              "state": "passed",
              "speed": "slow",
              "pass": true,
              "fail": false,
              "pending": false,
              "context": null,
              "code": "_Entry_Date.onEntry_Date.pickDate(\"7/29/2021\");",
              "err": {},
              "uuid": "4f9fe4f9-a4a2-480b-bb4b-91d1e1ee1920",
              "parentUUID": "8fb53b49-f877-41a7-83fc-c7d5de75e9e8",
              "isHook": false,
              "skipped": false
            },
            {
              "title": "Starting Time Test",
              "fullTitle": "Testing  the Long-Term Surface Parking (North Lot)  cost should be $10.00 daily maximum Starting Time Test",
              "timedOut": null,
              "duration": 1293,
              "state": "passed",
              "speed": "slow",
              "pass": true,
              "fail": false,
              "pending": false,
              "context": null,
              "code": "_Entry_Time.OnEntry_Time.pickTime(\"12:00\");",
              "err": {},
              "uuid": "02dd9319-cdd9-4980-8d31-d58417ce850d",
              "parentUUID": "8fb53b49-f877-41a7-83fc-c7d5de75e9e8",
              "isHook": false,
              "skipped": false
            },
            {
              "title": "Radio_Button-Test",
              "fullTitle": "Testing  the Long-Term Surface Parking (North Lot)  cost should be $10.00 daily maximum Radio_Button-Test",
              "timedOut": null,
              "duration": 1021,
              "state": "passed",
              "speed": "slow",
              "pass": true,
              "fail": false,
              "pending": false,
              "context": null,
              "code": "_Entry_RB_AMPM.onEntry_RB_AMPM.pickPeriod(\"AM\");",
              "err": {},
              "uuid": "0e5ac7d6-3918-431e-9cf9-2e994be0463e",
              "parentUUID": "8fb53b49-f877-41a7-83fc-c7d5de75e9e8",
              "isHook": false,
              "skipped": false
            },
            {
              "title": "Leaving Date Test",
              "fullTitle": "Testing  the Long-Term Surface Parking (North Lot)  cost should be $10.00 daily maximum Leaving Date Test",
              "timedOut": null,
              "duration": 1341,
              "state": "passed",
              "speed": "slow",
              "pass": true,
              "fail": false,
              "pending": false,
              "context": null,
              "code": "_Leaving_Date.OnLeaving_Date.leaveDate(\"7/29/2021\");",
              "err": {},
              "uuid": "081b8dd7-f5a1-4607-8031-cc7717b0c04e",
              "parentUUID": "8fb53b49-f877-41a7-83fc-c7d5de75e9e8",
              "isHook": false,
              "skipped": false
            },
            {
              "title": "Leaving Time Test",
              "fullTitle": "Testing  the Long-Term Surface Parking (North Lot)  cost should be $10.00 daily maximum Leaving Time Test",
              "timedOut": null,
              "duration": 1288,
              "state": "passed",
              "speed": "slow",
              "pass": true,
              "fail": false,
              "pending": false,
              "context": null,
              "code": "_Leaving_Time.OnLeaving_Time.leaveTime(\"12:00\");",
              "err": {},
              "uuid": "a528595e-0dd9-40db-acd0-c6bfb4964681",
              "parentUUID": "8fb53b49-f877-41a7-83fc-c7d5de75e9e8",
              "isHook": false,
              "skipped": false
            },
            {
              "title": "Leaving Time AM or PM Test",
              "fullTitle": "Testing  the Long-Term Surface Parking (North Lot)  cost should be $10.00 daily maximum Leaving Time AM or PM Test",
              "timedOut": null,
              "duration": 1076,
              "state": "passed",
              "speed": "slow",
              "pass": true,
              "fail": false,
              "pending": false,
              "context": null,
              "code": "_Leaving_RB_AMPM.onLeaving_RB_AMPM.pickPeriod(\"PM\");",
              "err": {},
              "uuid": "08cc3abb-ffec-4b8c-b431-07c99a47266c",
              "parentUUID": "8fb53b49-f877-41a7-83fc-c7d5de75e9e8",
              "isHook": false,
              "skipped": false
            },
            {
              "title": "Format Submit Test",
              "fullTitle": "Testing  the Long-Term Surface Parking (North Lot)  cost should be $10.00 daily maximum Format Submit Test",
              "timedOut": null,
              "duration": 1334,
              "state": "passed",
              "speed": "slow",
              "pass": true,
              "fail": false,
              "pending": false,
              "context": null,
              "code": "_Submit_Form.onSubmit_Form.Submit();",
              "err": {},
              "uuid": "580d67bc-7e7f-4589-b132-5a4b7212cb1b",
              "parentUUID": "8fb53b49-f877-41a7-83fc-c7d5de75e9e8",
              "isHook": false,
              "skipped": false
            },
            {
              "title": "Check Correct Price Test",
              "fullTitle": "Testing  the Long-Term Surface Parking (North Lot)  cost should be $10.00 daily maximum Check Correct Price Test",
              "timedOut": null,
              "duration": 1023,
              "state": "passed",
              "speed": "slow",
              "pass": true,
              "fail": false,
              "pending": false,
              "context": null,
              "code": "_Check_Price.onCheck_Price.ShouldBe(\"$ 10.00\");",
              "err": {},
              "uuid": "66064598-cd5c-4ac1-82a5-56ba6162db92",
              "parentUUID": "8fb53b49-f877-41a7-83fc-c7d5de75e9e8",
              "isHook": false,
              "skipped": false
            },
            {
              "title": "Check Correct Date Test",
              "fullTitle": "Testing  the Long-Term Surface Parking (North Lot)  cost should be $10.00 daily maximum Check Correct Date Test",
              "timedOut": null,
              "duration": 1021,
              "state": "passed",
              "speed": "slow",
              "pass": true,
              "fail": false,
              "pending": false,
              "context": null,
              "code": "_Check_Date.onCheck_Date.CheckDate(\"(0 Days, 12 Hours, 0 Minutes)\");",
              "err": {},
              "uuid": "982de12d-27fb-4a9e-a932-d3a36d7dd3c3",
              "parentUUID": "8fb53b49-f877-41a7-83fc-c7d5de75e9e8",
              "isHook": false,
              "skipped": false
            }
          ],
          "suites": [],
          "passes": [
            "bd5d4ea9-0a3a-4d62-ac28-951c8afc4ecb",
            "fd7700e1-001b-4736-b49d-8b92b1a4b3ec",
            "4f9fe4f9-a4a2-480b-bb4b-91d1e1ee1920",
            "02dd9319-cdd9-4980-8d31-d58417ce850d",
            "0e5ac7d6-3918-431e-9cf9-2e994be0463e",
            "081b8dd7-f5a1-4607-8031-cc7717b0c04e",
            "a528595e-0dd9-40db-acd0-c6bfb4964681",
            "08cc3abb-ffec-4b8c-b431-07c99a47266c",
            "580d67bc-7e7f-4589-b132-5a4b7212cb1b",
            "66064598-cd5c-4ac1-82a5-56ba6162db92",
            "982de12d-27fb-4a9e-a932-d3a36d7dd3c3"
          ],
          "failures": [],
          "pending": [],
          "skipped": [],
          "duration": 13722,
          "root": false,
          "rootEmpty": false,
          "_timeout": 2000
        },
        {
          "uuid": "688e1822-4a6f-4605-81f3-c07cfaa61781",
          "title": "Testing  the Long-Term Surface Parking (North Lot)  Parking cost should be $60.00 per week (7th day free)",
          "fullFile": "",
          "file": "",
          "beforeHooks": [],
          "afterHooks": [],
          "tests": [
            {
              "title": "Open Application",
              "fullTitle": "Testing  the Long-Term Surface Parking (North Lot)  Parking cost should be $60.00 per week (7th day free) Open Application",
              "timedOut": null,
              "duration": 911,
              "state": "passed",
              "speed": "slow",
              "pass": true,
              "fail": false,
              "pending": false,
              "context": null,
              "code": "cy.openMainPage();",
              "err": {},
              "uuid": "9cb41ea5-3459-4398-8a62-46a26bda7102",
              "parentUUID": "688e1822-4a6f-4605-81f3-c07cfaa61781",
              "isHook": false,
              "skipped": false
            },
            {
              "title": "Parking Lot Test",
              "fullTitle": "Testing  the Long-Term Surface Parking (North Lot)  Parking cost should be $60.00 per week (7th day free) Parking Lot Test",
              "timedOut": null,
              "duration": 1152,
              "state": "passed",
              "speed": "slow",
              "pass": true,
              "fail": false,
              "pending": false,
              "context": null,
              "code": "_Parking_Lot_Picker.onParkingLotPicker.pickLot(\"Long-Term Surface Parking\", \"Long-Term Surface Parking\");",
              "err": {},
              "uuid": "e30e26ab-c3c1-4d7a-ad8a-df87fe15ae75",
              "parentUUID": "688e1822-4a6f-4605-81f3-c07cfaa61781",
              "isHook": false,
              "skipped": false
            },
            {
              "title": "Entry Date Test",
              "fullTitle": "Testing  the Long-Term Surface Parking (North Lot)  Parking cost should be $60.00 per week (7th day free) Entry Date Test",
              "timedOut": null,
              "duration": 1321,
              "state": "passed",
              "speed": "slow",
              "pass": true,
              "fail": false,
              "pending": false,
              "context": null,
              "code": "_Entry_Date.onEntry_Date.pickDate(\"7/5/2021\");",
              "err": {},
              "uuid": "1a31c52f-d92c-4703-85f8-bb3527af7cbc",
              "parentUUID": "688e1822-4a6f-4605-81f3-c07cfaa61781",
              "isHook": false,
              "skipped": false
            },
            {
              "title": "Starting Time Test",
              "fullTitle": "Testing  the Long-Term Surface Parking (North Lot)  Parking cost should be $60.00 per week (7th day free) Starting Time Test",
              "timedOut": null,
              "duration": 1286,
              "state": "passed",
              "speed": "slow",
              "pass": true,
              "fail": false,
              "pending": false,
              "context": null,
              "code": "_Entry_Time.OnEntry_Time.pickTime(\"12:00\");",
              "err": {},
              "uuid": "46746dd8-d48f-42ff-9608-62aa1ad2b1f0",
              "parentUUID": "688e1822-4a6f-4605-81f3-c07cfaa61781",
              "isHook": false,
              "skipped": false
            },
            {
              "title": "Radio_Button-Test",
              "fullTitle": "Testing  the Long-Term Surface Parking (North Lot)  Parking cost should be $60.00 per week (7th day free) Radio_Button-Test",
              "timedOut": null,
              "duration": 1018,
              "state": "passed",
              "speed": "slow",
              "pass": true,
              "fail": false,
              "pending": false,
              "context": null,
              "code": "_Entry_RB_AMPM.onEntry_RB_AMPM.pickPeriod(\"AM\");",
              "err": {},
              "uuid": "2187a5fc-bb07-4c55-a5c2-fac0a387b690",
              "parentUUID": "688e1822-4a6f-4605-81f3-c07cfaa61781",
              "isHook": false,
              "skipped": false
            },
            {
              "title": "Leaving Date Test",
              "fullTitle": "Testing  the Long-Term Surface Parking (North Lot)  Parking cost should be $60.00 per week (7th day free) Leaving Date Test",
              "timedOut": null,
              "duration": 1339,
              "state": "passed",
              "speed": "slow",
              "pass": true,
              "fail": false,
              "pending": false,
              "context": null,
              "code": "_Leaving_Date.OnLeaving_Date.leaveDate(\"7/12/2021\");",
              "err": {},
              "uuid": "e941cfd5-b120-49d7-8f63-5dd446939fdd",
              "parentUUID": "688e1822-4a6f-4605-81f3-c07cfaa61781",
              "isHook": false,
              "skipped": false
            },
            {
              "title": "Leaving Time Test",
              "fullTitle": "Testing  the Long-Term Surface Parking (North Lot)  Parking cost should be $60.00 per week (7th day free) Leaving Time Test",
              "timedOut": null,
              "duration": 1289,
              "state": "passed",
              "speed": "slow",
              "pass": true,
              "fail": false,
              "pending": false,
              "context": null,
              "code": "_Leaving_Time.OnLeaving_Time.leaveTime(\"12:00\");",
              "err": {},
              "uuid": "de90bcfd-2950-4e25-b412-95ae8683ae10",
              "parentUUID": "688e1822-4a6f-4605-81f3-c07cfaa61781",
              "isHook": false,
              "skipped": false
            },
            {
              "title": "Leaving Time AM or PM Test",
              "fullTitle": "Testing  the Long-Term Surface Parking (North Lot)  Parking cost should be $60.00 per week (7th day free) Leaving Time AM or PM Test",
              "timedOut": null,
              "duration": 1018,
              "state": "passed",
              "speed": "slow",
              "pass": true,
              "fail": false,
              "pending": false,
              "context": null,
              "code": "_Leaving_RB_AMPM.onLeaving_RB_AMPM.pickPeriod(\"AM\");",
              "err": {},
              "uuid": "387f6ba8-193d-4296-85f0-055f8dd97e21",
              "parentUUID": "688e1822-4a6f-4605-81f3-c07cfaa61781",
              "isHook": false,
              "skipped": false
            },
            {
              "title": "Format Submit Test",
              "fullTitle": "Testing  the Long-Term Surface Parking (North Lot)  Parking cost should be $60.00 per week (7th day free) Format Submit Test",
              "timedOut": null,
              "duration": 545,
              "state": "passed",
              "speed": "slow",
              "pass": true,
              "fail": false,
              "pending": false,
              "context": null,
              "code": "_Submit_Form.onSubmit_Form.Submit();",
              "err": {},
              "uuid": "41626d6b-8a9b-4e7c-bbd1-637483285c3a",
              "parentUUID": "688e1822-4a6f-4605-81f3-c07cfaa61781",
              "isHook": false,
              "skipped": false
            },
            {
              "title": "Check Correct Price Test",
              "fullTitle": "Testing  the Long-Term Surface Parking (North Lot)  Parking cost should be $60.00 per week (7th day free) Check Correct Price Test",
              "timedOut": null,
              "duration": 1024,
              "state": "passed",
              "speed": "slow",
              "pass": true,
              "fail": false,
              "pending": false,
              "context": null,
              "code": "_Check_Price.onCheck_Price.ShouldBe(\"$ 60.00\");",
              "err": {},
              "uuid": "96e5f7e7-4513-4a3f-8092-be058bf4e19f",
              "parentUUID": "688e1822-4a6f-4605-81f3-c07cfaa61781",
              "isHook": false,
              "skipped": false
            },
            {
              "title": "Check Correct Date Test",
              "fullTitle": "Testing  the Long-Term Surface Parking (North Lot)  Parking cost should be $60.00 per week (7th day free) Check Correct Date Test",
              "timedOut": null,
              "duration": 1024,
              "state": "passed",
              "speed": "slow",
              "pass": true,
              "fail": false,
              "pending": false,
              "context": null,
              "code": "_Check_Date.onCheck_Date.CheckDate(\"(7 Days, 0 Hours, 0 Minutes)\");",
              "err": {},
              "uuid": "7a35793e-6fea-4853-83f3-6eec224bbed6",
              "parentUUID": "688e1822-4a6f-4605-81f3-c07cfaa61781",
              "isHook": false,
              "skipped": false
            }
          ],
          "suites": [],
          "passes": [
            "9cb41ea5-3459-4398-8a62-46a26bda7102",
            "e30e26ab-c3c1-4d7a-ad8a-df87fe15ae75",
            "1a31c52f-d92c-4703-85f8-bb3527af7cbc",
            "46746dd8-d48f-42ff-9608-62aa1ad2b1f0",
            "2187a5fc-bb07-4c55-a5c2-fac0a387b690",
            "e941cfd5-b120-49d7-8f63-5dd446939fdd",
            "de90bcfd-2950-4e25-b412-95ae8683ae10",
            "387f6ba8-193d-4296-85f0-055f8dd97e21",
            "41626d6b-8a9b-4e7c-bbd1-637483285c3a",
            "96e5f7e7-4513-4a3f-8092-be058bf4e19f",
            "7a35793e-6fea-4853-83f3-6eec224bbed6"
          ],
          "failures": [],
          "pending": [],
          "skipped": [],
          "duration": 11927,
          "root": false,
          "rootEmpty": false,
          "_timeout": 2000
        }
      ],
      "passes": [],
      "failures": [],
      "pending": [],
      "skipped": [],
      "duration": 0,
      "root": true,
      "rootEmpty": true,
      "_timeout": 2000
    }
  ],
  "meta": {
    "mocha": {
      "version": "7.0.1"
    },
    "mochawesome": {
      "options": {
        "quiet": false,
        "reportFilename": "mochawesome",
        "saveHtml": false,
        "saveJson": true,
        "consoleReporter": "spec",
        "useInlineDiffs": false,
        "code": true
      },
      "version": "6.2.2"
    },
    "marge": {
      "options": {
        "id": "default",
        "reportDir": "cypress/results/mochawesome",
        "overwrite": false,
        "html": false,
        "json": true
      },
      "version": "5.2.0"
    }
  }
}