{
  "stats": {
    "suites": 3,
    "tests": 33,
    "passes": 33,
    "pending": 0,
    "failures": 0,
    "start": "2021-07-08T16:28:27.051Z",
    "end": "2021-07-08T16:29:07.444Z",
    "duration": 40393,
    "testsRegistered": 33,
    "passPercent": 100,
    "pendingPercent": 0,
    "other": 0,
    "hasOther": false,
    "skipped": 0,
    "hasSkipped": false
  },
  "results": [
    {
      "uuid": "6b3c8a59-efbd-41f7-9390-4b9280354636",
      "title": "",
      "fullFile": "cypress/integration/Test_Lont-Term_Garage_Parking.spec.js",
      "file": "cypress/integration/Test_Lont-Term_Garage_Parking.spec.js",
      "beforeHooks": [],
      "afterHooks": [],
      "tests": [],
      "suites": [
        {
          "uuid": "fcc8f330-02c4-46d4-ade8-1aff82cd67ba",
          "title": "Testing  the Long-Term Garage Parking cost should be $2.00 per hour",
          "fullFile": "",
          "file": "",
          "beforeHooks": [],
          "afterHooks": [],
          "tests": [
            {
              "title": "Open Application",
              "fullTitle": "Testing  the Long-Term Garage Parking cost should be $2.00 per hour Open Application",
              "timedOut": null,
              "duration": 1682,
              "state": "passed",
              "speed": "slow",
              "pass": true,
              "fail": false,
              "pending": false,
              "context": null,
              "code": "cy.openMainPage();",
              "err": {},
              "uuid": "78323104-ad87-4c1c-af93-6352e8ed816c",
              "parentUUID": "fcc8f330-02c4-46d4-ade8-1aff82cd67ba",
              "isHook": false,
              "skipped": false
            },
            {
              "title": "Parking Lot Test",
              "fullTitle": "Testing  the Long-Term Garage Parking cost should be $2.00 per hour Parking Lot Test",
              "timedOut": null,
              "duration": 1198,
              "state": "passed",
              "speed": "slow",
              "pass": true,
              "fail": false,
              "pending": false,
              "context": null,
              "code": "_Parking_Lot_Picker.onParkingLotPicker.pickLot(\"Long-Term Garage Parking\", \"Long-Term Garage Parking\");",
              "err": {},
              "uuid": "f1287d4b-ea14-4fa0-a6d1-f203de396611",
              "parentUUID": "fcc8f330-02c4-46d4-ade8-1aff82cd67ba",
              "isHook": false,
              "skipped": false
            },
            {
              "title": "Entry Date Test",
              "fullTitle": "Testing  the Long-Term Garage Parking cost should be $2.00 per hour Entry Date Test",
              "timedOut": null,
              "duration": 1352,
              "state": "passed",
              "speed": "slow",
              "pass": true,
              "fail": false,
              "pending": false,
              "context": null,
              "code": "_Entry_Date.onEntry_Date.pickDate(\"7/29/2021\");",
              "err": {},
              "uuid": "d95fae6d-6668-4a31-88b0-c2e96ab3bb33",
              "parentUUID": "fcc8f330-02c4-46d4-ade8-1aff82cd67ba",
              "isHook": false,
              "skipped": false
            },
            {
              "title": "Starting Time Test",
              "fullTitle": "Testing  the Long-Term Garage Parking cost should be $2.00 per hour Starting Time Test",
              "timedOut": null,
              "duration": 1305,
              "state": "passed",
              "speed": "slow",
              "pass": true,
              "fail": false,
              "pending": false,
              "context": null,
              "code": "_Entry_Time.OnEntry_Time.pickTime(\"12:00\");",
              "err": {},
              "uuid": "688ce8fe-e0b4-44e6-a77f-5e5eb25a16a7",
              "parentUUID": "fcc8f330-02c4-46d4-ade8-1aff82cd67ba",
              "isHook": false,
              "skipped": false
            },
            {
              "title": "Radio_Button-Test",
              "fullTitle": "Testing  the Long-Term Garage Parking cost should be $2.00 per hour Radio_Button-Test",
              "timedOut": null,
              "duration": 1081,
              "state": "passed",
              "speed": "slow",
              "pass": true,
              "fail": false,
              "pending": false,
              "context": null,
              "code": "_Entry_RB_AMPM.onEntry_RB_AMPM.pickPeriod(\"PM\");",
              "err": {},
              "uuid": "9999bfb5-4a64-4d21-953b-9ff5e496788e",
              "parentUUID": "fcc8f330-02c4-46d4-ade8-1aff82cd67ba",
              "isHook": false,
              "skipped": false
            },
            {
              "title": "Leaving Date Test",
              "fullTitle": "Testing  the Long-Term Garage Parking cost should be $2.00 per hour Leaving Date Test",
              "timedOut": null,
              "duration": 1337,
              "state": "passed",
              "speed": "slow",
              "pass": true,
              "fail": false,
              "pending": false,
              "context": null,
              "code": "_Leaving_Date.OnLeaving_Date.leaveDate(\"7/29/2021\");",
              "err": {},
              "uuid": "d2f3f2d6-3d8a-4e7f-a78f-c97dd2816ed8",
              "parentUUID": "fcc8f330-02c4-46d4-ade8-1aff82cd67ba",
              "isHook": false,
              "skipped": false
            },
            {
              "title": "Leaving Time Test",
              "fullTitle": "Testing  the Long-Term Garage Parking cost should be $2.00 per hour Leaving Time Test",
              "timedOut": null,
              "duration": 1280,
              "state": "passed",
              "speed": "slow",
              "pass": true,
              "fail": false,
              "pending": false,
              "context": null,
              "code": "_Leaving_Time.OnLeaving_Time.leaveTime(\"3:00\");",
              "err": {},
              "uuid": "bb48f175-4ed1-4c38-b97e-6ac3d8a8f6a1",
              "parentUUID": "fcc8f330-02c4-46d4-ade8-1aff82cd67ba",
              "isHook": false,
              "skipped": false
            },
            {
              "title": "Leaving Time AM or PM Test",
              "fullTitle": "Testing  the Long-Term Garage Parking cost should be $2.00 per hour Leaving Time AM or PM Test",
              "timedOut": null,
              "duration": 1075,
              "state": "passed",
              "speed": "slow",
              "pass": true,
              "fail": false,
              "pending": false,
              "context": null,
              "code": "_Leaving_RB_AMPM.onLeaving_RB_AMPM.pickPeriod(\"PM\");",
              "err": {},
              "uuid": "1ab0db42-055f-4dfd-be4d-6b1833743c50",
              "parentUUID": "fcc8f330-02c4-46d4-ade8-1aff82cd67ba",
              "isHook": false,
              "skipped": false
            },
            {
              "title": "Format Submit Test",
              "fullTitle": "Testing  the Long-Term Garage Parking cost should be $2.00 per hour Format Submit Test",
              "timedOut": null,
              "duration": 1039,
              "state": "passed",
              "speed": "slow",
              "pass": true,
              "fail": false,
              "pending": false,
              "context": null,
              "code": "_Submit_Form.onSubmit_Form.Submit();",
              "err": {},
              "uuid": "ab13d960-df73-474f-b227-1a4028a858c1",
              "parentUUID": "fcc8f330-02c4-46d4-ade8-1aff82cd67ba",
              "isHook": false,
              "skipped": false
            },
            {
              "title": "Check Correct Price Test",
              "fullTitle": "Testing  the Long-Term Garage Parking cost should be $2.00 per hour Check Correct Price Test",
              "timedOut": null,
              "duration": 1019,
              "state": "passed",
              "speed": "slow",
              "pass": true,
              "fail": false,
              "pending": false,
              "context": null,
              "code": "_Check_Price.onCheck_Price.ShouldBe(\"$ 6.00\");",
              "err": {},
              "uuid": "18791d86-a455-4c2e-99b8-cf83b7046d4a",
              "parentUUID": "fcc8f330-02c4-46d4-ade8-1aff82cd67ba",
              "isHook": false,
              "skipped": false
            },
            {
              "title": "Check Correct Date Test",
              "fullTitle": "Testing  the Long-Term Garage Parking cost should be $2.00 per hour Check Correct Date Test",
              "timedOut": null,
              "duration": 1020,
              "state": "passed",
              "speed": "slow",
              "pass": true,
              "fail": false,
              "pending": false,
              "context": null,
              "code": "_Check_Date.onCheck_Date.CheckDate(\"(0 Days, 3 Hours, 0 Minutes)\");",
              "err": {},
              "uuid": "a82850b7-d244-46f0-917c-f185234e4701",
              "parentUUID": "fcc8f330-02c4-46d4-ade8-1aff82cd67ba",
              "isHook": false,
              "skipped": false
            }
          ],
          "suites": [],
          "passes": [
            "78323104-ad87-4c1c-af93-6352e8ed816c",
            "f1287d4b-ea14-4fa0-a6d1-f203de396611",
            "d95fae6d-6668-4a31-88b0-c2e96ab3bb33",
            "688ce8fe-e0b4-44e6-a77f-5e5eb25a16a7",
            "9999bfb5-4a64-4d21-953b-9ff5e496788e",
            "d2f3f2d6-3d8a-4e7f-a78f-c97dd2816ed8",
            "bb48f175-4ed1-4c38-b97e-6ac3d8a8f6a1",
            "1ab0db42-055f-4dfd-be4d-6b1833743c50",
            "ab13d960-df73-474f-b227-1a4028a858c1",
            "18791d86-a455-4c2e-99b8-cf83b7046d4a",
            "a82850b7-d244-46f0-917c-f185234e4701"
          ],
          "failures": [],
          "pending": [],
          "skipped": [],
          "duration": 13388,
          "root": false,
          "rootEmpty": false,
          "_timeout": 2000
        },
        {
          "uuid": "3345fa96-71ac-4daa-b439-6632f5e1835f",
          "title": "Testing  the Long-Term Garage Parking cost should be $12.00 daily maximum",
          "fullFile": "",
          "file": "",
          "beforeHooks": [],
          "afterHooks": [],
          "tests": [
            {
              "title": "Open Application",
              "fullTitle": "Testing  the Long-Term Garage Parking cost should be $12.00 daily maximum Open Application",
              "timedOut": null,
              "duration": 1358,
              "state": "passed",
              "speed": "slow",
              "pass": true,
              "fail": false,
              "pending": false,
              "context": null,
              "code": "cy.openMainPage();",
              "err": {},
              "uuid": "c8cd6854-a32f-4456-bf34-04af62238086",
              "parentUUID": "3345fa96-71ac-4daa-b439-6632f5e1835f",
              "isHook": false,
              "skipped": false
            },
            {
              "title": "Parking Lot Test",
              "fullTitle": "Testing  the Long-Term Garage Parking cost should be $12.00 daily maximum Parking Lot Test",
              "timedOut": null,
              "duration": 1157,
              "state": "passed",
              "speed": "slow",
              "pass": true,
              "fail": false,
              "pending": false,
              "context": null,
              "code": "_Parking_Lot_Picker.onParkingLotPicker.pickLot(\"Long-Term Garage Parking\", \"Long-Term Garage Parking\");",
              "err": {},
              "uuid": "52617b84-dc39-42b7-89da-3bc8a574005e",
              "parentUUID": "3345fa96-71ac-4daa-b439-6632f5e1835f",
              "isHook": false,
              "skipped": false
            },
            {
              "title": "Entry Date Test",
              "fullTitle": "Testing  the Long-Term Garage Parking cost should be $12.00 daily maximum Entry Date Test",
              "timedOut": null,
              "duration": 1336,
              "state": "passed",
              "speed": "slow",
              "pass": true,
              "fail": false,
              "pending": false,
              "context": null,
              "code": "_Entry_Date.onEntry_Date.pickDate(\"7/29/2021\");",
              "err": {},
              "uuid": "ef10296c-a9d5-4ac7-8084-246f805e020e",
              "parentUUID": "3345fa96-71ac-4daa-b439-6632f5e1835f",
              "isHook": false,
              "skipped": false
            },
            {
              "title": "Starting Time Test",
              "fullTitle": "Testing  the Long-Term Garage Parking cost should be $12.00 daily maximum Starting Time Test",
              "timedOut": null,
              "duration": 1294,
              "state": "passed",
              "speed": "slow",
              "pass": true,
              "fail": false,
              "pending": false,
              "context": null,
              "code": "_Entry_Time.OnEntry_Time.pickTime(\"12:00\");",
              "err": {},
              "uuid": "e16cd471-d81a-4440-8f94-40fc1cf6a34e",
              "parentUUID": "3345fa96-71ac-4daa-b439-6632f5e1835f",
              "isHook": false,
              "skipped": false
            },
            {
              "title": "Radio_Button-Test",
              "fullTitle": "Testing  the Long-Term Garage Parking cost should be $12.00 daily maximum Radio_Button-Test",
              "timedOut": null,
              "duration": 1022,
              "state": "passed",
              "speed": "slow",
              "pass": true,
              "fail": false,
              "pending": false,
              "context": null,
              "code": "_Entry_RB_AMPM.onEntry_RB_AMPM.pickPeriod(\"AM\");",
              "err": {},
              "uuid": "ac4c79f0-7494-4a4e-a1ca-f27d5a1e9a7c",
              "parentUUID": "3345fa96-71ac-4daa-b439-6632f5e1835f",
              "isHook": false,
              "skipped": false
            },
            {
              "title": "Leaving Date Test",
              "fullTitle": "Testing  the Long-Term Garage Parking cost should be $12.00 daily maximum Leaving Date Test",
              "timedOut": null,
              "duration": 1341,
              "state": "passed",
              "speed": "slow",
              "pass": true,
              "fail": false,
              "pending": false,
              "context": null,
              "code": "_Leaving_Date.OnLeaving_Date.leaveDate(\"7/29/2021\");",
              "err": {},
              "uuid": "65efb217-f2c8-4d9d-a11b-94411e5c22ea",
              "parentUUID": "3345fa96-71ac-4daa-b439-6632f5e1835f",
              "isHook": false,
              "skipped": false
            },
            {
              "title": "Leaving Time Test",
              "fullTitle": "Testing  the Long-Term Garage Parking cost should be $12.00 daily maximum Leaving Time Test",
              "timedOut": null,
              "duration": 1288,
              "state": "passed",
              "speed": "slow",
              "pass": true,
              "fail": false,
              "pending": false,
              "context": null,
              "code": "_Leaving_Time.OnLeaving_Time.leaveTime(\"12:00\");",
              "err": {},
              "uuid": "9b2aaa41-bcad-4d6a-8490-3f2e1a47b2bc",
              "parentUUID": "3345fa96-71ac-4daa-b439-6632f5e1835f",
              "isHook": false,
              "skipped": false
            },
            {
              "title": "Leaving Time AM or PM Test",
              "fullTitle": "Testing  the Long-Term Garage Parking cost should be $12.00 daily maximum Leaving Time AM or PM Test",
              "timedOut": null,
              "duration": 1073,
              "state": "passed",
              "speed": "slow",
              "pass": true,
              "fail": false,
              "pending": false,
              "context": null,
              "code": "_Leaving_RB_AMPM.onLeaving_RB_AMPM.pickPeriod(\"PM\");",
              "err": {},
              "uuid": "751e06cc-4b6f-4d65-83a2-f7137094b0dc",
              "parentUUID": "3345fa96-71ac-4daa-b439-6632f5e1835f",
              "isHook": false,
              "skipped": false
            },
            {
              "title": "Format Submit Test",
              "fullTitle": "Testing  the Long-Term Garage Parking cost should be $12.00 daily maximum Format Submit Test",
              "timedOut": null,
              "duration": 882,
              "state": "passed",
              "speed": "slow",
              "pass": true,
              "fail": false,
              "pending": false,
              "context": null,
              "code": "_Submit_Form.onSubmit_Form.Submit();",
              "err": {},
              "uuid": "b515f813-ed21-4314-a81b-2d358d2f542f",
              "parentUUID": "3345fa96-71ac-4daa-b439-6632f5e1835f",
              "isHook": false,
              "skipped": false
            },
            {
              "title": "Check Correct Price Test",
              "fullTitle": "Testing  the Long-Term Garage Parking cost should be $12.00 daily maximum Check Correct Price Test",
              "timedOut": null,
              "duration": 1019,
              "state": "passed",
              "speed": "slow",
              "pass": true,
              "fail": false,
              "pending": false,
              "context": null,
              "code": "_Check_Price.onCheck_Price.ShouldBe(\"$ 12.00\");",
              "err": {},
              "uuid": "9f9daca1-3c4b-4ded-ba59-3255b6fec7b1",
              "parentUUID": "3345fa96-71ac-4daa-b439-6632f5e1835f",
              "isHook": false,
              "skipped": false
            },
            {
              "title": "Check Correct Date Test",
              "fullTitle": "Testing  the Long-Term Garage Parking cost should be $12.00 daily maximum Check Correct Date Test",
              "timedOut": null,
              "duration": 1021,
              "state": "passed",
              "speed": "slow",
              "pass": true,
              "fail": false,
              "pending": false,
              "context": null,
              "code": "_Check_Date.onCheck_Date.CheckDate(\"(0 Days, 12 Hours, 0 Minutes)\");",
              "err": {},
              "uuid": "641f6b4a-023c-4d2b-9a4e-c4075e355ff6",
              "parentUUID": "3345fa96-71ac-4daa-b439-6632f5e1835f",
              "isHook": false,
              "skipped": false
            }
          ],
          "suites": [],
          "passes": [
            "c8cd6854-a32f-4456-bf34-04af62238086",
            "52617b84-dc39-42b7-89da-3bc8a574005e",
            "ef10296c-a9d5-4ac7-8084-246f805e020e",
            "e16cd471-d81a-4440-8f94-40fc1cf6a34e",
            "ac4c79f0-7494-4a4e-a1ca-f27d5a1e9a7c",
            "65efb217-f2c8-4d9d-a11b-94411e5c22ea",
            "9b2aaa41-bcad-4d6a-8490-3f2e1a47b2bc",
            "751e06cc-4b6f-4d65-83a2-f7137094b0dc",
            "b515f813-ed21-4314-a81b-2d358d2f542f",
            "9f9daca1-3c4b-4ded-ba59-3255b6fec7b1",
            "641f6b4a-023c-4d2b-9a4e-c4075e355ff6"
          ],
          "failures": [],
          "pending": [],
          "skipped": [],
          "duration": 12791,
          "root": false,
          "rootEmpty": false,
          "_timeout": 2000
        },
        {
          "uuid": "cac091bc-c799-4027-8443-dbcf228bfbbd",
          "title": "Testing  the Long-Term Garage Parking cost should be $72.00 per week (7th day free)",
          "fullFile": "",
          "file": "",
          "beforeHooks": [],
          "afterHooks": [],
          "tests": [
            {
              "title": "Open Application",
              "fullTitle": "Testing  the Long-Term Garage Parking cost should be $72.00 per week (7th day free) Open Application",
              "timedOut": null,
              "duration": 869,
              "state": "passed",
              "speed": "slow",
              "pass": true,
              "fail": false,
              "pending": false,
              "context": null,
              "code": "cy.openMainPage();",
              "err": {},
              "uuid": "a5922a20-97ab-4dfb-abaf-cd67763e5d4d",
              "parentUUID": "cac091bc-c799-4027-8443-dbcf228bfbbd",
              "isHook": false,
              "skipped": false
            },
            {
              "title": "Parking Lot Test",
              "fullTitle": "Testing  the Long-Term Garage Parking cost should be $72.00 per week (7th day free) Parking Lot Test",
              "timedOut": null,
              "duration": 1153,
              "state": "passed",
              "speed": "slow",
              "pass": true,
              "fail": false,
              "pending": false,
              "context": null,
              "code": "_Parking_Lot_Picker.onParkingLotPicker.pickLot(\"Long-Term Garage Parking\", \"Long-Term Garage Parking\");",
              "err": {},
              "uuid": "9ee93c46-535d-44d5-9b8b-349c81be9204",
              "parentUUID": "cac091bc-c799-4027-8443-dbcf228bfbbd",
              "isHook": false,
              "skipped": false
            },
            {
              "title": "Entry Date Test",
              "fullTitle": "Testing  the Long-Term Garage Parking cost should be $72.00 per week (7th day free) Entry Date Test",
              "timedOut": null,
              "duration": 1321,
              "state": "passed",
              "speed": "slow",
              "pass": true,
              "fail": false,
              "pending": false,
              "context": null,
              "code": "_Entry_Date.onEntry_Date.pickDate(\"7/5/2021\");",
              "err": {},
              "uuid": "223edcde-939a-40d7-8c8a-7b5bdc30052e",
              "parentUUID": "cac091bc-c799-4027-8443-dbcf228bfbbd",
              "isHook": false,
              "skipped": false
            },
            {
              "title": "Starting Time Test",
              "fullTitle": "Testing  the Long-Term Garage Parking cost should be $72.00 per week (7th day free) Starting Time Test",
              "timedOut": null,
              "duration": 1293,
              "state": "passed",
              "speed": "slow",
              "pass": true,
              "fail": false,
              "pending": false,
              "context": null,
              "code": "_Entry_Time.OnEntry_Time.pickTime(\"12:00\");",
              "err": {},
              "uuid": "50325c94-dc7d-414c-80de-4a3f86652547",
              "parentUUID": "cac091bc-c799-4027-8443-dbcf228bfbbd",
              "isHook": false,
              "skipped": false
            },
            {
              "title": "Radio_Button-Test",
              "fullTitle": "Testing  the Long-Term Garage Parking cost should be $72.00 per week (7th day free) Radio_Button-Test",
              "timedOut": null,
              "duration": 1021,
              "state": "passed",
              "speed": "slow",
              "pass": true,
              "fail": false,
              "pending": false,
              "context": null,
              "code": "_Entry_RB_AMPM.onEntry_RB_AMPM.pickPeriod(\"AM\");",
              "err": {},
              "uuid": "79eacab0-a9fb-4cd8-b82a-30a428f2384c",
              "parentUUID": "cac091bc-c799-4027-8443-dbcf228bfbbd",
              "isHook": false,
              "skipped": false
            },
            {
              "title": "Leaving Date Test",
              "fullTitle": "Testing  the Long-Term Garage Parking cost should be $72.00 per week (7th day free) Leaving Date Test",
              "timedOut": null,
              "duration": 1330,
              "state": "passed",
              "speed": "slow",
              "pass": true,
              "fail": false,
              "pending": false,
              "context": null,
              "code": "_Leaving_Date.OnLeaving_Date.leaveDate(\"7/12/2021\");",
              "err": {},
              "uuid": "06b6b4a1-7c30-4120-ad62-a4f6f6473697",
              "parentUUID": "cac091bc-c799-4027-8443-dbcf228bfbbd",
              "isHook": false,
              "skipped": false
            },
            {
              "title": "Leaving Time Test",
              "fullTitle": "Testing  the Long-Term Garage Parking cost should be $72.00 per week (7th day free) Leaving Time Test",
              "timedOut": null,
              "duration": 1287,
              "state": "passed",
              "speed": "slow",
              "pass": true,
              "fail": false,
              "pending": false,
              "context": null,
              "code": "_Leaving_Time.OnLeaving_Time.leaveTime(\"12:00\");",
              "err": {},
              "uuid": "2845ce2e-2a08-44e1-ab16-c42d2bb1a3ec",
              "parentUUID": "cac091bc-c799-4027-8443-dbcf228bfbbd",
              "isHook": false,
              "skipped": false
            },
            {
              "title": "Leaving Time AM or PM Test",
              "fullTitle": "Testing  the Long-Term Garage Parking cost should be $72.00 per week (7th day free) Leaving Time AM or PM Test",
              "timedOut": null,
              "duration": 1020,
              "state": "passed",
              "speed": "slow",
              "pass": true,
              "fail": false,
              "pending": false,
              "context": null,
              "code": "_Leaving_RB_AMPM.onLeaving_RB_AMPM.pickPeriod(\"AM\");",
              "err": {},
              "uuid": "56f0bd46-5de9-46fd-b323-1e53aeb75152",
              "parentUUID": "cac091bc-c799-4027-8443-dbcf228bfbbd",
              "isHook": false,
              "skipped": false
            },
            {
              "title": "Format Submit Test",
              "fullTitle": "Testing  the Long-Term Garage Parking cost should be $72.00 per week (7th day free) Format Submit Test",
              "timedOut": null,
              "duration": 543,
              "state": "passed",
              "speed": "slow",
              "pass": true,
              "fail": false,
              "pending": false,
              "context": null,
              "code": "_Submit_Form.onSubmit_Form.Submit();",
              "err": {},
              "uuid": "4bf41119-4bf4-4dd0-b76e-f37ff693913a",
              "parentUUID": "cac091bc-c799-4027-8443-dbcf228bfbbd",
              "isHook": false,
              "skipped": false
            },
            {
              "title": "Check Correct Price Test",
              "fullTitle": "Testing  the Long-Term Garage Parking cost should be $72.00 per week (7th day free) Check Correct Price Test",
              "timedOut": null,
              "duration": 1019,
              "state": "passed",
              "speed": "slow",
              "pass": true,
              "fail": false,
              "pending": false,
              "context": null,
              "code": "_Check_Price.onCheck_Price.ShouldBe(\"$ 72.00\");",
              "err": {},
              "uuid": "5571f103-a520-4d26-8f77-c96b2f3e9b80",
              "parentUUID": "cac091bc-c799-4027-8443-dbcf228bfbbd",
              "isHook": false,
              "skipped": false
            },
            {
              "title": "Check Correct Date Test",
              "fullTitle": "Testing  the Long-Term Garage Parking cost should be $72.00 per week (7th day free) Check Correct Date Test",
              "timedOut": null,
              "duration": 1021,
              "state": "passed",
              "speed": "slow",
              "pass": true,
              "fail": false,
              "pending": false,
              "context": null,
              "code": "_Check_Date.onCheck_Date.CheckDate(\"(7 Days, 0 Hours, 0 Minutes)\");",
              "err": {},
              "uuid": "17714561-c6f0-4ef4-94ab-9f73fa600d07",
              "parentUUID": "cac091bc-c799-4027-8443-dbcf228bfbbd",
              "isHook": false,
              "skipped": false
            }
          ],
          "suites": [],
          "passes": [
            "a5922a20-97ab-4dfb-abaf-cd67763e5d4d",
            "9ee93c46-535d-44d5-9b8b-349c81be9204",
            "223edcde-939a-40d7-8c8a-7b5bdc30052e",
            "50325c94-dc7d-414c-80de-4a3f86652547",
            "79eacab0-a9fb-4cd8-b82a-30a428f2384c",
            "06b6b4a1-7c30-4120-ad62-a4f6f6473697",
            "2845ce2e-2a08-44e1-ab16-c42d2bb1a3ec",
            "56f0bd46-5de9-46fd-b323-1e53aeb75152",
            "4bf41119-4bf4-4dd0-b76e-f37ff693913a",
            "5571f103-a520-4d26-8f77-c96b2f3e9b80",
            "17714561-c6f0-4ef4-94ab-9f73fa600d07"
          ],
          "failures": [],
          "pending": [],
          "skipped": [],
          "duration": 11877,
          "root": false,
          "rootEmpty": false,
          "_timeout": 2000
        }
      ],
      "passes": [],
      "failures": [],
      "pending": [],
      "skipped": [],
      "duration": 0,
      "root": true,
      "rootEmpty": true,
      "_timeout": 2000
    }
  ],
  "meta": {
    "mocha": {
      "version": "7.0.1"
    },
    "mochawesome": {
      "options": {
        "quiet": false,
        "reportFilename": "mochawesome",
        "saveHtml": false,
        "saveJson": true,
        "consoleReporter": "spec",
        "useInlineDiffs": false,
        "code": true
      },
      "version": "6.2.2"
    },
    "marge": {
      "options": {
        "id": "default",
        "reportDir": "cypress/results/mochawesome",
        "overwrite": false,
        "html": false,
        "json": true
      },
      "version": "5.2.0"
    }
  }
}