{
  "stats": {
    "suites": 3,
    "tests": 33,
    "passes": 33,
    "pending": 0,
    "failures": 0,
    "start": "2021-07-08T16:26:50.837Z",
    "end": "2021-07-08T16:27:32.080Z",
    "duration": 41243,
    "testsRegistered": 33,
    "passPercent": 100,
    "pendingPercent": 0,
    "other": 0,
    "hasOther": false,
    "skipped": 0,
    "hasSkipped": false
  },
  "results": [
    {
      "uuid": "b0e66a25-b7bd-4da5-a062-2267281b90c1",
      "title": "",
      "fullFile": "cypress/integration/Test_Economy_Lot_Parking.spec.js",
      "file": "cypress/integration/Test_Economy_Lot_Parking.spec.js",
      "beforeHooks": [],
      "afterHooks": [],
      "tests": [],
      "suites": [
        {
          "uuid": "12a1d028-aef9-41aa-90c0-b713ad9dfa0d",
          "title": "Testing  the Economy Parking Parking cost should be $2.00 per hour",
          "fullFile": "",
          "file": "",
          "beforeHooks": [],
          "afterHooks": [],
          "tests": [
            {
              "title": "Open Application",
              "fullTitle": "Testing  the Economy Parking Parking cost should be $2.00 per hour Open Application",
              "timedOut": null,
              "duration": 1737,
              "state": "passed",
              "speed": "slow",
              "pass": true,
              "fail": false,
              "pending": false,
              "context": null,
              "code": "cy.openMainPage();",
              "err": {},
              "uuid": "2a168048-895c-4529-af15-daa08988eeb9",
              "parentUUID": "12a1d028-aef9-41aa-90c0-b713ad9dfa0d",
              "isHook": false,
              "skipped": false
            },
            {
              "title": "Parking Lot Test",
              "fullTitle": "Testing  the Economy Parking Parking cost should be $2.00 per hour Parking Lot Test",
              "timedOut": null,
              "duration": 1174,
              "state": "passed",
              "speed": "slow",
              "pass": true,
              "fail": false,
              "pending": false,
              "context": null,
              "code": "_Parking_Lot_Picker.onParkingLotPicker.pickLot(\"Economy Parking\", \"Economy Parking\");",
              "err": {},
              "uuid": "88e3dbbf-f02d-44d8-8ac0-8b67b40427c8",
              "parentUUID": "12a1d028-aef9-41aa-90c0-b713ad9dfa0d",
              "isHook": false,
              "skipped": false
            },
            {
              "title": "Entry Date Test",
              "fullTitle": "Testing  the Economy Parking Parking cost should be $2.00 per hour Entry Date Test",
              "timedOut": null,
              "duration": 1361,
              "state": "passed",
              "speed": "slow",
              "pass": true,
              "fail": false,
              "pending": false,
              "context": null,
              "code": "_Entry_Date.onEntry_Date.pickDate(\"7/29/2021\");",
              "err": {},
              "uuid": "a8d204c3-4346-49d3-a51f-db4c8d5ad77b",
              "parentUUID": "12a1d028-aef9-41aa-90c0-b713ad9dfa0d",
              "isHook": false,
              "skipped": false
            },
            {
              "title": "Starting Time Test",
              "fullTitle": "Testing  the Economy Parking Parking cost should be $2.00 per hour Starting Time Test",
              "timedOut": null,
              "duration": 1293,
              "state": "passed",
              "speed": "slow",
              "pass": true,
              "fail": false,
              "pending": false,
              "context": null,
              "code": "_Entry_Time.OnEntry_Time.pickTime(\"12:00\");",
              "err": {},
              "uuid": "861eda3d-3b7f-48ae-9d3a-aabebab937aa",
              "parentUUID": "12a1d028-aef9-41aa-90c0-b713ad9dfa0d",
              "isHook": false,
              "skipped": false
            },
            {
              "title": "Radio_Button-Test",
              "fullTitle": "Testing  the Economy Parking Parking cost should be $2.00 per hour Radio_Button-Test",
              "timedOut": null,
              "duration": 1086,
              "state": "passed",
              "speed": "slow",
              "pass": true,
              "fail": false,
              "pending": false,
              "context": null,
              "code": "_Entry_RB_AMPM.onEntry_RB_AMPM.pickPeriod(\"PM\");",
              "err": {},
              "uuid": "b386d1ef-a8df-4d51-ae42-2a60eb842e23",
              "parentUUID": "12a1d028-aef9-41aa-90c0-b713ad9dfa0d",
              "isHook": false,
              "skipped": false
            },
            {
              "title": "Leaving Date Test",
              "fullTitle": "Testing  the Economy Parking Parking cost should be $2.00 per hour Leaving Date Test",
              "timedOut": null,
              "duration": 1342,
              "state": "passed",
              "speed": "slow",
              "pass": true,
              "fail": false,
              "pending": false,
              "context": null,
              "code": "_Leaving_Date.OnLeaving_Date.leaveDate(\"7/29/2021\");",
              "err": {},
              "uuid": "e132d080-8cfb-464b-869f-b03bd639c992",
              "parentUUID": "12a1d028-aef9-41aa-90c0-b713ad9dfa0d",
              "isHook": false,
              "skipped": false
            },
            {
              "title": "Leaving Time Test",
              "fullTitle": "Testing  the Economy Parking Parking cost should be $2.00 per hour Leaving Time Test",
              "timedOut": null,
              "duration": 1282,
              "state": "passed",
              "speed": "slow",
              "pass": true,
              "fail": false,
              "pending": false,
              "context": null,
              "code": "_Leaving_Time.OnLeaving_Time.leaveTime(\"3:00\");",
              "err": {},
              "uuid": "d4957d27-acb0-40d5-8c29-0c7fee5be5c3",
              "parentUUID": "12a1d028-aef9-41aa-90c0-b713ad9dfa0d",
              "isHook": false,
              "skipped": false
            },
            {
              "title": "Leaving Time AM or PM Test",
              "fullTitle": "Testing  the Economy Parking Parking cost should be $2.00 per hour Leaving Time AM or PM Test",
              "timedOut": null,
              "duration": 1077,
              "state": "passed",
              "speed": "slow",
              "pass": true,
              "fail": false,
              "pending": false,
              "context": null,
              "code": "_Leaving_RB_AMPM.onLeaving_RB_AMPM.pickPeriod(\"PM\");",
              "err": {},
              "uuid": "616046d3-56ee-408e-b2ad-0775cd7a3465",
              "parentUUID": "12a1d028-aef9-41aa-90c0-b713ad9dfa0d",
              "isHook": false,
              "skipped": false
            },
            {
              "title": "Format Submit Test",
              "fullTitle": "Testing  the Economy Parking Parking cost should be $2.00 per hour Format Submit Test",
              "timedOut": null,
              "duration": 1048,
              "state": "passed",
              "speed": "slow",
              "pass": true,
              "fail": false,
              "pending": false,
              "context": null,
              "code": "_Submit_Form.onSubmit_Form.Submit();",
              "err": {},
              "uuid": "e5181bb5-3f99-4a30-a496-0d2b9f46c2b0",
              "parentUUID": "12a1d028-aef9-41aa-90c0-b713ad9dfa0d",
              "isHook": false,
              "skipped": false
            },
            {
              "title": "Check Correct Price Test",
              "fullTitle": "Testing  the Economy Parking Parking cost should be $2.00 per hour Check Correct Price Test",
              "timedOut": null,
              "duration": 1024,
              "state": "passed",
              "speed": "slow",
              "pass": true,
              "fail": false,
              "pending": false,
              "context": null,
              "code": "_Check_Price.onCheck_Price.ShouldBe(\"$ 6.00\");",
              "err": {},
              "uuid": "bc513138-120e-4ebf-903b-8256015ecf33",
              "parentUUID": "12a1d028-aef9-41aa-90c0-b713ad9dfa0d",
              "isHook": false,
              "skipped": false
            },
            {
              "title": "Check Correct Date Test",
              "fullTitle": "Testing  the Economy Parking Parking cost should be $2.00 per hour Check Correct Date Test",
              "timedOut": null,
              "duration": 1023,
              "state": "passed",
              "speed": "slow",
              "pass": true,
              "fail": false,
              "pending": false,
              "context": null,
              "code": "_Check_Date.onCheck_Date.CheckDate(\"(0 Days, 3 Hours, 0 Minutes)\");",
              "err": {},
              "uuid": "861d8c3c-fe8c-45c8-b638-4f3f95687b51",
              "parentUUID": "12a1d028-aef9-41aa-90c0-b713ad9dfa0d",
              "isHook": false,
              "skipped": false
            }
          ],
          "suites": [],
          "passes": [
            "2a168048-895c-4529-af15-daa08988eeb9",
            "88e3dbbf-f02d-44d8-8ac0-8b67b40427c8",
            "a8d204c3-4346-49d3-a51f-db4c8d5ad77b",
            "861eda3d-3b7f-48ae-9d3a-aabebab937aa",
            "b386d1ef-a8df-4d51-ae42-2a60eb842e23",
            "e132d080-8cfb-464b-869f-b03bd639c992",
            "d4957d27-acb0-40d5-8c29-0c7fee5be5c3",
            "616046d3-56ee-408e-b2ad-0775cd7a3465",
            "e5181bb5-3f99-4a30-a496-0d2b9f46c2b0",
            "bc513138-120e-4ebf-903b-8256015ecf33",
            "861d8c3c-fe8c-45c8-b638-4f3f95687b51"
          ],
          "failures": [],
          "pending": [],
          "skipped": [],
          "duration": 13447,
          "root": false,
          "rootEmpty": false,
          "_timeout": 2000
        },
        {
          "uuid": "83c54b3d-c672-48fb-82f6-d8e86c73c9ea",
          "title": "Testing  the Economy Parking  cost should be $9.00 daily maximum",
          "fullFile": "",
          "file": "",
          "beforeHooks": [],
          "afterHooks": [],
          "tests": [
            {
              "title": "Open Application",
              "fullTitle": "Testing  the Economy Parking  cost should be $9.00 daily maximum Open Application",
              "timedOut": null,
              "duration": 1406,
              "state": "passed",
              "speed": "slow",
              "pass": true,
              "fail": false,
              "pending": false,
              "context": null,
              "code": "cy.openMainPage();",
              "err": {},
              "uuid": "0debf2b4-2122-4899-adfa-306d8024b87a",
              "parentUUID": "83c54b3d-c672-48fb-82f6-d8e86c73c9ea",
              "isHook": false,
              "skipped": false
            },
            {
              "title": "Parking Lot Test",
              "fullTitle": "Testing  the Economy Parking  cost should be $9.00 daily maximum Parking Lot Test",
              "timedOut": null,
              "duration": 1158,
              "state": "passed",
              "speed": "slow",
              "pass": true,
              "fail": false,
              "pending": false,
              "context": null,
              "code": "_Parking_Lot_Picker.onParkingLotPicker.pickLot(\"Economy Parking\", \"Economy Parking\");",
              "err": {},
              "uuid": "49a0793a-6ec6-4932-be26-8f737b824a26",
              "parentUUID": "83c54b3d-c672-48fb-82f6-d8e86c73c9ea",
              "isHook": false,
              "skipped": false
            },
            {
              "title": "Entry Date Test",
              "fullTitle": "Testing  the Economy Parking  cost should be $9.00 daily maximum Entry Date Test",
              "timedOut": null,
              "duration": 1341,
              "state": "passed",
              "speed": "slow",
              "pass": true,
              "fail": false,
              "pending": false,
              "context": null,
              "code": "_Entry_Date.onEntry_Date.pickDate(\"7/29/2021\");",
              "err": {},
              "uuid": "224b5055-3538-43ca-95cb-8789e8a34a2f",
              "parentUUID": "83c54b3d-c672-48fb-82f6-d8e86c73c9ea",
              "isHook": false,
              "skipped": false
            },
            {
              "title": "Starting Time Test",
              "fullTitle": "Testing  the Economy Parking  cost should be $9.00 daily maximum Starting Time Test",
              "timedOut": null,
              "duration": 1287,
              "state": "passed",
              "speed": "slow",
              "pass": true,
              "fail": false,
              "pending": false,
              "context": null,
              "code": "_Entry_Time.OnEntry_Time.pickTime(\"12:00\");",
              "err": {},
              "uuid": "199d5fec-ec1d-4e7e-9687-05c305bde1cd",
              "parentUUID": "83c54b3d-c672-48fb-82f6-d8e86c73c9ea",
              "isHook": false,
              "skipped": false
            },
            {
              "title": "Radio_Button-Test",
              "fullTitle": "Testing  the Economy Parking  cost should be $9.00 daily maximum Radio_Button-Test",
              "timedOut": null,
              "duration": 1020,
              "state": "passed",
              "speed": "slow",
              "pass": true,
              "fail": false,
              "pending": false,
              "context": null,
              "code": "_Entry_RB_AMPM.onEntry_RB_AMPM.pickPeriod(\"AM\");",
              "err": {},
              "uuid": "9fcc5aec-d9bd-4b1f-aea6-517fa8be1252",
              "parentUUID": "83c54b3d-c672-48fb-82f6-d8e86c73c9ea",
              "isHook": false,
              "skipped": false
            },
            {
              "title": "Leaving Date Test",
              "fullTitle": "Testing  the Economy Parking  cost should be $9.00 daily maximum Leaving Date Test",
              "timedOut": null,
              "duration": 1334,
              "state": "passed",
              "speed": "slow",
              "pass": true,
              "fail": false,
              "pending": false,
              "context": null,
              "code": "_Leaving_Date.OnLeaving_Date.leaveDate(\"7/29/2021\");",
              "err": {},
              "uuid": "8f789a98-ac5f-422f-9235-8d000dca63a8",
              "parentUUID": "83c54b3d-c672-48fb-82f6-d8e86c73c9ea",
              "isHook": false,
              "skipped": false
            },
            {
              "title": "Leaving Time Test",
              "fullTitle": "Testing  the Economy Parking  cost should be $9.00 daily maximum Leaving Time Test",
              "timedOut": null,
              "duration": 1294,
              "state": "passed",
              "speed": "slow",
              "pass": true,
              "fail": false,
              "pending": false,
              "context": null,
              "code": "_Leaving_Time.OnLeaving_Time.leaveTime(\"12:00\");",
              "err": {},
              "uuid": "69143100-7fc2-43a8-8c1d-366a187f0d7e",
              "parentUUID": "83c54b3d-c672-48fb-82f6-d8e86c73c9ea",
              "isHook": false,
              "skipped": false
            },
            {
              "title": "Leaving Time AM or PM Test",
              "fullTitle": "Testing  the Economy Parking  cost should be $9.00 daily maximum Leaving Time AM or PM Test",
              "timedOut": null,
              "duration": 1074,
              "state": "passed",
              "speed": "slow",
              "pass": true,
              "fail": false,
              "pending": false,
              "context": null,
              "code": "_Leaving_RB_AMPM.onLeaving_RB_AMPM.pickPeriod(\"PM\");",
              "err": {},
              "uuid": "045ef6c2-e5da-4a5a-bda1-1d2d8098d332",
              "parentUUID": "83c54b3d-c672-48fb-82f6-d8e86c73c9ea",
              "isHook": false,
              "skipped": false
            },
            {
              "title": "Format Submit Test",
              "fullTitle": "Testing  the Economy Parking  cost should be $9.00 daily maximum Format Submit Test",
              "timedOut": null,
              "duration": 1337,
              "state": "passed",
              "speed": "slow",
              "pass": true,
              "fail": false,
              "pending": false,
              "context": null,
              "code": "_Submit_Form.onSubmit_Form.Submit();",
              "err": {},
              "uuid": "38e9ccd2-6fcd-45bf-8932-2e61c318096c",
              "parentUUID": "83c54b3d-c672-48fb-82f6-d8e86c73c9ea",
              "isHook": false,
              "skipped": false
            },
            {
              "title": "Check Correct Price Test",
              "fullTitle": "Testing  the Economy Parking  cost should be $9.00 daily maximum Check Correct Price Test",
              "timedOut": null,
              "duration": 1020,
              "state": "passed",
              "speed": "slow",
              "pass": true,
              "fail": false,
              "pending": false,
              "context": null,
              "code": "_Check_Price.onCheck_Price.ShouldBe(\"$ 9.00\");",
              "err": {},
              "uuid": "fda17542-6f70-4fe9-9a1a-7a5013419159",
              "parentUUID": "83c54b3d-c672-48fb-82f6-d8e86c73c9ea",
              "isHook": false,
              "skipped": false
            },
            {
              "title": "Check Correct Date Test",
              "fullTitle": "Testing  the Economy Parking  cost should be $9.00 daily maximum Check Correct Date Test",
              "timedOut": null,
              "duration": 1021,
              "state": "passed",
              "speed": "slow",
              "pass": true,
              "fail": false,
              "pending": false,
              "context": null,
              "code": "_Check_Date.onCheck_Date.CheckDate(\"(0 Days, 12 Hours, 0 Minutes)\");",
              "err": {},
              "uuid": "1947c1d7-8aed-4f68-bcfb-3bc0ec8ea769",
              "parentUUID": "83c54b3d-c672-48fb-82f6-d8e86c73c9ea",
              "isHook": false,
              "skipped": false
            }
          ],
          "suites": [],
          "passes": [
            "0debf2b4-2122-4899-adfa-306d8024b87a",
            "49a0793a-6ec6-4932-be26-8f737b824a26",
            "224b5055-3538-43ca-95cb-8789e8a34a2f",
            "199d5fec-ec1d-4e7e-9687-05c305bde1cd",
            "9fcc5aec-d9bd-4b1f-aea6-517fa8be1252",
            "8f789a98-ac5f-422f-9235-8d000dca63a8",
            "69143100-7fc2-43a8-8c1d-366a187f0d7e",
            "045ef6c2-e5da-4a5a-bda1-1d2d8098d332",
            "38e9ccd2-6fcd-45bf-8932-2e61c318096c",
            "fda17542-6f70-4fe9-9a1a-7a5013419159",
            "1947c1d7-8aed-4f68-bcfb-3bc0ec8ea769"
          ],
          "failures": [],
          "pending": [],
          "skipped": [],
          "duration": 13292,
          "root": false,
          "rootEmpty": false,
          "_timeout": 2000
        },
        {
          "uuid": "66e5e12b-7c45-46be-b319-de0a248c636e",
          "title": "Testing  the Economy Parking  Parking cost should be $54.00 per week (7th day free)",
          "fullFile": "",
          "file": "",
          "beforeHooks": [],
          "afterHooks": [],
          "tests": [
            {
              "title": "Open Application",
              "fullTitle": "Testing  the Economy Parking  Parking cost should be $54.00 per week (7th day free) Open Application",
              "timedOut": null,
              "duration": 875,
              "state": "passed",
              "speed": "slow",
              "pass": true,
              "fail": false,
              "pending": false,
              "context": null,
              "code": "cy.openMainPage();",
              "err": {},
              "uuid": "16f0cee7-2d0b-4b77-af89-3dcbdfd074b7",
              "parentUUID": "66e5e12b-7c45-46be-b319-de0a248c636e",
              "isHook": false,
              "skipped": false
            },
            {
              "title": "Parking Lot Test",
              "fullTitle": "Testing  the Economy Parking  Parking cost should be $54.00 per week (7th day free) Parking Lot Test",
              "timedOut": null,
              "duration": 1153,
              "state": "passed",
              "speed": "slow",
              "pass": true,
              "fail": false,
              "pending": false,
              "context": null,
              "code": "_Parking_Lot_Picker.onParkingLotPicker.pickLot(\"Economy Parking\", \"Economy Parking\");",
              "err": {},
              "uuid": "0baf95d2-472b-48e0-8bce-3a3e8e8dbe71",
              "parentUUID": "66e5e12b-7c45-46be-b319-de0a248c636e",
              "isHook": false,
              "skipped": false
            },
            {
              "title": "Entry Date Test",
              "fullTitle": "Testing  the Economy Parking  Parking cost should be $54.00 per week (7th day free) Entry Date Test",
              "timedOut": null,
              "duration": 1323,
              "state": "passed",
              "speed": "slow",
              "pass": true,
              "fail": false,
              "pending": false,
              "context": null,
              "code": "_Entry_Date.onEntry_Date.pickDate(\"7/5/2021\");",
              "err": {},
              "uuid": "38e7a563-6a7c-4c07-b6b4-71f9c38c213b",
              "parentUUID": "66e5e12b-7c45-46be-b319-de0a248c636e",
              "isHook": false,
              "skipped": false
            },
            {
              "title": "Starting Time Test",
              "fullTitle": "Testing  the Economy Parking  Parking cost should be $54.00 per week (7th day free) Starting Time Test",
              "timedOut": null,
              "duration": 1289,
              "state": "passed",
              "speed": "slow",
              "pass": true,
              "fail": false,
              "pending": false,
              "context": null,
              "code": "_Entry_Time.OnEntry_Time.pickTime(\"12:00\");",
              "err": {},
              "uuid": "77336cc2-0f7a-46aa-bc1d-8c13e6075d1a",
              "parentUUID": "66e5e12b-7c45-46be-b319-de0a248c636e",
              "isHook": false,
              "skipped": false
            },
            {
              "title": "Radio_Button-Test",
              "fullTitle": "Testing  the Economy Parking  Parking cost should be $54.00 per week (7th day free) Radio_Button-Test",
              "timedOut": null,
              "duration": 1017,
              "state": "passed",
              "speed": "slow",
              "pass": true,
              "fail": false,
              "pending": false,
              "context": null,
              "code": "_Entry_RB_AMPM.onEntry_RB_AMPM.pickPeriod(\"AM\");",
              "err": {},
              "uuid": "a43a80b2-e79a-4568-89f5-fc0776dc9b6b",
              "parentUUID": "66e5e12b-7c45-46be-b319-de0a248c636e",
              "isHook": false,
              "skipped": false
            },
            {
              "title": "Leaving Date Test",
              "fullTitle": "Testing  the Economy Parking  Parking cost should be $54.00 per week (7th day free) Leaving Date Test",
              "timedOut": null,
              "duration": 1335,
              "state": "passed",
              "speed": "slow",
              "pass": true,
              "fail": false,
              "pending": false,
              "context": null,
              "code": "_Leaving_Date.OnLeaving_Date.leaveDate(\"7/12/2021\");",
              "err": {},
              "uuid": "6cbf75c5-6ab5-479f-8b1a-75b9b5392134",
              "parentUUID": "66e5e12b-7c45-46be-b319-de0a248c636e",
              "isHook": false,
              "skipped": false
            },
            {
              "title": "Leaving Time Test",
              "fullTitle": "Testing  the Economy Parking  Parking cost should be $54.00 per week (7th day free) Leaving Time Test",
              "timedOut": null,
              "duration": 1292,
              "state": "passed",
              "speed": "slow",
              "pass": true,
              "fail": false,
              "pending": false,
              "context": null,
              "code": "_Leaving_Time.OnLeaving_Time.leaveTime(\"12:00\");",
              "err": {},
              "uuid": "3cdbc2cd-df72-41f9-a690-b9be409e8ff4",
              "parentUUID": "66e5e12b-7c45-46be-b319-de0a248c636e",
              "isHook": false,
              "skipped": false
            },
            {
              "title": "Leaving Time AM or PM Test",
              "fullTitle": "Testing  the Economy Parking  Parking cost should be $54.00 per week (7th day free) Leaving Time AM or PM Test",
              "timedOut": null,
              "duration": 1021,
              "state": "passed",
              "speed": "slow",
              "pass": true,
              "fail": false,
              "pending": false,
              "context": null,
              "code": "_Leaving_RB_AMPM.onLeaving_RB_AMPM.pickPeriod(\"AM\");",
              "err": {},
              "uuid": "43e5e5db-a600-4af5-a0e5-dcd75fea4c03",
              "parentUUID": "66e5e12b-7c45-46be-b319-de0a248c636e",
              "isHook": false,
              "skipped": false
            },
            {
              "title": "Format Submit Test",
              "fullTitle": "Testing  the Economy Parking  Parking cost should be $54.00 per week (7th day free) Format Submit Test",
              "timedOut": null,
              "duration": 553,
              "state": "passed",
              "speed": "slow",
              "pass": true,
              "fail": false,
              "pending": false,
              "context": null,
              "code": "_Submit_Form.onSubmit_Form.Submit();",
              "err": {},
              "uuid": "259f480c-3645-463c-9ed9-e650a7a3c53c",
              "parentUUID": "66e5e12b-7c45-46be-b319-de0a248c636e",
              "isHook": false,
              "skipped": false
            },
            {
              "title": "Check Correct Price Test",
              "fullTitle": "Testing  the Economy Parking  Parking cost should be $54.00 per week (7th day free) Check Correct Price Test",
              "timedOut": null,
              "duration": 1020,
              "state": "passed",
              "speed": "slow",
              "pass": true,
              "fail": false,
              "pending": false,
              "context": null,
              "code": "_Check_Price.onCheck_Price.ShouldBe(\"$ 54.00\");",
              "err": {},
              "uuid": "8be636db-a571-4a65-bf02-1a59ac8b3f97",
              "parentUUID": "66e5e12b-7c45-46be-b319-de0a248c636e",
              "isHook": false,
              "skipped": false
            },
            {
              "title": "Check Correct Date Test",
              "fullTitle": "Testing  the Economy Parking  Parking cost should be $54.00 per week (7th day free) Check Correct Date Test",
              "timedOut": null,
              "duration": 1020,
              "state": "passed",
              "speed": "slow",
              "pass": true,
              "fail": false,
              "pending": false,
              "context": null,
              "code": "_Check_Date.onCheck_Date.CheckDate(\"(7 Days, 0 Hours, 0 Minutes)\");",
              "err": {},
              "uuid": "36b3cf7c-95ab-4f00-bd04-58857f06afb9",
              "parentUUID": "66e5e12b-7c45-46be-b319-de0a248c636e",
              "isHook": false,
              "skipped": false
            }
          ],
          "suites": [],
          "passes": [
            "16f0cee7-2d0b-4b77-af89-3dcbdfd074b7",
            "0baf95d2-472b-48e0-8bce-3a3e8e8dbe71",
            "38e7a563-6a7c-4c07-b6b4-71f9c38c213b",
            "77336cc2-0f7a-46aa-bc1d-8c13e6075d1a",
            "a43a80b2-e79a-4568-89f5-fc0776dc9b6b",
            "6cbf75c5-6ab5-479f-8b1a-75b9b5392134",
            "3cdbc2cd-df72-41f9-a690-b9be409e8ff4",
            "43e5e5db-a600-4af5-a0e5-dcd75fea4c03",
            "259f480c-3645-463c-9ed9-e650a7a3c53c",
            "8be636db-a571-4a65-bf02-1a59ac8b3f97",
            "36b3cf7c-95ab-4f00-bd04-58857f06afb9"
          ],
          "failures": [],
          "pending": [],
          "skipped": [],
          "duration": 11898,
          "root": false,
          "rootEmpty": false,
          "_timeout": 2000
        }
      ],
      "passes": [],
      "failures": [],
      "pending": [],
      "skipped": [],
      "duration": 0,
      "root": true,
      "rootEmpty": true,
      "_timeout": 2000
    }
  ],
  "meta": {
    "mocha": {
      "version": "7.0.1"
    },
    "mochawesome": {
      "options": {
        "quiet": false,
        "reportFilename": "mochawesome",
        "saveHtml": false,
        "saveJson": true,
        "consoleReporter": "spec",
        "useInlineDiffs": false,
        "code": true
      },
      "version": "6.2.2"
    },
    "marge": {
      "options": {
        "id": "default",
        "reportDir": "cypress/results/mochawesome",
        "overwrite": false,
        "html": false,
        "json": true
      },
      "version": "5.2.0"
    }
  }
}