{
  "stats": {
    "suites": 2,
    "tests": 22,
    "passes": 22,
    "pending": 0,
    "failures": 0,
    "start": "2021-07-08T16:30:19.972Z",
    "end": "2021-07-08T16:30:48.942Z",
    "duration": 28970,
    "testsRegistered": 22,
    "passPercent": 100,
    "pendingPercent": 0,
    "other": 0,
    "hasOther": false,
    "skipped": 0,
    "hasSkipped": false
  },
  "results": [
    {
      "uuid": "a8ca0d11-319f-454e-b15f-91890f777f28",
      "title": "",
      "fullFile": "cypress/integration/Test_Valet_Parking.spec.js",
      "file": "cypress/integration/Test_Valet_Parking.spec.js",
      "beforeHooks": [],
      "afterHooks": [],
      "tests": [],
      "suites": [
        {
          "uuid": "8791b50d-a4b7-4533-94e0-b223036f7b98",
          "title": "Testing  the Valet Parking cost per day has to be 18$",
          "fullFile": "",
          "file": "",
          "beforeHooks": [],
          "afterHooks": [],
          "tests": [
            {
              "title": "Open Application",
              "fullTitle": "Testing  the Valet Parking cost per day has to be 18$ Open Application",
              "timedOut": null,
              "duration": 1680,
              "state": "passed",
              "speed": "slow",
              "pass": true,
              "fail": false,
              "pending": false,
              "context": null,
              "code": "cy.openMainPage();",
              "err": {},
              "uuid": "0941d958-c2c0-433f-855e-e772e4fdf0ea",
              "parentUUID": "8791b50d-a4b7-4533-94e0-b223036f7b98",
              "isHook": false,
              "skipped": false
            },
            {
              "title": "Parking Lot Test",
              "fullTitle": "Testing  the Valet Parking cost per day has to be 18$ Parking Lot Test",
              "timedOut": null,
              "duration": 1171,
              "state": "passed",
              "speed": "slow",
              "pass": true,
              "fail": false,
              "pending": false,
              "context": null,
              "code": "_Parking_Lot_Picker.onParkingLotPicker.pickLot(\"Valet Parking\", \"Valet Parking\");",
              "err": {},
              "uuid": "0861ccb2-1026-4c3d-b5c9-62d1fdad36b7",
              "parentUUID": "8791b50d-a4b7-4533-94e0-b223036f7b98",
              "isHook": false,
              "skipped": false
            },
            {
              "title": "Entry Date Test",
              "fullTitle": "Testing  the Valet Parking cost per day has to be 18$ Entry Date Test",
              "timedOut": null,
              "duration": 1351,
              "state": "passed",
              "speed": "slow",
              "pass": true,
              "fail": false,
              "pending": false,
              "context": null,
              "code": "_Entry_Date.onEntry_Date.pickDate(\"7/29/2021\");",
              "err": {},
              "uuid": "129acd9c-d86c-4c3a-8e13-c902ccf5e7b0",
              "parentUUID": "8791b50d-a4b7-4533-94e0-b223036f7b98",
              "isHook": false,
              "skipped": false
            },
            {
              "title": "Starting Time Test",
              "fullTitle": "Testing  the Valet Parking cost per day has to be 18$ Starting Time Test",
              "timedOut": null,
              "duration": 1291,
              "state": "passed",
              "speed": "slow",
              "pass": true,
              "fail": false,
              "pending": false,
              "context": null,
              "code": "_Entry_Time.OnEntry_Time.pickTime(\"12:00\");",
              "err": {},
              "uuid": "a6528ae2-91eb-4b00-bbf5-b5142cab2f25",
              "parentUUID": "8791b50d-a4b7-4533-94e0-b223036f7b98",
              "isHook": false,
              "skipped": false
            },
            {
              "title": "Radio_Button-Test",
              "fullTitle": "Testing  the Valet Parking cost per day has to be 18$ Radio_Button-Test",
              "timedOut": null,
              "duration": 1095,
              "state": "passed",
              "speed": "slow",
              "pass": true,
              "fail": false,
              "pending": false,
              "context": null,
              "code": "_Entry_RB_AMPM.onEntry_RB_AMPM.pickPeriod(\"PM\");",
              "err": {},
              "uuid": "375fcc67-d986-4080-94af-73a1c8659be4",
              "parentUUID": "8791b50d-a4b7-4533-94e0-b223036f7b98",
              "isHook": false,
              "skipped": false
            },
            {
              "title": "Leaving Date Test",
              "fullTitle": "Testing  the Valet Parking cost per day has to be 18$ Leaving Date Test",
              "timedOut": null,
              "duration": 1341,
              "state": "passed",
              "speed": "slow",
              "pass": true,
              "fail": false,
              "pending": false,
              "context": null,
              "code": "_Leaving_Date.OnLeaving_Date.leaveDate(\"7/29/2021\");",
              "err": {},
              "uuid": "52dee79c-68b4-4987-807b-b93c1c0d5adf",
              "parentUUID": "8791b50d-a4b7-4533-94e0-b223036f7b98",
              "isHook": false,
              "skipped": false
            },
            {
              "title": "Leaving Time Test",
              "fullTitle": "Testing  the Valet Parking cost per day has to be 18$ Leaving Time Test",
              "timedOut": null,
              "duration": 1280,
              "state": "passed",
              "speed": "slow",
              "pass": true,
              "fail": false,
              "pending": false,
              "context": null,
              "code": "_Leaving_Time.OnLeaving_Time.leaveTime(\"9:00\");",
              "err": {},
              "uuid": "c5547bab-c970-40e2-b9a7-00dd090a21bb",
              "parentUUID": "8791b50d-a4b7-4533-94e0-b223036f7b98",
              "isHook": false,
              "skipped": false
            },
            {
              "title": "Leaving Time AM or PM Test",
              "fullTitle": "Testing  the Valet Parking cost per day has to be 18$ Leaving Time AM or PM Test",
              "timedOut": null,
              "duration": 1076,
              "state": "passed",
              "speed": "slow",
              "pass": true,
              "fail": false,
              "pending": false,
              "context": null,
              "code": "_Leaving_RB_AMPM.onLeaving_RB_AMPM.pickPeriod(\"PM\");",
              "err": {},
              "uuid": "544f9e69-b2b1-4f43-b166-9db07c4aaee9",
              "parentUUID": "8791b50d-a4b7-4533-94e0-b223036f7b98",
              "isHook": false,
              "skipped": false
            },
            {
              "title": "Format Submit Test",
              "fullTitle": "Testing  the Valet Parking cost per day has to be 18$ Format Submit Test",
              "timedOut": null,
              "duration": 1038,
              "state": "passed",
              "speed": "slow",
              "pass": true,
              "fail": false,
              "pending": false,
              "context": null,
              "code": "_Submit_Form.onSubmit_Form.Submit();",
              "err": {},
              "uuid": "9003bf83-ee0d-4d95-b538-240143e1d11b",
              "parentUUID": "8791b50d-a4b7-4533-94e0-b223036f7b98",
              "isHook": false,
              "skipped": false
            },
            {
              "title": "Check Correct Price Test",
              "fullTitle": "Testing  the Valet Parking cost per day has to be 18$ Check Correct Price Test",
              "timedOut": null,
              "duration": 1022,
              "state": "passed",
              "speed": "slow",
              "pass": true,
              "fail": false,
              "pending": false,
              "context": null,
              "code": "_Check_Price.onCheck_Price.ShouldBe(\"$ 18.00\");",
              "err": {},
              "uuid": "d05f6431-4d1e-400c-b2c9-1da4049a1676",
              "parentUUID": "8791b50d-a4b7-4533-94e0-b223036f7b98",
              "isHook": false,
              "skipped": false
            },
            {
              "title": "Check Correct Date Test",
              "fullTitle": "Testing  the Valet Parking cost per day has to be 18$ Check Correct Date Test",
              "timedOut": null,
              "duration": 1020,
              "state": "passed",
              "speed": "slow",
              "pass": true,
              "fail": false,
              "pending": false,
              "context": null,
              "code": "_Check_Date.onCheck_Date.CheckDate(\"(0 Days, 9 Hours, 0 Minutes)\");",
              "err": {},
              "uuid": "c16fc07d-867d-413a-a13e-5b8ed861b42c",
              "parentUUID": "8791b50d-a4b7-4533-94e0-b223036f7b98",
              "isHook": false,
              "skipped": false
            }
          ],
          "suites": [],
          "passes": [
            "0941d958-c2c0-433f-855e-e772e4fdf0ea",
            "0861ccb2-1026-4c3d-b5c9-62d1fdad36b7",
            "129acd9c-d86c-4c3a-8e13-c902ccf5e7b0",
            "a6528ae2-91eb-4b00-bbf5-b5142cab2f25",
            "375fcc67-d986-4080-94af-73a1c8659be4",
            "52dee79c-68b4-4987-807b-b93c1c0d5adf",
            "c5547bab-c970-40e2-b9a7-00dd090a21bb",
            "544f9e69-b2b1-4f43-b166-9db07c4aaee9",
            "9003bf83-ee0d-4d95-b538-240143e1d11b",
            "d05f6431-4d1e-400c-b2c9-1da4049a1676",
            "c16fc07d-867d-413a-a13e-5b8ed861b42c"
          ],
          "failures": [],
          "pending": [],
          "skipped": [],
          "duration": 13365,
          "root": false,
          "rootEmpty": false,
          "_timeout": 2000
        },
        {
          "uuid": "8b2ff0f7-ba4d-4a0b-9b56-ec9dcd044432",
          "title": "Testing  the Valet Parking  costs has to be $12 for five hours or less",
          "fullFile": "",
          "file": "",
          "beforeHooks": [],
          "afterHooks": [],
          "tests": [
            {
              "title": "Open Application",
              "fullTitle": "Testing  the Valet Parking  costs has to be $12 for five hours or less Open Application",
              "timedOut": null,
              "duration": 1822,
              "state": "passed",
              "speed": "slow",
              "pass": true,
              "fail": false,
              "pending": false,
              "context": null,
              "code": "cy.openMainPage();",
              "err": {},
              "uuid": "1106f2a1-db26-4510-b29b-3bdbe993ac54",
              "parentUUID": "8b2ff0f7-ba4d-4a0b-9b56-ec9dcd044432",
              "isHook": false,
              "skipped": false
            },
            {
              "title": "Parking Lot Test",
              "fullTitle": "Testing  the Valet Parking  costs has to be $12 for five hours or less Parking Lot Test",
              "timedOut": null,
              "duration": 1153,
              "state": "passed",
              "speed": "slow",
              "pass": true,
              "fail": false,
              "pending": false,
              "context": null,
              "code": "_Parking_Lot_Picker.onParkingLotPicker.pickLot(\"Valet Parking\", \"Valet Parking\");",
              "err": {},
              "uuid": "7dff741b-734e-4c99-8298-70b644fc06c6",
              "parentUUID": "8b2ff0f7-ba4d-4a0b-9b56-ec9dcd044432",
              "isHook": false,
              "skipped": false
            },
            {
              "title": "Entry Date Test",
              "fullTitle": "Testing  the Valet Parking  costs has to be $12 for five hours or less Entry Date Test",
              "timedOut": null,
              "duration": 1337,
              "state": "passed",
              "speed": "slow",
              "pass": true,
              "fail": false,
              "pending": false,
              "context": null,
              "code": "_Entry_Date.onEntry_Date.pickDate(\"7/29/2021\");",
              "err": {},
              "uuid": "911b295c-427e-46f0-a8bd-d507c4191c50",
              "parentUUID": "8b2ff0f7-ba4d-4a0b-9b56-ec9dcd044432",
              "isHook": false,
              "skipped": false
            },
            {
              "title": "Starting Time Test",
              "fullTitle": "Testing  the Valet Parking  costs has to be $12 for five hours or less Starting Time Test",
              "timedOut": null,
              "duration": 1296,
              "state": "passed",
              "speed": "slow",
              "pass": true,
              "fail": false,
              "pending": false,
              "context": null,
              "code": "_Entry_Time.OnEntry_Time.pickTime(\"12:00\");",
              "err": {},
              "uuid": "5ee7740d-7018-4f64-ad87-3e892e4de4c1",
              "parentUUID": "8b2ff0f7-ba4d-4a0b-9b56-ec9dcd044432",
              "isHook": false,
              "skipped": false
            },
            {
              "title": "Radio_Button-Test",
              "fullTitle": "Testing  the Valet Parking  costs has to be $12 for five hours or less Radio_Button-Test",
              "timedOut": null,
              "duration": 1075,
              "state": "passed",
              "speed": "slow",
              "pass": true,
              "fail": false,
              "pending": false,
              "context": null,
              "code": "_Entry_RB_AMPM.onEntry_RB_AMPM.pickPeriod(\"PM\");",
              "err": {},
              "uuid": "3c3699cd-5a67-43cf-9bea-2f175dcc2373",
              "parentUUID": "8b2ff0f7-ba4d-4a0b-9b56-ec9dcd044432",
              "isHook": false,
              "skipped": false
            },
            {
              "title": "Leaving Date Test",
              "fullTitle": "Testing  the Valet Parking  costs has to be $12 for five hours or less Leaving Date Test",
              "timedOut": null,
              "duration": 1337,
              "state": "passed",
              "speed": "slow",
              "pass": true,
              "fail": false,
              "pending": false,
              "context": null,
              "code": "_Leaving_Date.OnLeaving_Date.leaveDate(\"7/29/2021\");",
              "err": {},
              "uuid": "aa06382d-210d-4ade-8553-55cb9b93fa98",
              "parentUUID": "8b2ff0f7-ba4d-4a0b-9b56-ec9dcd044432",
              "isHook": false,
              "skipped": false
            },
            {
              "title": "Leaving Time Test",
              "fullTitle": "Testing  the Valet Parking  costs has to be $12 for five hours or less Leaving Time Test",
              "timedOut": null,
              "duration": 1271,
              "state": "passed",
              "speed": "slow",
              "pass": true,
              "fail": false,
              "pending": false,
              "context": null,
              "code": "_Leaving_Time.OnLeaving_Time.leaveTime(\"1:00\");",
              "err": {},
              "uuid": "d98fcbd6-6db5-4158-9a4d-5bc3db6e64a8",
              "parentUUID": "8b2ff0f7-ba4d-4a0b-9b56-ec9dcd044432",
              "isHook": false,
              "skipped": false
            },
            {
              "title": "Leaving Time AM or PM Test",
              "fullTitle": "Testing  the Valet Parking  costs has to be $12 for five hours or less Leaving Time AM or PM Test",
              "timedOut": null,
              "duration": 1075,
              "state": "passed",
              "speed": "slow",
              "pass": true,
              "fail": false,
              "pending": false,
              "context": null,
              "code": "_Leaving_RB_AMPM.onLeaving_RB_AMPM.pickPeriod(\"PM\");",
              "err": {},
              "uuid": "016728d0-1c64-46f8-803a-953b23683424",
              "parentUUID": "8b2ff0f7-ba4d-4a0b-9b56-ec9dcd044432",
              "isHook": false,
              "skipped": false
            },
            {
              "title": "Format Submit Test",
              "fullTitle": "Testing  the Valet Parking  costs has to be $12 for five hours or less Format Submit Test",
              "timedOut": null,
              "duration": 1334,
              "state": "passed",
              "speed": "slow",
              "pass": true,
              "fail": false,
              "pending": false,
              "context": null,
              "code": "_Submit_Form.onSubmit_Form.Submit();",
              "err": {},
              "uuid": "c95989a4-d701-4ac6-92d6-5ecfdd4ad8e8",
              "parentUUID": "8b2ff0f7-ba4d-4a0b-9b56-ec9dcd044432",
              "isHook": false,
              "skipped": false
            },
            {
              "title": "Check Correct Price Test",
              "fullTitle": "Testing  the Valet Parking  costs has to be $12 for five hours or less Check Correct Price Test",
              "timedOut": null,
              "duration": 1015,
              "state": "passed",
              "speed": "slow",
              "pass": true,
              "fail": false,
              "pending": false,
              "context": null,
              "code": "_Check_Price.onCheck_Price.ShouldBe(\"$ 12.00\");",
              "err": {},
              "uuid": "2e98e6e6-7765-4a50-bc0b-cc3b99296c2a",
              "parentUUID": "8b2ff0f7-ba4d-4a0b-9b56-ec9dcd044432",
              "isHook": false,
              "skipped": false
            },
            {
              "title": "Check Correct Date Test",
              "fullTitle": "Testing  the Valet Parking  costs has to be $12 for five hours or less Check Correct Date Test",
              "timedOut": null,
              "duration": 1021,
              "state": "passed",
              "speed": "slow",
              "pass": true,
              "fail": false,
              "pending": false,
              "context": null,
              "code": "_Check_Date.onCheck_Date.CheckDate(\"(0 Days, 1 Hours, 0 Minutes)\");",
              "err": {},
              "uuid": "3b8898e7-51c4-4e4a-b075-00ce1bc3d2f3",
              "parentUUID": "8b2ff0f7-ba4d-4a0b-9b56-ec9dcd044432",
              "isHook": false,
              "skipped": false
            }
          ],
          "suites": [],
          "passes": [
            "1106f2a1-db26-4510-b29b-3bdbe993ac54",
            "7dff741b-734e-4c99-8298-70b644fc06c6",
            "911b295c-427e-46f0-a8bd-d507c4191c50",
            "5ee7740d-7018-4f64-ad87-3e892e4de4c1",
            "3c3699cd-5a67-43cf-9bea-2f175dcc2373",
            "aa06382d-210d-4ade-8553-55cb9b93fa98",
            "d98fcbd6-6db5-4158-9a4d-5bc3db6e64a8",
            "016728d0-1c64-46f8-803a-953b23683424",
            "c95989a4-d701-4ac6-92d6-5ecfdd4ad8e8",
            "2e98e6e6-7765-4a50-bc0b-cc3b99296c2a",
            "3b8898e7-51c4-4e4a-b075-00ce1bc3d2f3"
          ],
          "failures": [],
          "pending": [],
          "skipped": [],
          "duration": 13736,
          "root": false,
          "rootEmpty": false,
          "_timeout": 2000
        }
      ],
      "passes": [],
      "failures": [],
      "pending": [],
      "skipped": [],
      "duration": 0,
      "root": true,
      "rootEmpty": true,
      "_timeout": 2000
    }
  ],
  "meta": {
    "mocha": {
      "version": "7.0.1"
    },
    "mochawesome": {
      "options": {
        "quiet": false,
        "reportFilename": "mochawesome",
        "saveHtml": false,
        "saveJson": true,
        "consoleReporter": "spec",
        "useInlineDiffs": false,
        "code": true
      },
      "version": "6.2.2"
    },
    "marge": {
      "options": {
        "id": "default",
        "reportDir": "cypress/results/mochawesome",
        "overwrite": false,
        "html": false,
        "json": true
      },
      "version": "5.2.0"
    }
  }
}