{
  "stats": {
    "suites": 1,
    "tests": 10,
    "passes": 10,
    "pending": 0,
    "failures": 0,
    "start": "2021-07-08T16:30:01.779Z",
    "end": "2021-07-08T16:30:15.756Z",
    "duration": 13977,
    "testsRegistered": 10,
    "passPercent": 100,
    "pendingPercent": 0,
    "other": 0,
    "hasOther": false,
    "skipped": 0,
    "hasSkipped": false
  },
  "results": [
    {
      "uuid": "1f147a75-d9c8-4622-b5d8-a0fa626dc718",
      "title": "",
      "fullFile": "cypress/integration/Test_UI.spec.js",
      "file": "cypress/integration/Test_UI.spec.js",
      "beforeHooks": [],
      "afterHooks": [],
      "tests": [],
      "suites": [
        {
          "uuid": "1ba24fdb-2478-4514-a819-d086140140e4",
          "title": "Tests is only to check if calendar , dropdown, radiobutton works",
          "fullFile": "",
          "file": "",
          "beforeHooks": [],
          "afterHooks": [],
          "tests": [
            {
              "title": "Open Application",
              "fullTitle": "Tests is only to check if calendar , dropdown, radiobutton works Open Application",
              "timedOut": null,
              "duration": 1709,
              "state": "passed",
              "speed": "slow",
              "pass": true,
              "fail": false,
              "pending": false,
              "context": null,
              "code": "cy.openMainPage();",
              "err": {},
              "uuid": "2a876695-aa39-4123-b881-adf0d550d65a",
              "parentUUID": "1ba24fdb-2478-4514-a819-d086140140e4",
              "isHook": false,
              "skipped": false
            },
            {
              "title": " Choose a Parking Lot Dropdown Test",
              "fullTitle": "Tests is only to check if calendar , dropdown, radiobutton works  Choose a Parking Lot Dropdown Test",
              "timedOut": null,
              "duration": 5763,
              "state": "passed",
              "speed": "slow",
              "pass": true,
              "fail": false,
              "pending": false,
              "context": null,
              "code": "cy.get(\"form\").find(\"tbody\").then(table => {\n  cy.wrap(table).find(\"tr\").first().get(\"select\").select(\"Short-Term Parking\").should(\"contain\", \" Short-Term Parking\").wait(1000).select(\"Economy Parking\").should(\"contain\", \"Economy Parking\").wait(1000).select(\"Valet Parking\").should(\"contain\", \"Valet Parking\").wait(1000).select(\"Long-Term Garage Parking\").should(\"contain\", \"Long-Term Garage Parking\").wait(1000).select(\"Long-Term Surface Parking\").should(\"contain\", \"Long-Term Surface Parking\").wait(1000);\n});",
              "err": {},
              "uuid": "9c9997f4-2595-4441-baf1-f5665a0c3aab",
              "parentUUID": "1ba24fdb-2478-4514-a819-d086140140e4",
              "isHook": false,
              "skipped": false
            },
            {
              "title": "Testing   Starting date",
              "fullTitle": "Tests is only to check if calendar , dropdown, radiobutton works Testing   Starting date",
              "timedOut": null,
              "duration": 352,
              "state": "passed",
              "speed": "slow",
              "pass": true,
              "fail": false,
              "pending": false,
              "context": null,
              "code": "cy.get(\"form\").find(\"tbody\").then(table => {\n  cy.wrap(table).find(\"tr\").eq(1).get(\"[name=StartingDate]\").then(date => {\n    cy.wrap(date).clear().type(\"8/30/2021\").invoke(\"prop\", \"value\").then(Value => {\n      expect(Value).to.equal(\"8/30/2021\");\n    });\n  });\n});",
              "err": {},
              "uuid": "eb4f3fcc-a3fe-4204-9209-14b92d525c45",
              "parentUUID": "1ba24fdb-2478-4514-a819-d086140140e4",
              "isHook": false,
              "skipped": false
            },
            {
              "title": "Testing  Starting Time",
              "fullTitle": "Tests is only to check if calendar , dropdown, radiobutton works Testing  Starting Time",
              "timedOut": null,
              "duration": 271,
              "state": "passed",
              "speed": "slow",
              "pass": true,
              "fail": false,
              "pending": false,
              "context": null,
              "code": "cy.get(\"#StartingTime\").clear().type(\"1:00\").invoke(\"prop\", \"value\").should(\"contain\", \"1:00\");",
              "err": {},
              "uuid": "4eb94119-0698-4721-9f73-c74d2ac3cc5d",
              "parentUUID": "1ba24fdb-2478-4514-a819-d086140140e4",
              "isHook": false,
              "skipped": false
            },
            {
              "title": "Testing  Radio Button Starting Date",
              "fullTitle": "Tests is only to check if calendar , dropdown, radiobutton works Testing  Radio Button Starting Date",
              "timedOut": null,
              "duration": 2083,
              "state": "passed",
              "speed": "slow",
              "pass": true,
              "fail": false,
              "pending": false,
              "context": null,
              "code": "cy.get(\"body > form > table > tbody > tr:nth-child(2) > td:nth-child(2) > input[type=radio]:nth-child(4)\").check({\n  force: true\n}).wait(1000);\ncy.get(\"body > form > table > tbody > tr:nth-child(2) > td:nth-child(2) > input[type=radio]:nth-child(5)\").check({\n  force: true\n}).wait(1000);",
              "err": {},
              "uuid": "ba99cd4d-c00f-4841-8701-bd55271d2833",
              "parentUUID": "1ba24fdb-2478-4514-a819-d086140140e4",
              "isHook": false,
              "skipped": false
            },
            {
              "title": "Testing  Leaving Date",
              "fullTitle": "Tests is only to check if calendar , dropdown, radiobutton works Testing  Leaving Date",
              "timedOut": null,
              "duration": 328,
              "state": "passed",
              "speed": "slow",
              "pass": true,
              "fail": false,
              "pending": false,
              "context": null,
              "code": "cy.get(\"#LeavingDate\").clear().type(\"8/30/2021\").invoke(\"prop\", \"value\").should(\"contain\", \"8/30/2021\");",
              "err": {},
              "uuid": "b13912f3-8ff8-407e-9828-a67deec39e8c",
              "parentUUID": "1ba24fdb-2478-4514-a819-d086140140e4",
              "isHook": false,
              "skipped": false
            },
            {
              "title": "Testing  Leaving Time",
              "fullTitle": "Tests is only to check if calendar , dropdown, radiobutton works Testing  Leaving Time",
              "timedOut": null,
              "duration": 266,
              "state": "passed",
              "speed": "slow",
              "pass": true,
              "fail": false,
              "pending": false,
              "context": null,
              "code": "cy.get(\"#LeavingTime\").clear().type(\"2:00\").invoke(\"prop\", \"value\").should(\"contain\", \"2:00\");",
              "err": {},
              "uuid": "1ae74900-4c37-44a6-8b10-0ff18e6bdee3",
              "parentUUID": "1ba24fdb-2478-4514-a819-d086140140e4",
              "isHook": false,
              "skipped": false
            },
            {
              "title": "Testing  Radio Button Leaving Date",
              "fullTitle": "Tests is only to check if calendar , dropdown, radiobutton works Testing  Radio Button Leaving Date",
              "timedOut": null,
              "duration": 1099,
              "state": "passed",
              "speed": "slow",
              "pass": true,
              "fail": false,
              "pending": false,
              "context": null,
              "code": "cy.get(\"body > form > table > tbody > tr:nth-child(3) > td:nth-child(2) > input[type=radio]:nth-child(4)\").check({\n  force: true\n});\ncy.get(\"body > form > table > tbody > tr:nth-child(3) > td:nth-child(2) > input[type=radio]:nth-child(5)\").check({\n  force: true\n});\ncy.get(\"form\").submit();",
              "err": {},
              "uuid": "20d50fe1-87c2-4760-9def-86610a9830ae",
              "parentUUID": "1ba24fdb-2478-4514-a819-d086140140e4",
              "isHook": false,
              "skipped": false
            },
            {
              "title": "Checking Correct Parking Costs",
              "fullTitle": "Tests is only to check if calendar , dropdown, radiobutton works Checking Correct Parking Costs",
              "timedOut": null,
              "duration": 12,
              "state": "passed",
              "speed": "fast",
              "pass": true,
              "fail": false,
              "pending": false,
              "context": null,
              "code": "cy.get(\"body > form > table > tbody > tr:nth-child(4) > td:nth-child(2) > span.SubHead > b\").then(price => {\n  const value = price.text();\n  expect(value).to.equal(\"$ 2.00\");\n});",
              "err": {},
              "uuid": "a47711b0-1738-4b6e-a655-7a09c0198b0d",
              "parentUUID": "1ba24fdb-2478-4514-a819-d086140140e4",
              "isHook": false,
              "skipped": false
            },
            {
              "title": "Checking Correct Date",
              "fullTitle": "Tests is only to check if calendar , dropdown, radiobutton works Checking Correct Date",
              "timedOut": null,
              "duration": 8,
              "state": "passed",
              "speed": "fast",
              "pass": true,
              "fail": false,
              "pending": false,
              "context": null,
              "code": "cy.get(\"body > form > table > tbody > tr:nth-child(4) > td:nth-child(2) > span.BodyCopy > b\").then(date => {\n  const day = date.text().trim();\n  expect(day).to.equal(\"(0 Days, 1 Hours, 0 Minutes)\");\n});",
              "err": {},
              "uuid": "d640f42a-a670-4f2c-8b28-889df72e9e33",
              "parentUUID": "1ba24fdb-2478-4514-a819-d086140140e4",
              "isHook": false,
              "skipped": false
            }
          ],
          "suites": [],
          "passes": [
            "2a876695-aa39-4123-b881-adf0d550d65a",
            "9c9997f4-2595-4441-baf1-f5665a0c3aab",
            "eb4f3fcc-a3fe-4204-9209-14b92d525c45",
            "4eb94119-0698-4721-9f73-c74d2ac3cc5d",
            "ba99cd4d-c00f-4841-8701-bd55271d2833",
            "b13912f3-8ff8-407e-9828-a67deec39e8c",
            "1ae74900-4c37-44a6-8b10-0ff18e6bdee3",
            "20d50fe1-87c2-4760-9def-86610a9830ae",
            "a47711b0-1738-4b6e-a655-7a09c0198b0d",
            "d640f42a-a670-4f2c-8b28-889df72e9e33"
          ],
          "failures": [],
          "pending": [],
          "skipped": [],
          "duration": 11891,
          "root": false,
          "rootEmpty": false,
          "_timeout": 2000
        }
      ],
      "passes": [],
      "failures": [],
      "pending": [],
      "skipped": [],
      "duration": 0,
      "root": true,
      "rootEmpty": true,
      "_timeout": 2000
    }
  ],
  "meta": {
    "mocha": {
      "version": "7.0.1"
    },
    "mochawesome": {
      "options": {
        "quiet": false,
        "reportFilename": "mochawesome",
        "saveHtml": false,
        "saveJson": true,
        "consoleReporter": "spec",
        "useInlineDiffs": false,
        "code": true
      },
      "version": "6.2.2"
    },
    "marge": {
      "options": {
        "id": "default",
        "reportDir": "cypress/results/mochawesome",
        "overwrite": false,
        "html": false,
        "json": true
      },
      "version": "5.2.0"
    }
  }
}