{
  "stats": {
    "suites": 3,
    "tests": 33,
    "passes": 33,
    "pending": 0,
    "failures": 0,
    "start": "2021-07-08T16:29:13.933Z",
    "end": "2021-07-08T16:29:55.039Z",
    "duration": 41106,
    "testsRegistered": 33,
    "passPercent": 100,
    "pendingPercent": 0,
    "other": 0,
    "hasOther": false,
    "skipped": 0,
    "hasSkipped": false
  },
  "results": [
    {
      "uuid": "9b0b78ac-c495-47d7-9017-2554cf504eba",
      "title": "",
      "fullFile": "cypress/integration/Test_Short-Term_Parking_Cost_Hourly.spec.js",
      "file": "cypress/integration/Test_Short-Term_Parking_Cost_Hourly.spec.js",
      "beforeHooks": [],
      "afterHooks": [],
      "tests": [],
      "suites": [
        {
          "uuid": "89f138a3-43a8-4d8b-886c-d31ccc362fa3",
          "title": "Testing  the Short-Term (hourly) Parking cost should be $2.00 first hour",
          "fullFile": "",
          "file": "",
          "beforeHooks": [],
          "afterHooks": [],
          "tests": [
            {
              "title": "Open Application",
              "fullTitle": "Testing  the Short-Term (hourly) Parking cost should be $2.00 first hour Open Application",
              "timedOut": null,
              "duration": 1697,
              "state": "passed",
              "speed": "slow",
              "pass": true,
              "fail": false,
              "pending": false,
              "context": null,
              "code": "cy.openMainPage();",
              "err": {},
              "uuid": "ddcb24c2-5354-4595-8763-c1a79eb962d0",
              "parentUUID": "89f138a3-43a8-4d8b-886c-d31ccc362fa3",
              "isHook": false,
              "skipped": false
            },
            {
              "title": "Parking Lot Test",
              "fullTitle": "Testing  the Short-Term (hourly) Parking cost should be $2.00 first hour Parking Lot Test",
              "timedOut": null,
              "duration": 1189,
              "state": "passed",
              "speed": "slow",
              "pass": true,
              "fail": false,
              "pending": false,
              "context": null,
              "code": "_Parking_Lot_Picker.onParkingLotPicker.pickLot(\"Short-Term Parking\", \"Short-Term Parking\");",
              "err": {},
              "uuid": "81f48165-cb7a-4761-812e-c36abc148a0f",
              "parentUUID": "89f138a3-43a8-4d8b-886c-d31ccc362fa3",
              "isHook": false,
              "skipped": false
            },
            {
              "title": "Entry Date Test",
              "fullTitle": "Testing  the Short-Term (hourly) Parking cost should be $2.00 first hour Entry Date Test",
              "timedOut": null,
              "duration": 1344,
              "state": "passed",
              "speed": "slow",
              "pass": true,
              "fail": false,
              "pending": false,
              "context": null,
              "code": "_Entry_Date.onEntry_Date.pickDate(\"7/29/2021\");",
              "err": {},
              "uuid": "c02466b6-3b42-418a-819f-4bf0cab6a6ae",
              "parentUUID": "89f138a3-43a8-4d8b-886c-d31ccc362fa3",
              "isHook": false,
              "skipped": false
            },
            {
              "title": "Starting Time Test",
              "fullTitle": "Testing  the Short-Term (hourly) Parking cost should be $2.00 first hour Starting Time Test",
              "timedOut": null,
              "duration": 1306,
              "state": "passed",
              "speed": "slow",
              "pass": true,
              "fail": false,
              "pending": false,
              "context": null,
              "code": "_Entry_Time.OnEntry_Time.pickTime(\"12:00\");",
              "err": {},
              "uuid": "a616b9b9-7c96-4bcd-bb79-16d0b5547819",
              "parentUUID": "89f138a3-43a8-4d8b-886c-d31ccc362fa3",
              "isHook": false,
              "skipped": false
            },
            {
              "title": "Radio_Button-Test",
              "fullTitle": "Testing  the Short-Term (hourly) Parking cost should be $2.00 first hour Radio_Button-Test",
              "timedOut": null,
              "duration": 1088,
              "state": "passed",
              "speed": "slow",
              "pass": true,
              "fail": false,
              "pending": false,
              "context": null,
              "code": "_Entry_RB_AMPM.onEntry_RB_AMPM.pickPeriod(\"PM\");",
              "err": {},
              "uuid": "2afd3195-632b-41a3-a342-b48e051d0697",
              "parentUUID": "89f138a3-43a8-4d8b-886c-d31ccc362fa3",
              "isHook": false,
              "skipped": false
            },
            {
              "title": "Leaving Date Test",
              "fullTitle": "Testing  the Short-Term (hourly) Parking cost should be $2.00 first hour Leaving Date Test",
              "timedOut": null,
              "duration": 1340,
              "state": "passed",
              "speed": "slow",
              "pass": true,
              "fail": false,
              "pending": false,
              "context": null,
              "code": "_Leaving_Date.OnLeaving_Date.leaveDate(\"7/29/2021\");",
              "err": {},
              "uuid": "203eb71c-fccd-46e4-9021-dbbe624ec884",
              "parentUUID": "89f138a3-43a8-4d8b-886c-d31ccc362fa3",
              "isHook": false,
              "skipped": false
            },
            {
              "title": "Leaving Time Test",
              "fullTitle": "Testing  the Short-Term (hourly) Parking cost should be $2.00 first hour Leaving Time Test",
              "timedOut": null,
              "duration": 1274,
              "state": "passed",
              "speed": "slow",
              "pass": true,
              "fail": false,
              "pending": false,
              "context": null,
              "code": "_Leaving_Time.OnLeaving_Time.leaveTime(\"1:00\");",
              "err": {},
              "uuid": "2ffb264c-b53c-4503-8d64-45e268d26bab",
              "parentUUID": "89f138a3-43a8-4d8b-886c-d31ccc362fa3",
              "isHook": false,
              "skipped": false
            },
            {
              "title": "Leaving Time AM or PM Test",
              "fullTitle": "Testing  the Short-Term (hourly) Parking cost should be $2.00 first hour Leaving Time AM or PM Test",
              "timedOut": null,
              "duration": 1075,
              "state": "passed",
              "speed": "slow",
              "pass": true,
              "fail": false,
              "pending": false,
              "context": null,
              "code": "_Leaving_RB_AMPM.onLeaving_RB_AMPM.pickPeriod(\"PM\");",
              "err": {},
              "uuid": "e887ba73-cf81-40b4-a00a-798a4f20c059",
              "parentUUID": "89f138a3-43a8-4d8b-886c-d31ccc362fa3",
              "isHook": false,
              "skipped": false
            },
            {
              "title": "Format Submit Test",
              "fullTitle": "Testing  the Short-Term (hourly) Parking cost should be $2.00 first hour Format Submit Test",
              "timedOut": null,
              "duration": 1015,
              "state": "passed",
              "speed": "slow",
              "pass": true,
              "fail": false,
              "pending": false,
              "context": null,
              "code": "_Submit_Form.onSubmit_Form.Submit();",
              "err": {},
              "uuid": "d2f52729-4b36-4876-94b3-8d99457c5802",
              "parentUUID": "89f138a3-43a8-4d8b-886c-d31ccc362fa3",
              "isHook": false,
              "skipped": false
            },
            {
              "title": "Check Correct Price Test",
              "fullTitle": "Testing  the Short-Term (hourly) Parking cost should be $2.00 first hour Check Correct Price Test",
              "timedOut": null,
              "duration": 1023,
              "state": "passed",
              "speed": "slow",
              "pass": true,
              "fail": false,
              "pending": false,
              "context": null,
              "code": "_Check_Price.onCheck_Price.ShouldBe(\"$ 2.00\");",
              "err": {},
              "uuid": "d39a19f0-9595-4426-93c1-6e195287c1f5",
              "parentUUID": "89f138a3-43a8-4d8b-886c-d31ccc362fa3",
              "isHook": false,
              "skipped": false
            },
            {
              "title": "Check Correct Date Test",
              "fullTitle": "Testing  the Short-Term (hourly) Parking cost should be $2.00 first hour Check Correct Date Test",
              "timedOut": null,
              "duration": 1024,
              "state": "passed",
              "speed": "slow",
              "pass": true,
              "fail": false,
              "pending": false,
              "context": null,
              "code": "_Check_Date.onCheck_Date.CheckDate(\"(0 Days, 1 Hours, 0 Minutes)\");",
              "err": {},
              "uuid": "ff1a4b0d-4a20-4bc2-8232-224058e03480",
              "parentUUID": "89f138a3-43a8-4d8b-886c-d31ccc362fa3",
              "isHook": false,
              "skipped": false
            }
          ],
          "suites": [],
          "passes": [
            "ddcb24c2-5354-4595-8763-c1a79eb962d0",
            "81f48165-cb7a-4761-812e-c36abc148a0f",
            "c02466b6-3b42-418a-819f-4bf0cab6a6ae",
            "a616b9b9-7c96-4bcd-bb79-16d0b5547819",
            "2afd3195-632b-41a3-a342-b48e051d0697",
            "203eb71c-fccd-46e4-9021-dbbe624ec884",
            "2ffb264c-b53c-4503-8d64-45e268d26bab",
            "e887ba73-cf81-40b4-a00a-798a4f20c059",
            "d2f52729-4b36-4876-94b3-8d99457c5802",
            "d39a19f0-9595-4426-93c1-6e195287c1f5",
            "ff1a4b0d-4a20-4bc2-8232-224058e03480"
          ],
          "failures": [],
          "pending": [],
          "skipped": [],
          "duration": 13375,
          "root": false,
          "rootEmpty": false,
          "_timeout": 2000
        },
        {
          "uuid": "0146a238-7ec7-496d-b0ce-d65a37c74102",
          "title": "Testing  the Short-Term (hourly) Parking cost should be $2.00 first hour and  $1.00 each additional 1/2 hour",
          "fullFile": "",
          "file": "",
          "beforeHooks": [],
          "afterHooks": [],
          "tests": [
            {
              "title": "Open Application",
              "fullTitle": "Testing  the Short-Term (hourly) Parking cost should be $2.00 first hour and  $1.00 each additional 1/2 hour Open Application",
              "timedOut": null,
              "duration": 1351,
              "state": "passed",
              "speed": "slow",
              "pass": true,
              "fail": false,
              "pending": false,
              "context": null,
              "code": "cy.openMainPage();",
              "err": {},
              "uuid": "3c1edb1b-0869-42f5-9d59-238b5be423a2",
              "parentUUID": "0146a238-7ec7-496d-b0ce-d65a37c74102",
              "isHook": false,
              "skipped": false
            },
            {
              "title": "Parking Lot Test",
              "fullTitle": "Testing  the Short-Term (hourly) Parking cost should be $2.00 first hour and  $1.00 each additional 1/2 hour Parking Lot Test",
              "timedOut": null,
              "duration": 1159,
              "state": "passed",
              "speed": "slow",
              "pass": true,
              "fail": false,
              "pending": false,
              "context": null,
              "code": "_Parking_Lot_Picker.onParkingLotPicker.pickLot(\"Short-Term Parking\", \"Short-Term Parking\");",
              "err": {},
              "uuid": "a9045022-7c45-45b3-b691-b1a8a219120c",
              "parentUUID": "0146a238-7ec7-496d-b0ce-d65a37c74102",
              "isHook": false,
              "skipped": false
            },
            {
              "title": "Entry Date Test",
              "fullTitle": "Testing  the Short-Term (hourly) Parking cost should be $2.00 first hour and  $1.00 each additional 1/2 hour Entry Date Test",
              "timedOut": null,
              "duration": 1334,
              "state": "passed",
              "speed": "slow",
              "pass": true,
              "fail": false,
              "pending": false,
              "context": null,
              "code": "_Entry_Date.onEntry_Date.pickDate(\"7/29/2021\");",
              "err": {},
              "uuid": "6a392d96-b315-43ea-8c9d-058cd2a9c4d6",
              "parentUUID": "0146a238-7ec7-496d-b0ce-d65a37c74102",
              "isHook": false,
              "skipped": false
            },
            {
              "title": "Starting Time Test",
              "fullTitle": "Testing  the Short-Term (hourly) Parking cost should be $2.00 first hour and  $1.00 each additional 1/2 hour Starting Time Test",
              "timedOut": null,
              "duration": 1291,
              "state": "passed",
              "speed": "slow",
              "pass": true,
              "fail": false,
              "pending": false,
              "context": null,
              "code": "_Entry_Time.OnEntry_Time.pickTime(\"12:00\");",
              "err": {},
              "uuid": "a466f509-b264-4c68-87aa-c61fd7bf715e",
              "parentUUID": "0146a238-7ec7-496d-b0ce-d65a37c74102",
              "isHook": false,
              "skipped": false
            },
            {
              "title": "Radio_Button-Test",
              "fullTitle": "Testing  the Short-Term (hourly) Parking cost should be $2.00 first hour and  $1.00 each additional 1/2 hour Radio_Button-Test",
              "timedOut": null,
              "duration": 1075,
              "state": "passed",
              "speed": "slow",
              "pass": true,
              "fail": false,
              "pending": false,
              "context": null,
              "code": "_Entry_RB_AMPM.onEntry_RB_AMPM.pickPeriod(\"PM\");",
              "err": {},
              "uuid": "7a567822-f5c0-4bca-b1d7-db28633869e0",
              "parentUUID": "0146a238-7ec7-496d-b0ce-d65a37c74102",
              "isHook": false,
              "skipped": false
            },
            {
              "title": "Leaving Date Test",
              "fullTitle": "Testing  the Short-Term (hourly) Parking cost should be $2.00 first hour and  $1.00 each additional 1/2 hour Leaving Date Test",
              "timedOut": null,
              "duration": 1338,
              "state": "passed",
              "speed": "slow",
              "pass": true,
              "fail": false,
              "pending": false,
              "context": null,
              "code": "_Leaving_Date.OnLeaving_Date.leaveDate(\"7/29/2021\");",
              "err": {},
              "uuid": "2e98a4e7-5cb3-4df8-91ce-e79d3cd24828",
              "parentUUID": "0146a238-7ec7-496d-b0ce-d65a37c74102",
              "isHook": false,
              "skipped": false
            },
            {
              "title": "Leaving Time Test",
              "fullTitle": "Testing  the Short-Term (hourly) Parking cost should be $2.00 first hour and  $1.00 each additional 1/2 hour Leaving Time Test",
              "timedOut": null,
              "duration": 1270,
              "state": "passed",
              "speed": "slow",
              "pass": true,
              "fail": false,
              "pending": false,
              "context": null,
              "code": "_Leaving_Time.OnLeaving_Time.leaveTime(\"1:30\");",
              "err": {},
              "uuid": "a414af19-4d49-4e2a-8cd4-c6354a9cd1c0",
              "parentUUID": "0146a238-7ec7-496d-b0ce-d65a37c74102",
              "isHook": false,
              "skipped": false
            },
            {
              "title": "Leaving Time AM or PM Test",
              "fullTitle": "Testing  the Short-Term (hourly) Parking cost should be $2.00 first hour and  $1.00 each additional 1/2 hour Leaving Time AM or PM Test",
              "timedOut": null,
              "duration": 1076,
              "state": "passed",
              "speed": "slow",
              "pass": true,
              "fail": false,
              "pending": false,
              "context": null,
              "code": "_Leaving_RB_AMPM.onLeaving_RB_AMPM.pickPeriod(\"PM\");",
              "err": {},
              "uuid": "d5c8d56d-e0e5-42ee-99a0-279292fb6c9e",
              "parentUUID": "0146a238-7ec7-496d-b0ce-d65a37c74102",
              "isHook": false,
              "skipped": false
            },
            {
              "title": "Format Submit Test",
              "fullTitle": "Testing  the Short-Term (hourly) Parking cost should be $2.00 first hour and  $1.00 each additional 1/2 hour Format Submit Test",
              "timedOut": null,
              "duration": 1329,
              "state": "passed",
              "speed": "slow",
              "pass": true,
              "fail": false,
              "pending": false,
              "context": null,
              "code": "_Submit_Form.onSubmit_Form.Submit();",
              "err": {},
              "uuid": "6ce909dd-e120-43fd-88ec-f33485543fb1",
              "parentUUID": "0146a238-7ec7-496d-b0ce-d65a37c74102",
              "isHook": false,
              "skipped": false
            },
            {
              "title": "Check Correct Price Test",
              "fullTitle": "Testing  the Short-Term (hourly) Parking cost should be $2.00 first hour and  $1.00 each additional 1/2 hour Check Correct Price Test",
              "timedOut": null,
              "duration": 1018,
              "state": "passed",
              "speed": "slow",
              "pass": true,
              "fail": false,
              "pending": false,
              "context": null,
              "code": "_Check_Price.onCheck_Price.ShouldBe(\"$ 3.00\");",
              "err": {},
              "uuid": "b50633ff-dd9e-46bc-9dc3-186f25ce4c70",
              "parentUUID": "0146a238-7ec7-496d-b0ce-d65a37c74102",
              "isHook": false,
              "skipped": false
            },
            {
              "title": "Check Correct Date Test",
              "fullTitle": "Testing  the Short-Term (hourly) Parking cost should be $2.00 first hour and  $1.00 each additional 1/2 hour Check Correct Date Test",
              "timedOut": null,
              "duration": 1020,
              "state": "passed",
              "speed": "slow",
              "pass": true,
              "fail": false,
              "pending": false,
              "context": null,
              "code": "_Check_Date.onCheck_Date.CheckDate(\"(0 Days, 1 Hours, 30 Minutes)\");",
              "err": {},
              "uuid": "95358563-0bd7-4cf1-8432-ceeffde2ae50",
              "parentUUID": "0146a238-7ec7-496d-b0ce-d65a37c74102",
              "isHook": false,
              "skipped": false
            }
          ],
          "suites": [],
          "passes": [
            "3c1edb1b-0869-42f5-9d59-238b5be423a2",
            "a9045022-7c45-45b3-b691-b1a8a219120c",
            "6a392d96-b315-43ea-8c9d-058cd2a9c4d6",
            "a466f509-b264-4c68-87aa-c61fd7bf715e",
            "7a567822-f5c0-4bca-b1d7-db28633869e0",
            "2e98a4e7-5cb3-4df8-91ce-e79d3cd24828",
            "a414af19-4d49-4e2a-8cd4-c6354a9cd1c0",
            "d5c8d56d-e0e5-42ee-99a0-279292fb6c9e",
            "6ce909dd-e120-43fd-88ec-f33485543fb1",
            "b50633ff-dd9e-46bc-9dc3-186f25ce4c70",
            "95358563-0bd7-4cf1-8432-ceeffde2ae50"
          ],
          "failures": [],
          "pending": [],
          "skipped": [],
          "duration": 13261,
          "root": false,
          "rootEmpty": false,
          "_timeout": 2000
        },
        {
          "uuid": "1f9a16f9-4133-4d2a-b346-22cf849bc67f",
          "title": "Testing  the Short-Term (hourly) Parking cost should be $24.00 daily maximum",
          "fullFile": "",
          "file": "",
          "beforeHooks": [],
          "afterHooks": [],
          "tests": [
            {
              "title": "Open Application",
              "fullTitle": "Testing  the Short-Term (hourly) Parking cost should be $24.00 daily maximum Open Application",
              "timedOut": null,
              "duration": 1349,
              "state": "passed",
              "speed": "slow",
              "pass": true,
              "fail": false,
              "pending": false,
              "context": null,
              "code": "cy.openMainPage();",
              "err": {},
              "uuid": "f3365590-3ef3-4ba1-91a4-060abfe68773",
              "parentUUID": "1f9a16f9-4133-4d2a-b346-22cf849bc67f",
              "isHook": false,
              "skipped": false
            },
            {
              "title": "Parking Lot Test",
              "fullTitle": "Testing  the Short-Term (hourly) Parking cost should be $24.00 daily maximum Parking Lot Test",
              "timedOut": null,
              "duration": 1154,
              "state": "passed",
              "speed": "slow",
              "pass": true,
              "fail": false,
              "pending": false,
              "context": null,
              "code": "_Parking_Lot_Picker.onParkingLotPicker.pickLot(\"Short-Term Parking\", \"Short-Term Parking\");",
              "err": {},
              "uuid": "ccee58f8-8eda-4140-8559-c4a1e9382347",
              "parentUUID": "1f9a16f9-4133-4d2a-b346-22cf849bc67f",
              "isHook": false,
              "skipped": false
            },
            {
              "title": "Entry Date Test",
              "fullTitle": "Testing  the Short-Term (hourly) Parking cost should be $24.00 daily maximum Entry Date Test",
              "timedOut": null,
              "duration": 1335,
              "state": "passed",
              "speed": "slow",
              "pass": true,
              "fail": false,
              "pending": false,
              "context": null,
              "code": "_Entry_Date.onEntry_Date.pickDate(\"7/29/2021\");",
              "err": {},
              "uuid": "a24b4cfb-dd34-4020-978b-9cb5e2f28a5b",
              "parentUUID": "1f9a16f9-4133-4d2a-b346-22cf849bc67f",
              "isHook": false,
              "skipped": false
            },
            {
              "title": "Starting Time Test",
              "fullTitle": "Testing  the Short-Term (hourly) Parking cost should be $24.00 daily maximum Starting Time Test",
              "timedOut": null,
              "duration": 1289,
              "state": "passed",
              "speed": "slow",
              "pass": true,
              "fail": false,
              "pending": false,
              "context": null,
              "code": "_Entry_Time.OnEntry_Time.pickTime(\"12:00\");",
              "err": {},
              "uuid": "715fe2e7-8e39-446f-b41f-f73e0eeb36a1",
              "parentUUID": "1f9a16f9-4133-4d2a-b346-22cf849bc67f",
              "isHook": false,
              "skipped": false
            },
            {
              "title": "Radio_Button-Test",
              "fullTitle": "Testing  the Short-Term (hourly) Parking cost should be $24.00 daily maximum Radio_Button-Test",
              "timedOut": null,
              "duration": 1017,
              "state": "passed",
              "speed": "slow",
              "pass": true,
              "fail": false,
              "pending": false,
              "context": null,
              "code": "_Entry_RB_AMPM.onEntry_RB_AMPM.pickPeriod(\"AM\");",
              "err": {},
              "uuid": "4cf04cc5-aa7d-46fc-8f66-7b1948b31095",
              "parentUUID": "1f9a16f9-4133-4d2a-b346-22cf849bc67f",
              "isHook": false,
              "skipped": false
            },
            {
              "title": "Leaving Date Test",
              "fullTitle": "Testing  the Short-Term (hourly) Parking cost should be $24.00 daily maximum Leaving Date Test",
              "timedOut": null,
              "duration": 1341,
              "state": "passed",
              "speed": "slow",
              "pass": true,
              "fail": false,
              "pending": false,
              "context": null,
              "code": "_Leaving_Date.OnLeaving_Date.leaveDate(\"7/29/2021\");",
              "err": {},
              "uuid": "56c1bad0-6d23-41ef-ad2c-648ecd4bc15a",
              "parentUUID": "1f9a16f9-4133-4d2a-b346-22cf849bc67f",
              "isHook": false,
              "skipped": false
            },
            {
              "title": "Leaving Time Test",
              "fullTitle": "Testing  the Short-Term (hourly) Parking cost should be $24.00 daily maximum Leaving Time Test",
              "timedOut": null,
              "duration": 1285,
              "state": "passed",
              "speed": "slow",
              "pass": true,
              "fail": false,
              "pending": false,
              "context": null,
              "code": "_Leaving_Time.OnLeaving_Time.leaveTime(\"12:00\");",
              "err": {},
              "uuid": "3e82253b-9cb6-43ac-a562-6c6a451855d5",
              "parentUUID": "1f9a16f9-4133-4d2a-b346-22cf849bc67f",
              "isHook": false,
              "skipped": false
            },
            {
              "title": "Leaving Time AM or PM Test",
              "fullTitle": "Testing  the Short-Term (hourly) Parking cost should be $24.00 daily maximum Leaving Time AM or PM Test",
              "timedOut": null,
              "duration": 1075,
              "state": "passed",
              "speed": "slow",
              "pass": true,
              "fail": false,
              "pending": false,
              "context": null,
              "code": "_Leaving_RB_AMPM.onLeaving_RB_AMPM.pickPeriod(\"PM\");",
              "err": {},
              "uuid": "506fce19-cbce-455a-b1da-66e4c08f1de7",
              "parentUUID": "1f9a16f9-4133-4d2a-b346-22cf849bc67f",
              "isHook": false,
              "skipped": false
            },
            {
              "title": "Format Submit Test",
              "fullTitle": "Testing  the Short-Term (hourly) Parking cost should be $24.00 daily maximum Format Submit Test",
              "timedOut": null,
              "duration": 541,
              "state": "passed",
              "speed": "slow",
              "pass": true,
              "fail": false,
              "pending": false,
              "context": null,
              "code": "_Submit_Form.onSubmit_Form.Submit();",
              "err": {},
              "uuid": "49bb2e70-68d3-4f3e-aa88-2df61f6f552d",
              "parentUUID": "1f9a16f9-4133-4d2a-b346-22cf849bc67f",
              "isHook": false,
              "skipped": false
            },
            {
              "title": "Check Correct Price Test",
              "fullTitle": "Testing  the Short-Term (hourly) Parking cost should be $24.00 daily maximum Check Correct Price Test",
              "timedOut": null,
              "duration": 1022,
              "state": "passed",
              "speed": "slow",
              "pass": true,
              "fail": false,
              "pending": false,
              "context": null,
              "code": "_Check_Price.onCheck_Price.ShouldBe(\"$ 24.00\");",
              "err": {},
              "uuid": "ada2497d-d0de-4baf-811d-bb4c0947cb79",
              "parentUUID": "1f9a16f9-4133-4d2a-b346-22cf849bc67f",
              "isHook": false,
              "skipped": false
            },
            {
              "title": "Check Correct Date Test",
              "fullTitle": "Testing  the Short-Term (hourly) Parking cost should be $24.00 daily maximum Check Correct Date Test",
              "timedOut": null,
              "duration": 1021,
              "state": "passed",
              "speed": "slow",
              "pass": true,
              "fail": false,
              "pending": false,
              "context": null,
              "code": "_Check_Date.onCheck_Date.CheckDate(\"(0 Days, 12 Hours, 0 Minutes)\");",
              "err": {},
              "uuid": "44058323-bb1b-490e-af11-2dd35e4c446e",
              "parentUUID": "1f9a16f9-4133-4d2a-b346-22cf849bc67f",
              "isHook": false,
              "skipped": false
            }
          ],
          "suites": [],
          "passes": [
            "f3365590-3ef3-4ba1-91a4-060abfe68773",
            "ccee58f8-8eda-4140-8559-c4a1e9382347",
            "a24b4cfb-dd34-4020-978b-9cb5e2f28a5b",
            "715fe2e7-8e39-446f-b41f-f73e0eeb36a1",
            "4cf04cc5-aa7d-46fc-8f66-7b1948b31095",
            "56c1bad0-6d23-41ef-ad2c-648ecd4bc15a",
            "3e82253b-9cb6-43ac-a562-6c6a451855d5",
            "506fce19-cbce-455a-b1da-66e4c08f1de7",
            "49bb2e70-68d3-4f3e-aa88-2df61f6f552d",
            "ada2497d-d0de-4baf-811d-bb4c0947cb79",
            "44058323-bb1b-490e-af11-2dd35e4c446e"
          ],
          "failures": [],
          "pending": [],
          "skipped": [],
          "duration": 12429,
          "root": false,
          "rootEmpty": false,
          "_timeout": 2000
        }
      ],
      "passes": [],
      "failures": [],
      "pending": [],
      "skipped": [],
      "duration": 0,
      "root": true,
      "rootEmpty": true,
      "_timeout": 2000
    }
  ],
  "meta": {
    "mocha": {
      "version": "7.0.1"
    },
    "mochawesome": {
      "options": {
        "quiet": false,
        "reportFilename": "mochawesome",
        "saveHtml": false,
        "saveJson": true,
        "consoleReporter": "spec",
        "useInlineDiffs": false,
        "code": true
      },
      "version": "6.2.2"
    },
    "marge": {
      "options": {
        "id": "default",
        "reportDir": "cypress/results/mochawesome",
        "overwrite": false,
        "html": false,
        "json": true
      },
      "version": "5.2.0"
    }
  }
}